 <<< Combine >>> 
 WARNING --  From combine v7, method Asymptotic has been renamed to AsymptoticLimits
>>> no systematics included
>>> method used is Asymptotic
>>> random number generator seed is 123456
Computing results starting from observation (a-posteriori)
Parameters: 
  1) RooRealVar:: n_exp_binbin1_proc_background = 66275.2
  2) RooRealVar::                             r = 0.2 +/- 2
Obs: 
  1) RooRealVar::         bin = 34.5
  2) RooCategory:: CMS_channel = bin1(idx = 0)

Parameters: 
  1) RooRealVar:: n_exp_binbin1_proc_background = 66275.2
  2) RooRealVar::                             r = 2
Obs: 
  1) RooCategory:: CMS_channel = bin1(idx = 0)

  2) RooRealVar::         bin = 34.825
Parameters: 
  1) RooRealVar:: n_exp_binbin1_proc_background = 66275.2
  2) RooRealVar::                             r = 2
Obs: 
  1) RooRealVar::         bin = 34.5
  2) RooCategory:: CMS_channel = bin1(idx = 0)


 -- AsymptoticLimits ( CLs ) --
Observed Limit: r < 2.6174
Expected  2.5%: r < 0.9844
Expected 16.0%: r < 1.6772
Expected 50.0%: r < 3.0000
Expected 84.0%: r < 5.3199
Expected 97.5%: r < 8.5581

Done in 0.00 min (cpu), 0.00 min (real)
