
correlation factor of L400TeV_CtauAll:  -0.043986579807
129475
correlation factor of L400TeV_CtauAll:  -0.043986579807
7136
correlation factor of L400TeV_Ctau200cm:  -0.0427955965414
4983
correlation factor of L200TeV_Ctau200cm:  -0.0996156988111
536
correlation factor of L100TeV_Ctau200cm:  -0.0733203778241
22505
correlation factor of L200TeV_Ctau0_1cm:  0.00164196467483
22106
correlation factor of L200TeV_Ctau10cm:  -0.0331494077261
612
correlation factor of L200TeV_Ctau10000cm:  -0.112422753069
60316
correlation factor of Data:  -0.00653297760168
6722
correlation factor of NoCorr_L400TeV_Ctau200cm:  -0.0617095087345
4783
correlation factor of NoCorr_L200TeV_Ctau200cm:  -0.106297222923
3260
correlation factor of NoCorr_L100TeV_Ctau200cm:  -0.0698749260047
22305
correlation factor of NoCorr_L200TeV_Ctau0_1cm:  0.00628360144884
21870
correlation factor of NoCorr_L200TeV_Ctau10cm:  -0.0444750658565
603
correlation factor of NoCorr_L200TeV_Ctau10000cm:  -0.120939945063
60882
correlation factor of NoCorr_Data:  -0.00779360630599

