 FCN=75.3829 FROM MIGRAD    STATUS=CONVERGED     656 CALLS         657 TOTAL
                     EDM=5.32561e-07    STRATEGY= 1  ERROR MATRIX UNCERTAINTY   5.1 per cent
  EXT PARAMETER                                   STEP         FIRST   
  NO.   NAME      VALUE            ERROR          SIZE      DERIVATIVE 
   1  p0           7.12160e+03   3.32032e+02  -1.34113e+00  -2.83972e-05
   2  p1           1.15048e-01   3.92266e-03   1.45235e-05  -5.05601e-01
   3  p2           3.53004e-01   5.11081e-03  -6.13004e-05  -8.79123e-02
   4  p3           3.79675e+03   3.43266e+02   1.46015e+00  -1.95415e-05
   5  p4          -2.09511e-02   7.67800e-03   2.69340e-05  -4.51752e-01
   6  p5           5.02040e-01   5.91493e-03  -4.31967e-05  -1.05366e-01
 FCN=66.1716 FROM MIGRAD    STATUS=CONVERGED     464 CALLS         465 TOTAL
                     EDM=7.67271e-07    STRATEGY= 1  ERROR MATRIX UNCERTAINTY   3.9 per cent
  EXT PARAMETER                                   STEP         FIRST   
  NO.   NAME      VALUE            ERROR          SIZE      DERIVATIVE 
   1  p0           8.71595e+02   2.27170e+01  -8.68293e-02  -6.62263e-05
   2  p1          -3.37275e-04   3.85190e-03  -7.36734e-07   2.27179e-01
   3  p2           2.27559e-01   5.97201e-03  -1.07259e-04  -8.30335e-02
   4  p3           4.01957e+02   2.23710e+01   1.41514e-01  -8.92482e-05
   5  p4           1.14300e-02   6.13892e-03  -2.18825e-06  -1.24718e-01
   6  p5           5.38034e-01   9.28837e-03  -6.88217e-05   3.11759e-02
 FCN=50.1305 FROM MIGRAD    STATUS=CONVERGED     492 CALLS         493 TOTAL
                     EDM=9.77989e-07    STRATEGY= 1  ERROR MATRIX UNCERTAINTY   2.1 per cent
  EXT PARAMETER                                   STEP         FIRST   
  NO.   NAME      VALUE            ERROR          SIZE      DERIVATIVE 
   1  p0           9.22811e+02   4.96359e+01   4.85495e-02   5.10278e-05
   2  p1          -4.44867e-03   4.94083e-03  -7.53792e-06   1.19499e-02
   3  p2           1.23588e-01   5.39298e-03   1.04178e-04   7.35149e-02
   4  p3           3.33183e+03   3.50886e+01   3.15426e-02   1.88890e-05
   5  p4          -2.69729e-01   2.93677e-03  -6.26180e-06   6.40574e-01
   6  p5           2.51050e-01   1.21427e-03  -1.41236e-05   2.57368e-01
 FCN=19.5756 FROM MIGRAD    STATUS=CONVERGED     811 CALLS         812 TOTAL
                     EDM=9.21668e-09    STRATEGY= 1      ERROR MATRIX ACCURATE 
  EXT PARAMETER                                   STEP         FIRST   
  NO.   NAME      VALUE            ERROR          SIZE      DERIVATIVE 
   1  p0           3.54398e+02   9.61192e+01   1.60181e-02   5.14273e-06
   2  p1          -2.24902e-03   6.04345e-03   8.54638e-06  -5.20584e-03
   3  p2           1.74604e-01   1.67715e-02   1.97167e-05   8.55070e-04
   4  p3           7.54589e+01   1.00663e+02   9.68978e-03  -7.05936e-07
   5  p4           1.58534e-02   1.98657e-02   2.62120e-05  -4.17707e-03
   6  p5           2.65139e-01   5.68952e-02   3.80430e-05  -2.92204e-03
 FCN=38.287 FROM MIGRAD    STATUS=CALL LIMIT   1789 CALLS        1790 TOTAL
                     EDM=0.000415307    STRATEGY= 1  ERROR MATRIX UNCERTAINTY  12.7 per cent
  EXT PARAMETER                APPROXIMATE        STEP         FIRST   
  NO.   NAME      VALUE            ERROR          SIZE      DERIVATIVE 
   1  p0          -6.58969e+03   5.64938e+03  -4.14946e+01   4.54910e-04
   2  p1          -1.05155e-02   4.92580e-03   2.03674e-05   7.94255e+00
   3  p2           2.77056e-01   8.13903e-03   1.17288e-04  -8.41550e+00
   4  p3           9.49254e+03   5.64736e+03   4.14642e+01   4.78297e-04
   5  p4           6.04762e-03   8.64221e-03  -5.51817e-05  -1.59502e+01
   6  p5           2.92489e-01   4.31891e-03  -8.14349e-05   1.26989e+01
 FCN=62.322 FROM MIGRAD    STATUS=CONVERGED     556 CALLS         557 TOTAL
                     EDM=1.35733e-07    STRATEGY= 1      ERROR MATRIX ACCURATE 
  EXT PARAMETER                                   STEP         FIRST   
  NO.   NAME      VALUE            ERROR          SIZE      DERIVATIVE 
   1  p0           1.76474e+01   1.28759e+01   3.64591e-02   2.70806e-05
   2  p1           3.75357e-02   3.92927e-02   1.51421e-04   3.34751e-03
   3  p2           8.00000e-02   1.71854e-02   1.06707e-03** at limit **
   4  p3           2.38139e+02   6.38745e+00   1.47683e-02   3.30830e-05
   5  p4          -3.85482e-03   5.38125e-03   2.06354e-05  -5.12009e-02
   6  p5           3.34579e-01   4.22913e-03   2.88961e-05  -2.91747e-02
 FCN=85.9475 FROM MIGRAD    STATUS=CONVERGED     852 CALLS         853 TOTAL
                     EDM=1.51339e-08    STRATEGY= 1      ERROR MATRIX ACCURATE 
  EXT PARAMETER                                   STEP         FIRST   
  NO.   NAME      VALUE            ERROR          SIZE      DERIVATIVE 
   1  p0           1.26692e+04   4.31269e+02   1.55421e-01   3.55103e-07
   2  p1           1.12763e-01   2.90932e-03   4.80986e-06  -1.49832e-01
   3  p2           3.53208e-01   3.78830e-03   7.49410e-06  -2.21431e-02
   4  p3           6.37016e+03   4.46817e+02   1.06645e-01   8.07893e-07
   5  p4          -2.32522e-02   5.92866e-03   7.32520e-06  -6.30178e-02
   6  p5           5.04222e-01   4.65531e-03   8.88022e-06  -3.37777e-02
 FCN=98.0279 FROM MIGRAD    STATUS=CONVERGED     507 CALLS         508 TOTAL
                     EDM=6.75957e-07    STRATEGY= 1  ERROR MATRIX UNCERTAINTY   4.1 per cent
  EXT PARAMETER                                   STEP         FIRST   
  NO.   NAME      VALUE            ERROR          SIZE      DERIVATIVE 
   1  p0           4.76915e+03   4.84046e+01  -8.28153e-02   8.20476e-06
   2  p1           5.99635e-03   1.64235e-03  -2.51194e-06   4.08130e-01
   3  p2           2.34025e-01   2.49890e-03   6.57514e-06   1.50517e-01
   4  p3           1.92770e+03   4.81004e+01   3.18958e-02   1.76372e-05
   5  p4           2.72595e-04   2.75982e-03   2.99789e-06   1.75332e-01
   6  p5           5.53050e-01   4.07823e-03   2.15511e-06  -1.72970e-01
 FCN=75.3028 FROM MIGRAD    STATUS=CONVERGED     698 CALLS         699 TOTAL
                     EDM=1.10275e-06    STRATEGY= 1      ERROR MATRIX ACCURATE 
  EXT PARAMETER                                   STEP         FIRST   
  NO.   NAME      VALUE            ERROR          SIZE      DERIVATIVE 
   1  p0           1.78745e+03   7.34411e+01   1.29750e-01   4.82049e-06
   2  p1          -1.71830e-02   3.98270e-03   1.13060e-05  -5.04582e-02
   3  p2           1.30702e-01   4.07274e-03   3.69258e-05  -2.24062e-02
   4  p3           5.62182e+03   5.68245e+01   9.63244e-02  -1.93159e-05
   5  p4          -2.72485e-01   2.61935e-03   4.34243e-06   2.48816e-01
   6  p5           2.49190e-01   9.76944e-04   6.88663e-06   3.07165e-01
 FCN=21.3312 FROM MIGRAD    STATUS=CONVERGED     552 CALLS         553 TOTAL
                     EDM=1.87503e-08    STRATEGY= 1  ERROR MATRIX UNCERTAINTY   2.0 per cent
  EXT PARAMETER                                   STEP         FIRST   
  NO.   NAME      VALUE            ERROR          SIZE      DERIVATIVE 
   1  p0           1.68682e+03   1.61497e+02  -9.84764e-02  -4.77796e-06
   2  p1           6.43948e-03   2.68148e-03  -6.86231e-07   7.63597e-02
   3  p2           1.58715e-01   6.06156e-03   5.81976e-07   1.80912e-02
   4  p3           6.84730e+02   1.69093e+02   8.42511e-02   1.01420e-06
   5  p4          -1.77576e-03   4.52280e-03  -7.17376e-08   2.29492e-02
   6  p5           2.47034e-01   9.99263e-03  -2.18031e-05   2.35424e-02
 FCN=34.0033 FROM MIGRAD    STATUS=CONVERGED     908 CALLS         909 TOTAL
                     EDM=6.62572e-08    STRATEGY= 1  ERROR MATRIX UNCERTAINTY   5.5 per cent
  EXT PARAMETER                                   STEP         FIRST   
  NO.   NAME      VALUE            ERROR          SIZE      DERIVATIVE 
   1  p0          -2.53722e+03   1.34075e+03   9.33337e-01   3.08676e-06
   2  p1          -3.53077e-02   1.59075e-02  -1.43661e-05  -5.81229e-02
   3  p2           2.45954e-01   1.73992e-02  -2.75125e-05  -7.06433e-02
   4  p3           7.54510e+03   1.34894e+03  -9.47295e-01   9.99607e-06
   5  p4           1.88752e-02   5.51082e-03   2.01119e-06   2.68123e-01
   6  p5           2.99465e-01   4.32424e-03   9.42616e-06   3.47056e-01
 FCN=54.2996 FROM MIGRAD    STATUS=CALL LIMIT   1786 CALLS        1787 TOTAL
                     EDM=0.0492546    STRATEGY= 1  ERROR MATRIX UNCERTAINTY  40.4 per cent
  EXT PARAMETER                APPROXIMATE        STEP         FIRST   
  NO.   NAME      VALUE            ERROR          SIZE      DERIVATIVE 
   1  p0           1.25017e+03   1.52266e+02   1.77116e+01   4.78902e-03
   2  p1           3.51596e-03   3.09926e-03  -2.12019e-04  -1.37222e+01
   3  p2           3.23877e-01   7.09919e-03   1.95168e-03  -2.14741e+01
   4  p3           7.73976e+01   1.53516e+02  -1.77081e+01  -3.06467e-03
   5  p4          -2.73014e-02   3.63168e-02  -4.05376e-03  -2.04969e+00
   6  p5           4.09252e-01   5.98400e-02   1.52085e-02  -7.45239e+00
 FCN=129.079 FROM MIGRAD    STATUS=CONVERGED     784 CALLS         785 TOTAL
                     EDM=6.57346e-08    STRATEGY= 1  ERROR MATRIX UNCERTAINTY   2.6 per cent
  EXT PARAMETER                                   STEP         FIRST   
  NO.   NAME      VALUE            ERROR          SIZE      DERIVATIVE 
   1  p0           1.72291e+04   5.05431e+02   5.99482e-01  -3.76743e-06
   2  p1           1.08412e-01   2.47721e-03  -2.73109e-06  -1.25470e-01
   3  p2           3.53012e-01   3.22551e-03   9.08018e-06   1.21232e-01
   4  p3           8.61141e+03   5.23259e+02  -5.77584e-01  -1.08368e-06
   5  p4          -2.74708e-02   5.16877e-03  -1.57073e-06  -7.27429e-02
   6  p5           5.01056e-01   3.90758e-03   6.86188e-06   1.11302e-02
 FCN=226.18 FROM MIGRAD    STATUS=CONVERGED     492 CALLS         493 TOTAL
                     EDM=5.07382e-07    STRATEGY= 1  ERROR MATRIX UNCERTAINTY   1.7 per cent
  EXT PARAMETER                                   STEP         FIRST   
  NO.   NAME      VALUE            ERROR          SIZE      DERIVATIVE 
   1  p0           1.47340e+04   8.69015e+01  -9.88635e-02   1.72053e-05
   2  p1           4.57243e-03   8.86224e-04   5.84299e-06  -5.02296e-01
   3  p2           2.26793e-01   1.36543e-03   1.45456e-05   3.31086e-01
   4  p3           6.03027e+03   8.36142e+01  -1.08082e-01   3.15043e-05
   5  p4           6.46686e-04   1.51242e-03  -3.88240e-06  -4.97855e-01
   6  p5           5.41387e-01   2.32908e-03  -1.38767e-05  -9.28381e-02
 FCN=172.91 FROM MIGRAD    STATUS=CONVERGED     662 CALLS         663 TOTAL
                     EDM=4.14617e-08    STRATEGY= 1  ERROR MATRIX UNCERTAINTY   4.3 per cent
  EXT PARAMETER                                   STEP         FIRST   
  NO.   NAME      VALUE            ERROR          SIZE      DERIVATIVE 
   1  p0          -8.09315e+03   2.03829e+03  -2.52225e+00   7.15226e-07
   2  p1          -2.89194e-01   3.89405e-03   1.93375e-06  -1.36225e-01
   3  p2           1.80058e-01   7.09602e-03   3.21531e-05   7.11368e-02
   4  p3           1.62889e+04   2.05267e+03   2.60093e+00  -4.21624e-07
   5  p4          -2.57483e-01   2.74545e-03  -3.54528e-06   4.05973e-01
   6  p5           2.25398e-01   2.52896e-03  -8.82475e-06  -2.61726e-01
 FCN=24.9169 FROM MIGRAD    STATUS=CONVERGED     869 CALLS         870 TOTAL
                     EDM=1.06004e-09    STRATEGY= 1  ERROR MATRIX UNCERTAINTY   1.3 per cent
  EXT PARAMETER                                   STEP         FIRST   
  NO.   NAME      VALUE            ERROR          SIZE      DERIVATIVE 
   1  p0           5.78050e+03   3.90388e+02  -6.17749e-02  -5.42509e-07
   2  p1           4.40725e-03   1.44108e-03  -6.37134e-09  -1.55876e-02
   3  p2           1.60783e-01   3.51099e-03  -1.11839e-07  -4.62203e-03
   4  p3           2.03017e+03   4.03807e+02   7.12300e-02  -1.35344e-06
   5  p4           4.01404e-03   2.87642e-03  -2.04844e-07  -5.70559e-03
   6  p5           2.36771e-01   6.89588e-03  -8.79601e-06  -1.22436e-02
 FCN=56.4396 FROM MIGRAD    STATUS=CONVERGED     904 CALLS         905 TOTAL
                     EDM=1.56426e-06    STRATEGY= 1      ERROR MATRIX ACCURATE 
  EXT PARAMETER                                   STEP         FIRST   
  NO.   NAME      VALUE            ERROR          SIZE      DERIVATIVE 
   1  p0          -2.86206e+03   1.55782e+03   9.25219e-02  -3.15942e-05
   2  p1          -5.12025e-02   1.69853e-02   9.34862e-06  -2.76920e-01
   3  p2           2.48044e-01   1.90660e-02   1.76730e-05   9.51586e-02
   4  p3           9.74835e+03   1.56669e+03   8.16052e-02  -2.73484e-05
   5  p4           1.42548e-02   6.61628e-03   2.61517e-06   1.44947e+00
   6  p5           3.00228e-01   3.37198e-03   3.97812e-06  -3.49428e-01
 FCN=41.5372 FROM MIGRAD    STATUS=CONVERGED     242 CALLS         243 TOTAL
                     EDM=7.18838e-07    STRATEGY= 1  ERROR MATRIX UNCERTAINTY   1.3 per cent
  EXT PARAMETER                                   STEP         FIRST   
  NO.   NAME      VALUE            ERROR          SIZE      DERIVATIVE 
   1  p0           6.55651e+01   5.44190e+01   1.25142e-02   4.80958e-06
   2  p1          -5.67257e-04   3.20951e-04  -2.01889e-07   3.88163e+00
   3  p2           9.54041e-02   4.08892e-05  -6.66726e-08  -2.95297e+00
   4  p3           4.28301e+03   3.04970e+01   4.39429e-02   1.63805e-05
   5  p4           1.32251e-03   1.23557e-03   5.76512e-07   2.81976e-02
   6  p5           3.27918e-01   1.05340e-03  -1.31671e-06   1.59179e-01
 FCN=108.295 FROM MIGRAD    STATUS=CONVERGED     682 CALLS         683 TOTAL
                     EDM=2.84427e-08    STRATEGY= 1  ERROR MATRIX UNCERTAINTY   3.8 per cent
  EXT PARAMETER                                   STEP         FIRST   
  NO.   NAME      VALUE            ERROR          SIZE      DERIVATIVE 
   1  p0           1.69359e+04   4.64293e+02  -5.36963e-01  -4.61693e-06
   2  p1           1.06349e-01   2.49705e-03   2.59807e-06  -2.06050e-01
   3  p2           3.51323e-01   3.10845e-03  -8.33862e-06  -1.71821e-01
   4  p3           8.17073e+03   4.81528e+02   5.87940e-01  -7.19299e-06
   5  p4          -4.04790e-02   5.44958e-03   5.05194e-06  -4.55158e-02
   6  p5           5.01082e-01   3.80179e-03  -1.10618e-05  -9.77329e-02
 FCN=231.484 FROM MIGRAD    STATUS=CONVERGED     552 CALLS         553 TOTAL
                     EDM=3.23767e-07    STRATEGY= 1  ERROR MATRIX UNCERTAINTY   1.7 per cent
  EXT PARAMETER                                   STEP         FIRST   
  NO.   NAME      VALUE            ERROR          SIZE      DERIVATIVE 
   1  p0           1.65057e+04   9.26651e+01  -1.28325e-01  -9.05483e-06
   2  p1           1.22117e-03   8.51418e-04  -1.97212e-06   6.03239e-02
   3  p2           2.26496e-01   1.32006e-03  -5.11801e-06  -4.11059e-01
   4  p3           6.70495e+03   9.02694e+01   6.93588e-02  -3.21480e-05
   5  p4          -1.45300e-03   1.47634e-03   4.17020e-06  -4.90397e-01
   6  p5           5.40849e-01   2.28640e-03  -1.05768e-05  -1.06467e-01
 FCN=108.083 FROM MIGRAD    STATUS=CONVERGED     586 CALLS         587 TOTAL
                     EDM=1.59706e-06    STRATEGY= 1      ERROR MATRIX ACCURATE 
  EXT PARAMETER                                   STEP         FIRST   
  NO.   NAME      VALUE            ERROR          SIZE      DERIVATIVE 
   1  p0          -3.68315e+03   6.20604e+02   1.83452e-01   4.61327e-06
   2  p1          -2.88322e-01   4.01727e-03   1.01712e-05   1.19614e-02
   3  p2           1.58790e-01   8.51922e-03   2.93521e-05  -1.84176e-01
   4  p3           1.17829e+04   6.38237e+02   1.43081e-01   2.32964e-05
   5  p4          -2.48897e-01   1.76096e-03   2.99792e-06   1.25792e+00
   6  p5           2.31204e-01   1.70861e-03   5.30372e-06   9.57942e-01
 FCN=41.1532 FROM MIGRAD    STATUS=CONVERGED     659 CALLS         660 TOTAL
                     EDM=1.86322e-08    STRATEGY= 1  ERROR MATRIX UNCERTAINTY   1.7 per cent
  EXT PARAMETER                                   STEP         FIRST   
  NO.   NAME      VALUE            ERROR          SIZE      DERIVATIVE 
   1  p0           6.14836e+03   2.13883e+02   3.31161e-02  -2.59408e-02
   2  p1           7.42399e-03   1.44852e-03   3.50151e-07  -1.69743e+02
   3  p2           1.54458e-01   2.48288e-03   8.47533e-06   6.93306e+01
   4  p3           2.78118e+03   2.43367e+02  -4.32089e-02  -2.66549e-02
   5  p4           1.88690e-03   2.45782e-03   7.56121e-09  -5.79777e+02
   6  p5           2.25749e-01   2.29828e-03   2.19219e-06  -3.72435e+02
 FCN=38.6801 FROM MIGRAD    STATUS=CONVERGED    1045 CALLS        1046 TOTAL
                     EDM=9.2742e-09    STRATEGY= 1      ERROR MATRIX ACCURATE 
  EXT PARAMETER                                   STEP         FIRST   
  NO.   NAME      VALUE            ERROR          SIZE      DERIVATIVE 
   1  p0          -2.06527e+03   1.03549e+03   7.94367e-02   1.85109e-06
   2  p1          -1.89061e-02   1.52073e-02   1.08333e-05   2.71241e-02
   3  p2           2.35638e-01   2.05825e-02   2.16111e-05  -1.18165e-03
   4  p3           8.78168e+03   1.04570e+03   6.70012e-02   1.16579e-06
   5  p4           3.65284e-02   4.12939e-03   2.36971e-06  -1.42804e-01
   6  p5           2.99207e-01   3.29611e-03   3.58860e-06   1.73444e-02
 FCN=65.783 FROM MIGRAD    STATUS=CONVERGED     248 CALLS         249 TOTAL
                     EDM=5.65708e-09    STRATEGY= 1  ERROR MATRIX UNCERTAINTY   1.2 per cent
  EXT PARAMETER                                   STEP         FIRST   
  NO.   NAME      VALUE            ERROR          SIZE      DERIVATIVE 
   1  p0          -6.64799e-01   5.77866e+01   4.14583e-02   1.46181e-07
   2  p1           3.14094e-03   4.24079e-04  -1.72375e-07   4.68061e-01
   3  p2           9.54615e-02   4.06600e-05   8.92069e-08   2.84337e-02
   4  p3           4.85413e+03   3.29330e+01  -3.05149e-02  -8.14093e-07
   5  p4           1.68443e-02   1.15625e-03   2.42692e-07   1.88516e-02
   6  p5           3.25583e-01   1.00454e-03   1.12511e-06   4.21820e-02
 FCN=101.53 FROM MIGRAD    STATUS=CONVERGED     728 CALLS         729 TOTAL
                     EDM=1.2467e-08    STRATEGY= 1  ERROR MATRIX UNCERTAINTY   1.8 per cent
  EXT PARAMETER                                   STEP         FIRST   
  NO.   NAME      VALUE            ERROR          SIZE      DERIVATIVE 
   1  p0           1.49990e+04   4.40240e+02  -7.21641e-01  -8.36020e-07
   2  p1           1.03661e-01   2.66599e-03   2.98347e-06  -5.83016e-02
   3  p2           3.52196e-01   3.31882e-03  -1.27908e-05   5.19446e-02
   4  p3           7.04026e+03   4.56801e+02   7.69457e-01   2.23057e-06
   5  p4          -4.31172e-02   5.92273e-03   9.36501e-06  -5.00665e-02
   6  p5           5.02262e-01   4.22724e-03  -1.20616e-05   5.22062e-02
 FCN=321.471 FROM MIGRAD    STATUS=CONVERGED     520 CALLS         521 TOTAL
                     EDM=2.26119e-07    STRATEGY= 1  ERROR MATRIX UNCERTAINTY   3.0 per cent
  EXT PARAMETER                                   STEP         FIRST   
  NO.   NAME      VALUE            ERROR          SIZE      DERIVATIVE 
   1  p0           1.52185e+04   9.18863e+01   1.96137e-01   6.10444e-06
   2  p1          -4.14084e-04   8.96889e-04  -4.00128e-07   2.10699e-02
   3  p2           2.28348e-01   1.44947e-03   2.18851e-06  -2.53652e-01
   4  p3           6.17375e+03   9.20762e+01  -1.79961e-01  -9.77167e-06
   5  p4          -3.74359e-03   1.55980e-03   2.15210e-06  -9.17688e-02
   6  p5           5.40097e-01   2.48948e-03   1.48101e-05  -1.18069e-01
 FCN=63.5982 FROM MIGRAD    STATUS=CONVERGED     532 CALLS         533 TOTAL
                     EDM=6.10893e-09    STRATEGY= 1  ERROR MATRIX UNCERTAINTY   2.5 per cent
  EXT PARAMETER                                   STEP         FIRST   
  NO.   NAME      VALUE            ERROR          SIZE      DERIVATIVE 
   1  p0          -3.05299e+03   5.08275e+02  -2.36805e-01  -7.37383e-07
   2  p1          -2.80776e-01   4.06090e-03   1.62307e-06  -3.54226e-02
   3  p2           1.56722e-01   8.13614e-03   3.56988e-06  -8.44768e-03
   4  p3           1.02093e+04   5.19430e+02   2.01327e-01   2.82708e-07
   5  p4          -2.50254e-01   1.25876e-03  -7.47095e-08   1.04002e-01
   6  p5           2.31414e-01   1.77285e-03  -1.64934e-06   3.51546e-02
 FCN=14.8642 FROM MIGRAD    STATUS=CONVERGED     653 CALLS         654 TOTAL
                     EDM=4.88682e-07    STRATEGY= 1  ERROR MATRIX UNCERTAINTY   1.4 per cent
  EXT PARAMETER                                   STEP         FIRST   
  NO.   NAME      VALUE            ERROR          SIZE      DERIVATIVE 
   1  p0           6.68297e+03   3.27929e+02  -1.78821e+00  -5.23056e-06
   2  p1           6.48488e-03   1.22034e-03   4.80931e-06  -1.63632e-01
   3  p2           1.59577e-01   2.87081e-03  -9.06906e-05  -2.40733e-01
   4  p3           1.62523e+03   3.41604e+02   2.12912e+00  -4.44071e-06
   5  p4          -3.09890e-03   3.40290e-03   2.37875e-06   9.05947e-02
   6  p5           2.41896e-01   7.92888e-03  -1.22934e-04   9.81609e-02
 FCN=59.2212 FROM MIGRAD    STATUS=FAILED        424 CALLS         425 TOTAL
                     EDM=578.231    STRATEGY= 1      ERR MATRIX NOT POS-DEF
  EXT PARAMETER                APPROXIMATE        STEP         FIRST   
  NO.   NAME      VALUE            ERROR          SIZE      DERIVATIVE 
   1  p0          -2.76630e+02   3.87612e+04  -0.00000e+00   5.88056e-03
   2  p1          -4.36667e-02   4.00385e+04  -0.00000e+00   1.95929e+01
   3  p2           1.28349e-01   4.60562e-01   0.00000e+00  -2.23270e+01
   4  p3           6.22478e+03   2.18344e+01  -0.00000e+00  -3.24492e-02
   5  p4           5.06529e-02   4.00385e+04   0.00000e+00  -4.32380e+02
   6  p5           3.08106e-01   4.72318e-01  -0.00000e+00   7.43838e+01
 FCN=58.6631 FROM MIGRAD    STATUS=CONVERGED     774 CALLS         775 TOTAL
                     EDM=4.60867e-07    STRATEGY= 1      ERROR MATRIX ACCURATE 
  EXT PARAMETER                                   STEP         FIRST   
  NO.   NAME      VALUE            ERROR          SIZE      DERIVATIVE 
   1  p0           1.47885e+02   6.42546e+01   1.05638e-01  -1.17085e-05
   2  p1          -8.40165e-02   4.46076e-02   1.37998e-04  -8.82388e-03
   3  p2           1.45297e-01   5.07076e-02   4.32147e-04  -1.07931e-03
   4  p3           4.38260e+03   6.02130e+01   6.20101e-02  -5.69836e-06
   5  p4           2.25332e-02   1.60151e-03   4.62181e-06  -4.78408e-01
   6  p5           3.28176e-01   1.33618e-03   6.59472e-06   4.02627e-02
 FCN=92.2916 FROM MIGRAD    STATUS=CONVERGED     687 CALLS         688 TOTAL
                     EDM=1.28907e-09    STRATEGY= 1  ERROR MATRIX UNCERTAINTY   1.0 per cent
  EXT PARAMETER                                   STEP         FIRST   
  NO.   NAME      VALUE            ERROR          SIZE      DERIVATIVE 
   1  p0           1.25690e+04   4.29525e+02  -1.38024e-01  -8.67427e-07
   2  p1           1.02434e-01   3.03517e-03   1.90035e-07   2.79648e-02
   3  p2           3.48761e-01   3.79918e-03  -2.73134e-07  -6.84101e-05
   4  p3           6.62408e+03   4.45315e+02   9.46585e-02  -5.28915e-07
   5  p4          -4.42545e-02   6.12476e-03   1.68868e-06  -8.46625e-03
   6  p5           4.96840e-01   4.31586e-03  -1.36834e-06   1.90604e-02
 FCN=207.725 FROM MIGRAD    STATUS=CONVERGED     570 CALLS         571 TOTAL
                     EDM=5.37036e-07    STRATEGY= 1  ERROR MATRIX UNCERTAINTY   3.3 per cent
  EXT PARAMETER                                   STEP         FIRST   
  NO.   NAME      VALUE            ERROR          SIZE      DERIVATIVE 
   1  p0           1.38159e+04   8.52114e+01  -5.07246e-01   7.14714e-06
   2  p1          -4.04432e-03   9.33576e-04   6.60004e-06   5.44489e-01
   3  p2           2.27778e-01   1.46498e-03  -1.89694e-05  -2.32778e-02
   4  p3           5.47519e+03   8.36477e+01   3.81229e-01  -2.44903e-05
   5  p4          -6.64329e-03   1.71663e-03  -6.10986e-07   3.94030e-01
   6  p5           5.44358e-01   2.62331e-03  -1.74417e-05  -5.25150e-01
 FCN=58.4913 FROM MIGRAD    STATUS=CONVERGED     747 CALLS         748 TOTAL
                     EDM=2.19108e-07    STRATEGY= 1      ERROR MATRIX ACCURATE 
  EXT PARAMETER                                   STEP         FIRST   
  NO.   NAME      VALUE            ERROR          SIZE      DERIVATIVE 
   1  p0          -3.19724e+03   9.17784e+02   1.15937e-01   1.53062e-05
   2  p1          -2.76348e-01   4.61791e-03   7.65550e-06   1.25197e-03
   3  p2           1.66846e-01   1.17327e-02   2.06800e-05  -7.26467e-02
   4  p3           9.46888e+03   9.35321e+02   9.33399e-02   2.13427e-05
   5  p4          -2.48349e-01   2.26171e-03   2.41453e-06   2.15731e-01
   6  p5           2.28437e-01   2.62493e-03   4.30163e-06   2.86697e-01
 FCN=16.5578 FROM MIGRAD    STATUS=CONVERGED     810 CALLS         811 TOTAL
                     EDM=1.52986e-08    STRATEGY= 1      ERROR MATRIX ACCURATE 
  EXT PARAMETER                                   STEP         FIRST   
  NO.   NAME      VALUE            ERROR          SIZE      DERIVATIVE 
   1  p0           5.99289e+03   2.62869e+02   6.49676e-02   2.60581e-06
   2  p1           7.22936e-03   1.27072e-03   1.87551e-06  -3.50617e-03
   3  p2           1.58209e-01   2.77050e-03   4.72504e-06   8.52935e-03
   4  p3           1.45220e+03   2.75394e+02   3.86404e-02   1.10601e-06
   5  p4          -2.66996e-03   3.33944e-03   5.01078e-06  -1.08094e-02
   6  p5           2.45399e-01   7.61946e-03   7.48286e-06  -1.62130e-02
 FCN=27.0803 FROM MIGRAD    STATUS=CONVERGED     676 CALLS         677 TOTAL
                     EDM=3.6239e-06    STRATEGY= 1      ERROR MATRIX ACCURATE 
  EXT PARAMETER                                   STEP         FIRST   
  NO.   NAME      VALUE            ERROR          SIZE      DERIVATIVE 
   1  p0          -9.15547e+02   5.30239e+02   5.90535e-02  -1.88317e-05
   2  p1          -3.44001e-02   2.29473e-02   1.77366e-05   2.37989e-02
   3  p2           2.29999e-01   2.86150e-02   3.60898e-05   3.57835e-02
   4  p3           6.10105e+03   5.36655e+02   4.88436e-02  -3.29089e-05
   5  p4           3.78576e-02   4.36075e-03   2.47205e-06  -8.53956e-01
   6  p5           3.01749e-01   2.73080e-03   3.70017e-06   5.26902e-02
 FCN=74.4484 FROM MIGRAD    STATUS=CONVERGED     248 CALLS         249 TOTAL
                     EDM=8.93743e-07    STRATEGY= 1  ERROR MATRIX UNCERTAINTY   1.5 per cent
  EXT PARAMETER                                   STEP         FIRST   
  NO.   NAME      VALUE            ERROR          SIZE      DERIVATIVE 
   1  p0          -1.37438e+01   5.26729e+01  -1.52425e-02  -8.87946e-06
   2  p1           5.15730e-03   4.31092e-04  -3.15266e-07   3.87962e+00
   3  p2           9.54452e-02   4.57883e-05  -1.14466e-07   7.18433e-01
   4  p3           4.01831e+03   2.99793e+01   1.87732e-03  -4.12085e-05
   5  p4           1.17961e-02   1.26949e-03   1.14871e-06   6.16515e-01
   6  p5           3.24894e-01   1.09887e-03  -1.81875e-06  -2.96254e-01
 FCN=94.2017 FROM MIGRAD    STATUS=CONVERGED     791 CALLS         792 TOTAL
                     EDM=5.59677e-08    STRATEGY= 1      ERROR MATRIX ACCURATE 
  EXT PARAMETER                                   STEP         FIRST   
  NO.   NAME      VALUE            ERROR          SIZE      DERIVATIVE 
   1  p0           1.09123e+04   3.92380e+02   1.53287e-01   3.87731e-06
   2  p1           9.56802e-02   3.12871e-03   5.46182e-06  -1.38815e-01
   3  p2           3.48929e-01   4.06272e-03   8.57799e-06  -2.64018e-02
   4  p3           5.74807e+03   4.07117e+02   1.04575e-01   1.82527e-06
   5  p4          -4.21451e-02   6.03440e-03   7.95955e-06   3.57990e-02
   6  p5           5.02680e-01   4.82380e-03   9.67425e-06  -7.45406e-02
 FCN=228.436 FROM MIGRAD    STATUS=CONVERGED     486 CALLS         487 TOTAL
                     EDM=1.37038e-07    STRATEGY= 1  ERROR MATRIX UNCERTAINTY   1.2 per cent
  EXT PARAMETER                                   STEP         FIRST   
  NO.   NAME      VALUE            ERROR          SIZE      DERIVATIVE 
   1  p0           1.21307e+04   8.33791e+01   6.06983e-02  -2.88479e-07
   2  p1          -6.37247e-03   1.01824e-03   3.11021e-06  -3.38873e-01
   3  p2           2.26728e-01   1.58959e-03   3.55890e-06  -1.47488e-01
   4  p3           5.06750e+03   8.08754e+01  -1.74288e-01  -1.83312e-05
   5  p4          -1.18034e-02   1.72059e-03  -7.73276e-06   1.72134e-01
   6  p5           5.41677e-01   2.71066e-03   1.72345e-05  -1.16509e-01
 FCN=75.3464 FROM MIGRAD    STATUS=CONVERGED     569 CALLS         570 TOTAL
                     EDM=8.16416e-07    STRATEGY= 1  ERROR MATRIX UNCERTAINTY   3.3 per cent
  EXT PARAMETER                                   STEP         FIRST   
  NO.   NAME      VALUE            ERROR          SIZE      DERIVATIVE 
   1  p0          -2.04121e+03   4.54287e+02  -4.07466e-01  -3.00730e-05
   2  p1          -2.81163e-01   4.62497e-03  -4.61431e-06  -2.93984e-02
   3  p2           1.53244e-01   1.20873e-02   1.55433e-05   2.28782e-02
   4  p3           7.53445e+03   4.69898e+02   3.71987e-01  -2.91847e-05
   5  p4          -2.49624e-01   1.78132e-03  -1.76378e-06   1.29755e+00
   6  p5           2.31222e-01   2.13056e-03  -3.95019e-06  -4.35626e-02
 FCN=22.8754 FROM MIGRAD    STATUS=CONVERGED     572 CALLS         573 TOTAL
                     EDM=1.50268e-07    STRATEGY= 1  ERROR MATRIX UNCERTAINTY   0.9 per cent
  EXT PARAMETER                                   STEP         FIRST   
  NO.   NAME      VALUE            ERROR          SIZE      DERIVATIVE 
   1  p0           4.61604e+03   3.43873e+02  -4.67068e-01  -3.32927e-06
   2  p1           4.08422e-03   1.63898e-03  -3.94492e-06  -2.34749e-01
   3  p2           1.47096e-01   3.93598e-03  -3.56706e-05  -5.73508e-02
   4  p3           2.23645e+03   3.56831e+02   5.66045e-01  -1.37198e-05
   5  p4           2.27713e-03   2.43805e-03  -2.03856e-06   5.88365e-02
   6  p5           2.23120e-01   5.52060e-03  -2.15098e-05  -1.55968e-01
 FCN=40.4584 FROM MIGRAD    STATUS=CONVERGED    1106 CALLS        1107 TOTAL
                     EDM=9.09363e-07    STRATEGY= 1      ERROR MATRIX ACCURATE 
  EXT PARAMETER                                   STEP         FIRST   
  NO.   NAME      VALUE            ERROR          SIZE      DERIVATIVE 
   1  p0          -2.36880e+03   4.12309e+03   6.23681e-02  -4.32450e-05
   2  p1          -4.28619e-03   2.49896e-02   7.80929e-06  -1.34842e-01
   3  p2           2.60923e-01   3.61081e-02   1.39549e-05   9.28879e-02
   4  p3           6.92080e+03   4.13056e+03   5.65714e-02  -4.42395e-05
   5  p4           2.69902e-02   1.14858e-02   2.52325e-06   3.77699e-01
   6  p5           2.95960e-01   9.16507e-03   3.86824e-06  -8.88079e-02
 FCN=64.8328 FROM MIGRAD    STATUS=CONVERGED     454 CALLS         455 TOTAL
                     EDM=7.11274e-09    STRATEGY= 1  ERROR MATRIX UNCERTAINTY   2.2 per cent
  EXT PARAMETER                                   STEP         FIRST   
  NO.   NAME      VALUE            ERROR          SIZE      DERIVATIVE 
   1  p0           8.38509e+01   5.00750e+01  -1.22830e-02   1.81025e-07
   2  p1          -6.26092e-02   3.60975e-02   3.64625e-06   2.45165e-03
   3  p2           8.00000e-02   1.73814e-02   1.47639e-04** at limit **
   4  p3           3.61490e+03   2.55290e+01   1.27415e-02  -4.38440e-06
   5  p4           8.23872e-03   1.37398e-03  -6.24130e-07   2.79086e-02
   6  p5           3.24113e-01   1.08338e-03   3.11379e-07  -1.22060e-02
 FCN=102.309 FROM MIGRAD    STATUS=CONVERGED     894 CALLS         895 TOTAL
                     EDM=3.08292e-08    STRATEGY= 1  ERROR MATRIX UNCERTAINTY   1.5 per cent
  EXT PARAMETER                                   STEP         FIRST   
  NO.   NAME      VALUE            ERROR          SIZE      DERIVATIVE 
   1  p0           9.92097e+03   3.52433e+02  -1.00910e-01   2.60128e-06
   2  p1           8.60890e-02   3.10172e-03   2.10453e-07   1.99340e-02
   3  p2           3.56103e-01   4.05424e-03  -2.08359e-06   9.13478e-02
   4  p3           4.61591e+03   3.66222e+02   1.24601e-01   5.72603e-06
   5  p4          -5.19587e-02   6.85768e-03   4.58567e-06  -1.92473e-02
   6  p5           5.10724e-01   5.40000e-03  -3.40846e-06   5.19176e-02
 FCN=190.993 FROM MIGRAD    STATUS=CONVERGED     507 CALLS         508 TOTAL
                     EDM=5.07086e-08    STRATEGY= 1  ERROR MATRIX UNCERTAINTY   3.8 per cent
  EXT PARAMETER                                   STEP         FIRST   
  NO.   NAME      VALUE            ERROR          SIZE      DERIVATIVE 
   1  p0           1.10141e+04   7.73773e+01   8.92179e-02   3.58509e-06
   2  p1          -8.72212e-03   1.04583e-03   9.18693e-07  -8.45228e-02
   3  p2           2.27639e-01   1.69636e-03   6.08653e-06   1.37695e-01
   4  p3           4.50059e+03   7.62847e+01  -9.30192e-02   6.03670e-06
   5  p4          -1.37308e-02   1.84466e-03   5.17554e-07  -7.90970e-02
   6  p5           5.40673e-01   2.85150e-03   9.32577e-06  -5.11250e-02
 FCN=50.8858 FROM MIGRAD    STATUS=CONVERGED     713 CALLS         714 TOTAL
                     EDM=1.04668e-07    STRATEGY= 1      ERROR MATRIX ACCURATE 
  EXT PARAMETER                                   STEP         FIRST   
  NO.   NAME      VALUE            ERROR          SIZE      DERIVATIVE 
   1  p0          -2.02741e+03   4.82491e+02   9.80304e-02   4.41124e-06
   2  p1          -2.75567e-01   4.98380e-03   9.80562e-06   4.99497e-03
   3  p2           1.57681e-01   1.13703e-02   2.83046e-05   6.07675e-04
   4  p3           6.79378e+03   4.94102e+02   7.57562e-02   5.09155e-06
   5  p4          -2.49854e-01   1.85009e-03   2.72874e-06   3.10351e-01
   6  p5           2.29518e-01   2.35572e-03   4.81674e-06   1.09918e-02
 FCN=39.1637 FROM MIGRAD    STATUS=CONVERGED     695 CALLS         696 TOTAL
                     EDM=9.68531e-08    STRATEGY= 1  ERROR MATRIX UNCERTAINTY   3.9 per cent
  EXT PARAMETER                                   STEP         FIRST   
  NO.   NAME      VALUE            ERROR          SIZE      DERIVATIVE 
   1  p0           4.51660e+03   3.49120e+02  -1.09361e+00   4.28864e-06
   2  p1           4.82865e-03   1.53450e-03  -1.76493e-06  -3.19864e-01
   3  p2           1.50693e-01   4.25306e-03  -4.76602e-05  -8.65931e-03
   4  p3           1.58872e+03   3.65168e+02   1.15825e+00   9.10405e-06
   5  p4           1.28062e-04   3.00429e-03   5.07194e-06  -1.08134e-01
   6  p5           2.29134e-01   8.21954e-03  -7.85751e-05   8.01666e-02
 FCN=29.3312 FROM MIGRAD    STATUS=CONVERGED     627 CALLS         628 TOTAL
                     EDM=5.26325e-07    STRATEGY= 1      ERROR MATRIX ACCURATE 
  EXT PARAMETER                                   STEP         FIRST   
  NO.   NAME      VALUE            ERROR          SIZE      DERIVATIVE 
   1  p0          -4.92742e+02   2.21558e+02   6.19757e-02  -1.82300e-05
   2  p1          -1.17615e-02   2.13893e-02   3.02925e-05   3.04144e-02
   3  p2           1.87105e-01   3.69360e-02   7.59841e-05   4.97684e-03
   4  p3           4.39744e+03   2.32085e+02   4.41103e-02  -2.95080e-05
   5  p4           3.30703e-02   1.91017e-03   3.10789e-06  -5.95108e-01
   6  p5           3.02978e-01   2.76619e-03   4.58364e-06  -1.11415e-01
 FCN=58.0699 FROM MIGRAD    STATUS=CONVERGED     300 CALLS         301 TOTAL
                     EDM=1.39257e-07    STRATEGY= 1  ERROR MATRIX UNCERTAINTY   1.2 per cent
  EXT PARAMETER                                   STEP         FIRST   
  NO.   NAME      VALUE            ERROR          SIZE      DERIVATIVE 
   1  p0           7.47351e+01   4.72619e+01  -1.24770e-01  -6.99908e-06
   2  p1          -1.94314e-02   5.97340e-02  -4.81010e-04  -5.55766e-02
   3  p2           9.52621e-02   3.79784e-04   2.56478e-05  -1.00292e+00
   4  p3           3.20490e+03   2.67148e+01   5.75898e-02  -7.73737e-06
   5  p4           4.44436e-03   1.44533e-03  -4.98452e-06   3.61331e-01
   6  p5           3.23891e-01   1.21224e-03  -6.73104e-06  -1.75487e-02
 FCN=105.713 FROM MIGRAD    STATUS=CONVERGED     763 CALLS         764 TOTAL
                     EDM=5.66078e-07    STRATEGY= 1      ERROR MATRIX ACCURATE 
  EXT PARAMETER                                   STEP         FIRST   
  NO.   NAME      VALUE            ERROR          SIZE      DERIVATIVE 
   1  p0           8.41690e+03   3.27200e+02   1.42952e-01  -8.92372e-06
   2  p1           8.95554e-02   3.45180e-03   6.60386e-06  -8.14481e-02
   3  p2           3.48694e-01   4.54803e-03   1.04288e-05  -4.07497e-01
   4  p3           4.50868e+03   3.40072e+02   9.72834e-02  -2.24467e-05
   5  p4          -5.68410e-02   7.00832e-03   9.50635e-06  -2.11537e-01
   6  p5           5.04049e-01   5.09923e-03   1.15410e-05  -1.93509e-01
 FCN=216.424 FROM MIGRAD    STATUS=CONVERGED     491 CALLS         492 TOTAL
                     EDM=3.02408e-07    STRATEGY= 1  ERROR MATRIX UNCERTAINTY   2.0 per cent
  EXT PARAMETER                                   STEP         FIRST   
  NO.   NAME      VALUE            ERROR          SIZE      DERIVATIVE 
   1  p0           1.00964e+04   7.17475e+01   1.05485e-02  -2.31865e-06
   2  p1          -1.25055e-02   1.06238e-03   1.90640e-06  -2.60105e-01
   3  p2           2.27640e-01   1.71709e-03   5.47456e-06  -6.51231e-02
   4  p3           3.92792e+03   7.05145e+01  -8.59856e-02   8.90852e-06
   5  p4          -1.89530e-02   1.77178e-03   1.28101e-06  -6.23920e-01
   6  p5           5.48201e-01   3.08433e-03   9.25772e-06   1.67913e-01
 FCN=54.2473 FROM MIGRAD    STATUS=CONVERGED     682 CALLS         683 TOTAL
                     EDM=2.90418e-07    STRATEGY= 1      ERROR MATRIX ACCURATE 
  EXT PARAMETER                                   STEP         FIRST   
  NO.   NAME      VALUE            ERROR          SIZE      DERIVATIVE 
   1  p0          -1.34953e+03   2.73667e+02   1.00082e-01   6.69380e-06
   2  p1          -2.84058e-01   5.97074e-03   1.40989e-05  -1.09350e-01
   3  p2           1.45664e-01   1.17231e-02   4.46484e-05  -1.76170e-02
   4  p3           5.61475e+03   2.82248e+02   7.33802e-02   1.25435e-05
   5  p4          -2.53325e-01   1.69062e-03   3.17206e-06   5.57578e-02
   6  p5           2.30458e-01   1.98953e-03   5.55934e-06   1.83873e-01
 FCN=13.5562 FROM MIGRAD    STATUS=CONVERGED     962 CALLS         963 TOTAL
                     EDM=6.01355e-07    STRATEGY= 1      ERROR MATRIX ACCURATE 
  EXT PARAMETER                                   STEP         FIRST   
  NO.   NAME      VALUE            ERROR          SIZE      DERIVATIVE 
   1  p0           4.26812e+03   2.69225e+02   5.13374e-02  -1.18966e-05
   2  p1           4.12599e-03   1.54760e-03   2.03961e-06  -1.32548e-01
   3  p2           1.54696e-01   3.56272e-03   5.25306e-06  -1.97846e-02
   4  p3           1.19638e+03   2.80683e+02   3.19080e-02   8.05526e-07
   5  p4          -5.07936e-03   3.75937e-03   4.85911e-06   9.48118e-02
   6  p5           2.33590e-01   8.37394e-03   7.41541e-06   1.30852e-01
 FCN=31.0602 FROM MIGRAD    STATUS=CONVERGED     372 CALLS         373 TOTAL
                     EDM=6.60039e-10    STRATEGY= 1  ERROR MATRIX UNCERTAINTY   1.5 per cent
  EXT PARAMETER                                   STEP         FIRST   
  NO.   NAME      VALUE            ERROR          SIZE      DERIVATIVE 
   1  p0          -2.07864e+02   5.23847e+01  -5.29535e-02  -5.53010e-07
   2  p1          -2.42783e-02   2.20209e-02  -1.30354e-07   1.22666e-03
   3  p2           1.03216e-01   2.96440e-02  -1.27641e-04   9.98136e-05
   4  p3           3.70110e+03   4.51433e+01   1.34078e-02  -2.58377e-07
   5  p4           3.32556e-02   1.39023e-03  -1.16761e-08  -2.17156e-03
   6  p5           3.02445e-01   1.27788e-03  -9.55937e-07   1.76973e-02
 FCN=57.1654 FROM MIGRAD    STATUS=CONVERGED     746 CALLS         747 TOTAL
                     EDM=2.43186e-08    STRATEGY= 1      ERROR MATRIX ACCURATE 
  EXT PARAMETER                                   STEP         FIRST   
  NO.   NAME      VALUE            ERROR          SIZE      DERIVATIVE 
   1  p0           7.12651e+01   4.21396e+01   1.14623e-01  -1.75434e-06
   2  p1          -1.22133e-01   4.31294e-02   1.56875e-04   4.54170e-03
   3  p2           8.00000e-02   4.86272e-02   1.72858e-03** at limit **
   4  p3           2.89854e+03   2.21210e+01   5.00371e-02  -3.33209e-06
   5  p4           6.66051e-03   1.57290e-03   5.55152e-06   3.41781e-02
   6  p5           3.22188e-01   1.18312e-03   8.03061e-06   6.73928e-03
 FCN=68.9147 FROM MIGRAD    STATUS=CONVERGED     761 CALLS         762 TOTAL
                     EDM=5.23285e-08    STRATEGY= 1      ERROR MATRIX ACCURATE 
  EXT PARAMETER                                   STEP         FIRST   
  NO.   NAME      VALUE            ERROR          SIZE      DERIVATIVE 
   1  p0           7.25415e+03   3.40880e+02   1.09124e-01  -3.87781e-06
   2  p1           8.91634e-02   4.10555e-03   5.85625e-06  -4.16541e-02
   3  p2           3.48545e-01   5.21982e-03   9.22521e-06  -2.38257e-02
   4  p3           4.21844e+03   3.53382e+02   7.54060e-02  -3.91328e-06
   5  p4          -5.42982e-02   7.42560e-03   7.85123e-06  -9.48171e-02
   6  p5           4.99112e-01   5.52365e-03   9.57163e-06  -3.97633e-02
 FCN=186.801 FROM MIGRAD    STATUS=CONVERGED     458 CALLS         459 TOTAL
                     EDM=2.79973e-08    STRATEGY= 1  ERROR MATRIX UNCERTAINTY   1.9 per cent
  EXT PARAMETER                                   STEP         FIRST   
  NO.   NAME      VALUE            ERROR          SIZE      DERIVATIVE 
   1  p0           8.96411e+03   6.95084e+01   2.27923e-02  -2.72605e-06
   2  p1          -1.38860e-02   1.15271e-03   3.74545e-06   9.04112e-02
   3  p2           2.24012e-01   1.81441e-03   1.49741e-06   4.57348e-02
   4  p3           3.75158e+03   6.80614e+01  -2.96058e-02   7.84982e-06
   5  p4          -1.58643e-02   1.98164e-03  -3.82406e-06   9.07337e-02
   6  p5           5.39218e-01   3.05380e-03   3.06719e-06   7.65666e-02
 FCN=50.8322 FROM MIGRAD    STATUS=CONVERGED    1043 CALLS        1044 TOTAL
                     EDM=1.45009e-07    STRATEGY= 1      ERROR MATRIX ACCURATE 
  EXT PARAMETER                                   STEP         FIRST   
  NO.   NAME      VALUE            ERROR          SIZE      DERIVATIVE 
   1  p0          -3.90324e+03   4.81489e+03   7.67352e-02  -7.18155e-06
   2  p1          -2.80151e-01   1.08678e-02   4.50108e-06   1.44494e-02
   3  p2           1.93171e-01   2.15055e-02   1.00646e-05  -8.89132e-03
   4  p3           7.78783e+03   4.82664e+03   6.91185e-02  -6.53757e-06
   5  p4          -2.60732e-01   7.54060e-03   2.14773e-06   6.99022e-02
   6  p5           2.23101e-01   8.25262e-03   3.95305e-06   1.01505e-01
 FCN=16.8648 FROM MIGRAD    STATUS=CONVERGED     712 CALLS         713 TOTAL
                     EDM=2.38668e-08    STRATEGY= 1      ERROR MATRIX ACCURATE 
  EXT PARAMETER                                   STEP         FIRST   
  NO.   NAME      VALUE            ERROR          SIZE      DERIVATIVE 
   1  p0           4.01357e+03   2.08338e+02   5.55944e-02   1.97941e-06
   2  p1           4.65093e-03   1.54647e-03   2.29772e-06  -8.01717e-02
   3  p2           1.50685e-01   3.31334e-03   6.10443e-06   2.91477e-02
   4  p3           1.05923e+03   2.19157e+02   3.26180e-02   4.89780e-06
   5  p4          -7.44295e-03   3.71035e-03   5.64204e-06   2.71518e-02
   6  p5           2.37878e-01   8.29490e-03   8.60436e-06   1.32495e-02
 FCN=29.6059 FROM MIGRAD    STATUS=CALL LIMIT   1794 CALLS        1795 TOTAL
                     EDM=0.0079598    STRATEGY= 1  ERROR MATRIX UNCERTAINTY  19.0 per cent
  EXT PARAMETER                APPROXIMATE        STEP         FIRST   
  NO.   NAME      VALUE            ERROR          SIZE      DERIVATIVE 
   1  p0          -5.28011e+03   2.06009e+03  -1.07681e+02  -5.36877e-03
   2  p1          -2.55017e-02   9.96042e-03   6.19218e-05   1.29195e+02
   3  p2           2.77903e-01   3.95496e-03   4.36097e-04   8.47425e+01
   4  p3           8.42073e+03   2.05838e+03   1.07566e+02  -6.65608e-03
   5  p4          -2.27018e-03   6.23190e-03  -2.66402e-04  -2.26974e+02
   6  p5           2.91084e-01   2.77670e-03  -1.93797e-04  -1.67997e+02
 FCN=47.125 FROM MIGRAD    STATUS=CONVERGED     930 CALLS         931 TOTAL
                     EDM=5.70576e-08    STRATEGY= 1      ERROR MATRIX ACCURATE 
  EXT PARAMETER                                   STEP         FIRST   
  NO.   NAME      VALUE            ERROR          SIZE      DERIVATIVE 
   1  p0           7.52340e+02   8.84453e+02   4.97363e-02   1.88136e-05
   2  p1           4.39135e-02   4.37651e-02   2.03079e-05  -3.76371e-03
   3  p2           2.74658e-01   4.24980e-02   3.47452e-05   2.24071e-02
   4  p3           1.94423e+03   8.91606e+02   4.17657e-02   2.47456e-05
   5  p4          -1.33576e-02   1.24863e-02   6.91221e-06  -3.25900e-02
   6  p5           3.34507e-01   1.26191e-02   9.50275e-06   7.70335e-02
 FCN=89.2826 FROM MIGRAD    STATUS=CONVERGED     778 CALLS         779 TOTAL
                     EDM=1.01728e-08    STRATEGY= 1      ERROR MATRIX ACCURATE 
  EXT PARAMETER                                   STEP         FIRST   
  NO.   NAME      VALUE            ERROR          SIZE      DERIVATIVE 
   1  p0           6.49847e+03   3.21882e+02   1.16746e-01   2.97629e-06
   2  p1           8.43253e-02   4.25570e-03   7.02055e-06   1.98498e-02
   3  p2           3.50293e-01   5.51902e-03   1.10476e-05  -2.57468e-03
   4  p3           3.73263e+03   3.33577e+02   8.08279e-02   1.76896e-06
   5  p4          -5.99836e-02   8.08842e-03   9.53136e-06   1.99200e-02
   6  p5           5.00195e-01   5.80426e-03   1.15881e-05  -1.72845e-02
 FCN=157.776 FROM MIGRAD    STATUS=CONVERGED     490 CALLS         491 TOTAL
                     EDM=4.1275e-07    STRATEGY= 1  ERROR MATRIX UNCERTAINTY   1.9 per cent
  EXT PARAMETER                                   STEP         FIRST   
  NO.   NAME      VALUE            ERROR          SIZE      DERIVATIVE 
   1  p0           8.25487e+03   6.38260e+01   4.74222e-02  -7.74461e-06
   2  p1          -1.59400e-02   1.20706e-03  -6.37830e-07   3.74092e-01
   3  p2           2.27700e-01   1.81009e-03   5.93492e-06  -8.54531e-02
   4  p3           3.26807e+03   5.91976e+01  -8.11044e-02  -1.83435e-05
   5  p4          -2.44073e-02   2.16870e-03   3.14760e-06   3.82757e-02
   6  p5           5.44888e-01   3.07412e-03  -3.96083e-06   1.25141e-01
 FCN=66.375 FROM MIGRAD    STATUS=CONVERGED     568 CALLS         569 TOTAL
                     EDM=2.33595e-07    STRATEGY= 1  ERROR MATRIX UNCERTAINTY   2.0 per cent
  EXT PARAMETER                                   STEP         FIRST   
  NO.   NAME      VALUE            ERROR          SIZE      DERIVATIVE 
   1  p0          -1.12401e+03   4.73846e+02   2.24010e-02  -9.36831e-06
   2  p1          -2.88705e-01   7.63659e-03  -2.98572e-06   8.66333e-02
   3  p2           1.56986e-01   2.23620e-02  -1.05208e-05  -2.54041e-02
   4  p3           4.59249e+03   4.91912e+02  -3.64009e-02  -1.08860e-06
   5  p4          -2.54014e-01   3.19253e-03  -1.15063e-06   9.96214e-02
   6  p5           2.29230e-01   3.17047e-03   1.52280e-06   1.81035e-01
 FCN=19.0497 FROM MIGRAD    STATUS=CONVERGED     595 CALLS         596 TOTAL
                     EDM=7.45123e-07    STRATEGY= 1  ERROR MATRIX UNCERTAINTY   1.4 per cent
  EXT PARAMETER                                   STEP         FIRST   
  NO.   NAME      VALUE            ERROR          SIZE      DERIVATIVE 
   1  p0           3.07494e+03   2.74098e+02  -1.98929e-01   3.85809e-05
   2  p1           4.55608e-03   2.11873e-03  -6.77024e-06   3.00400e-01
   3  p2           1.39843e-01   4.94559e-03  -2.37022e-05   2.39302e-01
   4  p3           1.59325e+03   2.87808e+02   2.98205e-01   7.91348e-05
   5  p4          -4.78323e-03   2.72625e-03   1.55359e-05  -4.90434e-03
   6  p5           2.18048e-01   6.50262e-03  -2.06064e-05   3.94398e-01
 FCN=48.3865 FROM MIGRAD    STATUS=CONVERGED     699 CALLS         700 TOTAL
                     EDM=9.53277e-08    STRATEGY= 1  ERROR MATRIX UNCERTAINTY   4.7 per cent
  EXT PARAMETER                                   STEP         FIRST   
  NO.   NAME      VALUE            ERROR          SIZE      DERIVATIVE 
   1  p0          -3.33955e+02   5.68670e+02   1.15490e-01  -1.56204e-05
   2  p1          -3.97676e-02   7.51108e-02  -6.74437e-05  -2.66375e-02
   3  p2           2.39522e-01   6.39238e-02  -3.22203e-05   1.20759e-04
   4  p3           3.18346e+03   5.73912e+02  -1.17371e-01  -8.48658e-06
   5  p4           2.28698e-02   5.74945e-03  -3.05848e-06   3.52592e-01
   6  p5           3.00510e-01   5.22506e-03   3.68436e-06   2.48818e-02
 FCN=33.2427 FROM MIGRAD    STATUS=CONVERGED    1052 CALLS        1053 TOTAL
                     EDM=4.3841e-08    STRATEGY= 1  ERROR MATRIX UNCERTAINTY   3.3 per cent
  EXT PARAMETER                                   STEP         FIRST   
  NO.   NAME      VALUE            ERROR          SIZE      DERIVATIVE 
   1  p0           8.47329e+02   1.52395e+03  -1.19967e+00  -1.28362e-05
   2  p1           7.84037e-04   1.33346e-02   3.63873e-06  -2.69428e-02
   3  p2           2.80250e-01   5.81800e-02  -1.14451e-04  -6.35292e-03
   4  p3           1.60080e+03   1.53025e+03   1.20048e+00  -1.11360e-05
   5  p4          -5.27484e-03   8.93288e-03   3.73013e-06  -8.04507e-02
   6  p5           3.37475e-01   2.56413e-02  -5.06832e-05   4.74805e-02
 FCN=101.315 FROM MIGRAD    STATUS=CONVERGED     850 CALLS         851 TOTAL
                     EDM=6.78477e-09    STRATEGY= 1      ERROR MATRIX ACCURATE 
  EXT PARAMETER                                   STEP         FIRST   
  NO.   NAME      VALUE            ERROR          SIZE      DERIVATIVE 
   1  p0           9.55615e+03   3.64645e+02   1.48559e-01  -3.70954e-07
   2  p1           8.25744e-02   3.54031e-03   6.08302e-06  -8.49187e-02
   3  p2           3.51598e-01   4.34179e-03   9.52512e-06  -1.89450e-02
   4  p3           5.17228e+03   3.78227e+02   1.02105e-01  -1.93197e-07
   5  p4          -7.19540e-02   7.03475e-03   8.73107e-06  -3.54612e-02
   6  p5           5.03319e-01   4.83019e-03   1.06505e-05  -1.82439e-02
 FCN=235.47 FROM MIGRAD    STATUS=CONVERGED     519 CALLS         520 TOTAL
                     EDM=1.67046e-09    STRATEGY= 1  ERROR MATRIX UNCERTAINTY   4.3 per cent
  EXT PARAMETER                                   STEP         FIRST   
  NO.   NAME      VALUE            ERROR          SIZE      DERIVATIVE 
   1  p0           1.20828e+04   8.08022e+01  -5.58256e-02  -4.88964e-07
   2  p1          -1.71403e-02   9.91795e-04  -1.18897e-06  -8.41582e-03
   3  p2           2.24601e-01   1.56475e-03  -3.20382e-06  -2.48141e-02
   4  p3           5.02480e+03   7.93647e+01   7.91448e-02  -3.40942e-06
   5  p4          -2.25079e-02   1.71334e-03  -4.98559e-07   6.81452e-03
   6  p5           5.39943e-01   2.68464e-03  -5.25299e-06  -2.95740e-02
 FCN=48.9117 FROM MIGRAD    STATUS=CONVERGED     527 CALLS         528 TOTAL
                     EDM=2.91516e-07    STRATEGY= 1  ERROR MATRIX UNCERTAINTY   2.8 per cent
  EXT PARAMETER                                   STEP         FIRST   
  NO.   NAME      VALUE            ERROR          SIZE      DERIVATIVE 
   1  p0          -1.14774e+03   3.11729e+02   1.84054e-01   2.57048e-05
   2  p1          -2.87668e-01   7.93966e-03   9.23635e-06   6.62724e-02
   3  p2           1.49602e-01   1.50188e-02  -7.81379e-05  -3.62683e-02
   4  p3           6.14419e+03   3.20669e+02  -2.06118e-01   3.03588e-05
   5  p4          -2.55735e-01   1.61372e-03   2.64219e-06  -8.68095e-01
   6  p5           2.31306e-01   1.99497e-03   2.68802e-06   1.37372e-01
 FCN=18.5364 FROM MIGRAD    STATUS=CONVERGED     916 CALLS         917 TOTAL
                     EDM=7.05931e-07    STRATEGY= 1      ERROR MATRIX ACCURATE 
  EXT PARAMETER                                   STEP         FIRST   
  NO.   NAME      VALUE            ERROR          SIZE      DERIVATIVE 
   1  p0           5.01318e+03   3.27779e+02   6.91217e-02   5.01634e-07
   2  p1           2.37739e-03   1.50019e-03   2.23052e-06   4.09943e-01
   3  p2           1.45526e-01   3.48175e-03   6.19027e-06  -3.49732e-03
   4  p3           1.83591e+03   3.41457e+02   4.35249e-02   1.44567e-05
   5  p4          -8.93743e-03   2.89696e-03   4.23328e-06   6.05236e-02
   6  p5           2.21581e-01   6.50975e-03   6.82705e-06   2.67513e-01
 FCN=43.0569 FROM MIGRAD    STATUS=CALL LIMIT   1792 CALLS        1793 TOTAL
                     EDM=0.00305384    STRATEGY= 1  ERROR MATRIX UNCERTAINTY  20.3 per cent
  EXT PARAMETER                APPROXIMATE        STEP         FIRST   
  NO.   NAME      VALUE            ERROR          SIZE      DERIVATIVE 
   1  p0          -8.49797e+03   7.97316e+03  -2.13182e+02  -2.14251e-03
   2  p1          -1.00639e-02   9.83229e-03   1.68255e-04   2.60782e+01
   3  p2           2.81080e-01   5.89970e-03   4.26341e-04   4.16255e+01
   4  p3           1.25427e+04   7.97185e+03   2.13150e+02  -2.30278e-03
   5  p4           1.47160e-03   5.70413e-03  -8.93371e-05  -3.63512e+01
   6  p5           2.90082e-01   4.02048e-03  -1.30399e-04  -6.60941e+01
 FCN=47.73 FROM MIGRAD    STATUS=CONVERGED     768 CALLS         769 TOTAL
                     EDM=2.4356e-07    STRATEGY= 1      ERROR MATRIX ACCURATE 
  EXT PARAMETER                                   STEP         FIRST   
  NO.   NAME      VALUE            ERROR          SIZE      DERIVATIVE 
   1  p0           5.17666e+02   7.85180e+02   6.18640e-02  -1.52779e-05
   2  p1          -3.16899e-03   2.13586e-02   3.53288e-05  -5.75825e-05
   3  p2           2.52879e-01   6.92751e-02   6.65703e-05  -2.80873e-03
   4  p3           3.06671e+03   7.94111e+02   4.94502e-02  -1.20789e-05
   5  p4          -4.59439e-03   3.08201e-03   5.16666e-06   1.18550e-01
   6  p5           3.28064e-01   8.81495e-03   7.22650e-06   1.40002e-01
 FCN=105.92 FROM MIGRAD    STATUS=CONVERGED     682 CALLS         683 TOTAL
                     EDM=3.38826e-08    STRATEGY= 1  ERROR MATRIX UNCERTAINTY   2.8 per cent
  EXT PARAMETER                                   STEP         FIRST   
  NO.   NAME      VALUE            ERROR          SIZE      DERIVATIVE 
   1  p0           8.82934e+03   3.84449e+02   2.81572e-01  -1.48450e-06
   2  p1           7.83831e-02   3.74380e-03  -6.95275e-06  -9.28233e-02
   3  p2           3.50074e-01   4.87015e-03  -1.98657e-06  -1.82729e-02
   4  p3           5.45265e+03   3.98978e+02  -9.96596e-02  -2.74053e-06
   5  p4          -6.61481e-02   6.57089e-03   8.43644e-06   6.13357e-02
   6  p5           5.02449e-01   4.92588e-03   1.42069e-05  -2.01895e-02
 FCN=299.284 FROM MIGRAD    STATUS=CONVERGED     467 CALLS         468 TOTAL
                     EDM=3.78326e-09    STRATEGY= 1  ERROR MATRIX UNCERTAINTY   1.2 per cent
  EXT PARAMETER                                   STEP         FIRST   
  NO.   NAME      VALUE            ERROR          SIZE      DERIVATIVE 
   1  p0           1.20792e+04   8.17595e+01   1.02412e-02   2.02464e-06
   2  p1          -2.12656e-02   9.96089e-04   5.64042e-07   1.62924e-02
   3  p2           2.24845e-01   1.60776e-03  -3.45307e-06   1.13734e-02
   4  p3           5.08634e+03   8.07237e+01   6.17922e-03   1.27880e-06
   5  p4          -2.45805e-02   1.69583e-03  -4.49063e-08  -3.07962e-02
   6  p5           5.39404e-01   2.67174e-03   7.95904e-08  -5.01107e-03
 FCN=50.7069 FROM MIGRAD    STATUS=CONVERGED    1132 CALLS        1133 TOTAL
                     EDM=6.81911e-08    STRATEGY= 1      ERROR MATRIX ACCURATE 
  EXT PARAMETER                                   STEP         FIRST   
  NO.   NAME      VALUE            ERROR          SIZE      DERIVATIVE 
   1  p0          -5.49963e+03   6.41157e+03   8.56869e-02  -4.36301e-06
   2  p1          -2.87608e-01   1.06248e-02   3.54557e-06   1.87403e-01
   3  p2           1.93183e-01   1.76037e-02   7.87800e-06  -1.10663e-02
   4  p3           1.03825e+04   6.42171e+03   7.79667e-02  -4.51351e-06
   5  p4          -2.69189e-01   6.58226e-03   1.79619e-06  -3.78978e-01
   6  p5           2.20088e-01   7.66515e-03   3.34125e-06   1.11809e-01
 FCN=26.7677 FROM MIGRAD    STATUS=CONVERGED     632 CALLS         633 TOTAL
                     EDM=1.38189e-08    STRATEGY= 1  ERROR MATRIX UNCERTAINTY   2.8 per cent
  EXT PARAMETER                                   STEP         FIRST   
  NO.   NAME      VALUE            ERROR          SIZE      DERIVATIVE 
   1  p0           5.07183e+03   3.15441e+02  -6.92923e-01  -2.52385e-06
   2  p1           7.07313e-04   1.52948e-03   5.73981e-06   1.27596e-02
   3  p2           1.42089e-01   3.39269e-03  -3.18583e-05   2.82443e-02
   4  p3           1.93532e+03   3.29173e+02   7.45428e-01   9.08757e-07
   5  p4          -1.42362e-02   2.79910e-03   1.98123e-06   3.26580e-02
   6  p5           2.19386e-01   6.05263e-03  -4.28490e-05   3.89620e-02
 FCN=37.4308 FROM MIGRAD    STATUS=CALL LIMIT   1787 CALLS        1788 TOTAL
                     EDM=0.00166649    STRATEGY= 1      ERR MATRIX NOT POS-DEF
  EXT PARAMETER                APPROXIMATE        STEP         FIRST   
  NO.   NAME      VALUE            ERROR          SIZE      DERIVATIVE 
   1  p0          -5.09549e+03   4.26138e+03  -1.21050e+02  -1.27628e-03
   2  p1          -1.70472e-02   7.98732e-03   6.52880e-05  -8.45431e+00
   3  p2           2.71113e-01   9.02626e-03   7.48854e-04   3.32964e+01
   4  p3           9.04006e+03   4.26396e+03   1.21561e+02  -1.58406e-03
   5  p4          -1.67770e-03   5.47615e-03  -1.58378e-04   8.56137e-01
   6  p5           2.88097e-01   4.09639e-03  -2.18979e-04  -6.31025e+01
 FCN=51.4023 FROM MIGRAD    STATUS=CONVERGED     215 CALLS         216 TOTAL
                     EDM=8.28633e-07    STRATEGY= 1  ERROR MATRIX UNCERTAINTY   1.1 per cent
  EXT PARAMETER                                   STEP         FIRST   
  NO.   NAME      VALUE            ERROR          SIZE      DERIVATIVE 
   1  p0           1.25222e+02   5.03746e+01   1.76203e-01  -5.65656e-06
   2  p1          -1.50850e-02   3.35907e-04  -1.75047e-07   4.09897e+00
   3  p2           9.50900e-02   4.82357e-05   5.60632e-07  -3.03894e+00
   4  p3           3.53572e+03   2.86201e+01  -1.14747e-01  -1.45046e-05
   5  p4          -1.56158e-02   1.34829e-03   1.91107e-06  -1.03659e-01
   6  p5           3.20706e-01   1.17075e-03   3.58958e-06   7.56118e-02
 FCN=80.1984 FROM MIGRAD    STATUS=CONVERGED     660 CALLS         661 TOTAL
                     EDM=2.18157e-09    STRATEGY= 1  ERROR MATRIX UNCERTAINTY   2.3 per cent
  EXT PARAMETER                                   STEP         FIRST   
  NO.   NAME      VALUE            ERROR          SIZE      DERIVATIVE 
   1  p0           8.78375e+03   3.33766e+02   1.82381e-01   9.48954e-07
   2  p1           6.87411e-02   3.49198e-03  -1.43859e-06   7.58206e-04
   3  p2           3.56639e-01   4.43813e-03   2.90319e-06   2.78505e-03
   4  p3           4.37276e+03   3.46512e+02  -1.58888e-01   1.67191e-06
   5  p4          -8.15167e-02   7.42437e-03  -1.11961e-06  -1.94112e-02
   6  p5           5.15064e-01   5.59001e-03   4.59661e-06   1.39821e-02
 FCN=302.432 FROM MIGRAD    STATUS=CONVERGED     534 CALLS         535 TOTAL
                     EDM=8.82866e-09    STRATEGY= 1  ERROR MATRIX UNCERTAINTY   1.4 per cent
  EXT PARAMETER                                   STEP         FIRST   
  NO.   NAME      VALUE            ERROR          SIZE      DERIVATIVE 
   1  p0           1.16108e+04   7.79163e+01  -3.04622e-02  -9.14408e-07
   2  p1          -2.18070e-02   9.96188e-04   1.65126e-06   2.57199e-02
   3  p2           2.24973e-01   1.60729e-03   3.54690e-06  -2.35982e-02
   4  p3           4.73193e+03   7.71592e+01  -3.23237e-02  -6.33184e-06
   5  p4          -2.74374e-02   1.70443e-03   3.97976e-07  -7.44861e-02
   6  p5           5.40211e-01   2.79806e-03   3.12349e-06  -5.14608e-02
 FCN=54.7349 FROM MIGRAD    STATUS=CONVERGED    1075 CALLS        1076 TOTAL
                     EDM=4.32324e-07    STRATEGY= 1      ERROR MATRIX ACCURATE 
  EXT PARAMETER                                   STEP         FIRST   
  NO.   NAME      VALUE            ERROR          SIZE      DERIVATIVE 
   1  p0          -4.39080e+03   5.14089e+03   8.64839e-02   5.44382e-06
   2  p1          -2.91279e-01   1.08869e-02   4.41857e-06  -1.72044e-01
   3  p2           1.89710e-01   1.98666e-02   1.00021e-05  -2.04839e-01
   4  p3           8.90780e+03   5.15337e+03   7.78765e-02   1.16297e-05
   5  p4          -2.72013e-01   6.65079e-03   2.07256e-06   6.74723e-01
   6  p5           2.19101e-01   7.64862e-03   3.85254e-06   5.58504e-01
 FCN=17.1519 FROM MIGRAD    STATUS=CONVERGED     784 CALLS         785 TOTAL
                     EDM=2.63623e-09    STRATEGY= 1      ERROR MATRIX ACCURATE 
  EXT PARAMETER                                   STEP         FIRST   
  NO.   NAME      VALUE            ERROR          SIZE      DERIVATIVE 
   1  p0           5.07215e+03   2.64649e+02   6.70581e-02   7.23483e-07
   2  p1           8.22442e-04   1.45206e-03   2.06946e-06  -1.96227e-04
   3  p2           1.40899e-01   3.02252e-03   5.94770e-06   1.93216e-02
   4  p3           1.65881e+03   2.77798e+02   4.05179e-02   2.10026e-06
   5  p4          -1.54225e-02   2.98762e-03   4.26899e-06  -1.13475e-02
   6  p5           2.20658e-01   6.14933e-03   6.89288e-06   6.17659e-03
 FCN=64.173 FROM MIGRAD    STATUS=CALL LIMIT   1784 CALLS        1785 TOTAL
                     EDM=0.00407967    STRATEGY= 1      ERR MATRIX NOT POS-DEF
  EXT PARAMETER                APPROXIMATE        STEP         FIRST   
  NO.   NAME      VALUE            ERROR          SIZE      DERIVATIVE 
   1  p0          -1.26561e+04   5.52926e+03   4.34928e+01  -2.24352e-03
   2  p1          -1.81099e-02   5.00849e-03  -5.14095e-05  -1.11418e+02
   3  p2           2.73457e-01   2.95365e-03  -1.41702e-05   2.62105e+01
   4  p3           1.62583e+04   5.51994e+03  -4.34690e+01  -2.24125e-03
   5  p4          -1.14581e-02   4.02180e-03  -1.86102e-05   1.49962e+02
   6  p5           2.81674e-01   2.66547e-03   6.47144e-05  -3.82468e+01
 FCN=46.6628 FROM MIGRAD    STATUS=CONVERGED     874 CALLS         875 TOTAL
                     EDM=3.45503e-07    STRATEGY= 1  ERROR MATRIX UNCERTAINTY   7.4 per cent
  EXT PARAMETER                                   STEP         FIRST   
  NO.   NAME      VALUE            ERROR          SIZE      DERIVATIVE 
   1  p0           2.99048e+02   1.98572e+02   1.38507e-01   7.04561e-06
   2  p1           4.94838e-02   4.01719e-02  -1.16429e-05  -2.22279e-03
   3  p2           2.23356e-01   4.52688e-02   1.18102e-04   5.55476e-03
   4  p3           3.11989e+03   2.00905e+02  -1.57227e-01   1.30844e-05
   5  p4          -2.07732e-02   3.06270e-03  -3.41961e-06   3.17509e-01
   6  p5           3.25241e-01   2.96156e-03   5.84675e-06   2.55207e-01
 FCN=1095.78 FROM MIGRAD    STATUS=FAILED        337 CALLS         338 TOTAL
                     EDM=6.25838e+11    STRATEGY= 1      ERR MATRIX NOT POS-DEF
  EXT PARAMETER                APPROXIMATE        STEP         FIRST   
  NO.   NAME      VALUE            ERROR          SIZE      DERIVATIVE 
   1  p0           1.42233e+03   1.90259e+02  -0.00000e+00   4.25130e-02
   2  p1           3.38993e-02   9.85818e+01   0.00000e+00  -3.13514e+03
   3  p2           1.34792e-01   8.84886e-01   0.00000e+00  -4.38731e+02
   4  p3           1.10526e+04   3.20406e+01   0.00000e+00   2.08953e-01
   5  p4           5.91875e-03   6.63986e+01  -0.00000e+00  -2.94819e+02
   6  p5           4.33730e-01   5.35680e-01  -0.00000e+00   8.70110e+02
 FCN=255.487 FROM MIGRAD    STATUS=CONVERGED     472 CALLS         473 TOTAL
                     EDM=8.38452e-08    STRATEGY= 1  ERROR MATRIX UNCERTAINTY   2.8 per cent
  EXT PARAMETER                                   STEP         FIRST   
  NO.   NAME      VALUE            ERROR          SIZE      DERIVATIVE 
   1  p0           1.09431e+04   7.52015e+01  -8.56871e-03  -7.30054e-06
   2  p1          -1.94679e-02   1.03668e-03   1.11864e-06  -1.84377e-01
   3  p2           2.18597e-01   1.61607e-03   5.11129e-06  -2.82924e-02
   4  p3           4.71284e+03   7.34993e+01  -5.63903e-02  -8.50378e-06
   5  p4          -2.39457e-02   1.61734e-03  -6.57902e-07  -2.22412e-01
   6  p5           5.31315e-01   2.61824e-03   4.54620e-06  -7.40003e-02
 FCN=48.9402 FROM MIGRAD    STATUS=CONVERGED    1101 CALLS        1102 TOTAL
                     EDM=1.39116e-06    STRATEGY= 1      ERROR MATRIX ACCURATE 
  EXT PARAMETER                                   STEP         FIRST   
  NO.   NAME      VALUE            ERROR          SIZE      DERIVATIVE 
   1  p0          -3.09039e+03   3.09958e+03   7.95554e-02   2.87095e-05
   2  p1          -2.94650e-01   1.22756e-02   5.71123e-06  -5.14306e-01
   3  p2           1.86955e-01   2.04360e-02   1.31485e-05  -1.41531e-01
   4  p3           7.30006e+03   3.11150e+03   7.04288e-02   3.76035e-05
   5  p4          -2.69996e-01   6.26069e-03   2.28542e-06   1.52160e+00
   6  p5           2.21300e-01   6.49347e-03   4.18447e-06   1.77463e-01
 FCN=18.508 FROM MIGRAD    STATUS=CONVERGED     658 CALLS         659 TOTAL
                     EDM=7.01006e-07    STRATEGY= 1  ERROR MATRIX UNCERTAINTY   1.2 per cent
  EXT PARAMETER                                   STEP         FIRST   
  NO.   NAME      VALUE            ERROR          SIZE      DERIVATIVE 
   1  p0           5.21722e+03   2.09255e+02  -1.48045e-01  -6.33355e-06
   2  p1           1.51219e-03   1.25847e-03   2.21003e-07   1.00576e+00
   3  p2           1.37123e-01   2.67675e-03  -6.55710e-05   2.03232e-01
   4  p3           1.38287e+03   2.23152e+02   6.01942e-01   4.17575e-06
   5  p4          -1.38600e-02   3.12402e-03   3.70587e-07   3.77637e-01
   6  p5           2.22750e-01   6.24715e-03  -7.51447e-05   9.51208e-02
 FCN=54.4782 FROM MIGRAD    STATUS=CALL LIMIT   1788 CALLS        1789 TOTAL
                     EDM=0.00172355    STRATEGY= 1  ERROR MATRIX UNCERTAINTY  14.0 per cent
  EXT PARAMETER                APPROXIMATE        STEP         FIRST   
  NO.   NAME      VALUE            ERROR          SIZE      DERIVATIVE 
   1  p0          -8.76290e+03   8.70235e+03  -7.94099e+01   3.11447e-04
   2  p1          -1.04856e-02   5.61764e-03  -4.21811e-05  -2.49346e+01
   3  p2           2.75970e-01   6.59982e-03   1.78687e-04   2.25181e+01
   4  p3           1.21541e+04   8.70754e+03   7.95616e+01   2.63845e-04
   5  p4          -3.47059e-03   6.56328e-03  -6.67097e-05   2.87726e+01
   6  p5           2.84357e-01   3.18086e-03  -1.59106e-05  -3.30661e+01
 FCN=33.626 FROM MIGRAD    STATUS=CONVERGED     233 CALLS         234 TOTAL
                     EDM=8.09983e-08    STRATEGY= 1  ERROR MATRIX UNCERTAINTY   1.2 per cent
  EXT PARAMETER                                   STEP         FIRST   
  NO.   NAME      VALUE            ERROR          SIZE      DERIVATIVE 
   1  p0           1.27703e+01   4.83263e+01   5.89107e-02   2.51226e-07
   2  p1          -1.49216e-02   3.83821e-04   1.04390e-07  -1.46089e+00
   3  p2           9.45554e-02   5.04302e-05  -1.27940e-07   9.43668e-02
   4  p3           3.25077e+03   2.77233e+01  -6.77869e-03   1.52339e-06
   5  p4          -1.32715e-02   1.39035e-03   5.79782e-07  -8.56212e-03
   6  p5           3.14664e-01   1.19577e-03  -9.95794e-07  -2.50831e-02
 FCN=98.2873 FROM MIGRAD    STATUS=CONVERGED     892 CALLS         893 TOTAL
                     EDM=1.63662e-07    STRATEGY= 1  ERROR MATRIX UNCERTAINTY   2.2 per cent
  EXT PARAMETER                                   STEP         FIRST   
  NO.   NAME      VALUE            ERROR          SIZE      DERIVATIVE 
   1  p0           6.57772e+03   3.48887e+02   4.72994e-02   6.18622e-06
   2  p1           6.45216e-02   4.42782e-03  -4.80056e-06   1.52311e-01
   3  p2           3.54106e-01   5.62851e-03  -7.66037e-07   1.52987e-01
   4  p3           3.79481e+03   3.62146e+02  -9.13824e-02   1.00395e-05
   5  p4          -7.91392e-02   8.72780e-03   6.45486e-06   1.64526e-01
   6  p5           4.96362e-01   5.85269e-03   9.51789e-06   7.16788e-02
 FCN=245.098 FROM MIGRAD    STATUS=CONVERGED     493 CALLS         494 TOTAL
                     EDM=6.96392e-07    STRATEGY= 1  ERROR MATRIX UNCERTAINTY   2.7 per cent
  EXT PARAMETER                                   STEP         FIRST   
  NO.   NAME      VALUE            ERROR          SIZE      DERIVATIVE 
   1  p0           9.73159e+03   6.93997e+01   1.08647e-01  -2.33953e-05
   2  p1          -1.54985e-02   1.05023e-03  -9.82126e-07  -6.02737e-02
   3  p2           2.17900e-01   1.66529e-03   1.61626e-05  -7.88489e-02
   4  p3           3.79982e+03   6.65750e+01  -2.95178e-01  -3.76048e-05
   5  p4          -2.30374e-02   1.94125e-03  -4.77483e-06   2.19114e-01
   6  p5           5.38209e-01   3.06099e-03   2.12590e-05  -2.95923e-01
 FCN=34.1878 FROM MIGRAD    STATUS=CALL LIMIT   1780 CALLS        1781 TOTAL
                     EDM=0.000916692    STRATEGY= 1  ERROR MATRIX UNCERTAINTY  26.3 per cent
  EXT PARAMETER                APPROXIMATE        STEP         FIRST   
  NO.   NAME      VALUE            ERROR          SIZE      DERIVATIVE 
   1  p0          -1.17769e+04   6.27713e+03  -6.47614e+00  -1.00379e-03
   2  p1          -2.83391e-01   3.54945e-03  -1.80703e-06  -3.00404e+01
   3  p2           2.00938e-01   3.62881e-03   8.17150e-06   1.63912e+01
   4  p3           1.51599e+04   6.26918e+03   6.32297e+00  -1.03268e-03
   5  p4          -2.75599e-01   3.10691e-03  -6.01010e-07   3.82161e+01
   6  p5           2.10819e-01   2.20910e-03   6.81760e-06  -1.99967e+01
 FCN=20.6712 FROM MIGRAD    STATUS=CONVERGED     722 CALLS         723 TOTAL
                     EDM=8.17313e-07    STRATEGY= 1      ERROR MATRIX ACCURATE 
  EXT PARAMETER                                   STEP         FIRST   
  NO.   NAME      VALUE            ERROR          SIZE      DERIVATIVE 
   1  p0           4.54779e+03   1.59645e+02   6.60026e-02  -1.38225e-06
   2  p1           6.54563e-03   1.23123e-03   2.17457e-06  -6.39082e-01
   3  p2           1.37250e-01   2.38484e-03   6.30947e-06  -2.03726e-02
   4  p3           8.73486e+02   1.68475e+02   3.52243e-02   2.58316e-05
   5  p4          -5.73331e-03   3.96087e-03   6.89943e-06  -1.02645e-01
   6  p5           2.28007e-01   8.33081e-03   1.09615e-05   1.86543e-01
 FCN=43.2822 FROM MIGRAD    STATUS=CALL LIMIT   1794 CALLS        1795 TOTAL
                     EDM=0.000977806    STRATEGY= 1  ERROR MATRIX UNCERTAINTY  24.4 per cent
  EXT PARAMETER                APPROXIMATE        STEP         FIRST   
  NO.   NAME      VALUE            ERROR          SIZE      DERIVATIVE 
   1  p0          -5.46562e+03   6.67047e+03  -1.65429e+02   1.58676e-03
   2  p1          -3.35943e-02   1.03870e-02   1.80989e-04   2.93093e+01
   3  p2           2.73283e-01   9.26200e-03   5.98179e-04   5.93914e+00
   4  p3           8.18019e+03   6.67047e+03   1.65793e+02   1.46724e-03
   5  p4          -1.94240e-02   9.64504e-03  -1.72468e-04  -4.99918e+01
   6  p5           2.84006e-01   4.39006e-03  -2.01935e-04  -8.86811e+00
 FCN=44.119 FROM MIGRAD    STATUS=CONVERGED     438 CALLS         439 TOTAL
                     EDM=1.90867e-07    STRATEGY= 1  ERROR MATRIX UNCERTAINTY   2.2 per cent
  EXT PARAMETER                                   STEP         FIRST   
  NO.   NAME      VALUE            ERROR          SIZE      DERIVATIVE 
   1  p0           8.23756e+01   4.54937e+01   2.63524e-02   4.09619e-06
   2  p1           2.07041e-02   3.42822e-02   8.01803e-05   6.23022e-03
   3  p2           8.00000e-02   2.14594e-02  -2.28167e-04** at limit **
   4  p3           2.59797e+03   2.40193e+01  -1.41773e-02   3.78656e-05
   5  p4          -1.43302e-02   1.58789e-03  -1.06396e-06   4.63754e-02
   6  p5           3.14377e-01   1.32297e-03   1.45296e-06   1.00043e-03
 FCN=62.4192 FROM MIGRAD    STATUS=CONVERGED     829 CALLS         830 TOTAL
                     EDM=1.99781e-08    STRATEGY= 1  ERROR MATRIX UNCERTAINTY   4.3 per cent
  EXT PARAMETER                                   STEP         FIRST   
  NO.   NAME      VALUE            ERROR          SIZE      DERIVATIVE 
   1  p0           3.74028e+03   2.52313e+02  -1.28515e-01  -4.73583e-06
   2  p1           7.56972e-02   6.12879e-03   4.07491e-06  -1.30960e-02
   3  p2           3.55616e-01   7.37977e-03  -9.38691e-06  -2.36135e-02
   4  p3           1.84978e+03   2.60576e+02   1.49233e-01  -8.74747e-06
   5  p4          -8.56714e-02   1.40753e-02   6.44766e-06   1.80705e-02
   6  p5           5.01198e-01   8.68122e-03  -1.27400e-05  -3.94333e-02
 FCN=160.602 FROM MIGRAD    STATUS=CONVERGED     515 CALLS         516 TOTAL
                     EDM=5.52657e-08    STRATEGY= 1  ERROR MATRIX UNCERTAINTY   1.3 per cent
  EXT PARAMETER                                   STEP         FIRST   
  NO.   NAME      VALUE            ERROR          SIZE      DERIVATIVE 
   1  p0           5.22718e+03   5.15607e+01  -2.67567e-02  -1.05598e-06
   2  p1          -1.25312e-02   1.45477e-03  -2.14185e-06  -5.12134e-02
   3  p2           2.21334e-01   2.34964e-03   3.96268e-06   6.15775e-02
   4  p3           2.00071e+03   5.05756e+01  -1.56561e-02   2.51147e-05
   5  p4          -8.05409e-03   2.69163e-03  -3.25680e-06   5.93628e-02
   6  p5           5.37446e-01   4.25909e-03   2.13365e-06   8.16414e-02
 FCN=37.7387 FROM MIGRAD    STATUS=CALL LIMIT   1792 CALLS        1793 TOTAL
                     EDM=0.00138382    STRATEGY= 1  ERROR MATRIX UNCERTAINTY  21.9 per cent
  EXT PARAMETER                APPROXIMATE        STEP         FIRST   
  NO.   NAME      VALUE            ERROR          SIZE      DERIVATIVE 
   1  p0          -6.29547e+03   4.87580e+03  -3.04266e+01  -6.33742e-04
   2  p1          -2.62977e-01   4.98877e-03   1.00913e-05  -3.92717e+01
   3  p2           1.98012e-01   5.31966e-03   2.37676e-04   2.41907e+01
   4  p3           7.96825e+03   4.88036e+03   3.06939e+01  -7.22864e-04
   5  p4          -2.57441e-01   3.79365e-03  -6.66188e-06   5.21292e+01
   6  p5           2.07178e-01   2.87594e-03   7.24511e-05  -3.01376e+01
 FCN=29.3267 FROM MIGRAD    STATUS=CONVERGED    1012 CALLS        1013 TOTAL
                     EDM=2.06604e-07    STRATEGY= 1      ERROR MATRIX ACCURATE 
  EXT PARAMETER                                   STEP         FIRST   
  NO.   NAME      VALUE            ERROR          SIZE      DERIVATIVE 
   1  p0           2.18319e+03   2.37615e+02   5.49406e-02   2.89890e-07
   2  p1           1.38776e-02   1.95321e-03   3.73909e-06   4.02279e-01
   3  p2           1.36560e-01   5.70180e-03   1.09476e-05  -5.53022e-02
   4  p3           4.88414e+02   2.50269e+02   3.25680e-02  -1.10853e-05
   5  p4           8.16538e-03   5.32080e-03   1.06839e-05   1.13140e-01
   6  p5           2.10973e-01   1.76437e-02   1.75032e-05  -2.15862e-02
 FCN=46.2082 FROM MIGRAD    STATUS=CALL LIMIT   1784 CALLS        1785 TOTAL
                     EDM=0.00144806    STRATEGY= 1  ERROR MATRIX UNCERTAINTY  26.1 per cent
  EXT PARAMETER                APPROXIMATE        STEP         FIRST   
  NO.   NAME      VALUE            ERROR          SIZE      DERIVATIVE 
   1  p0          -3.28683e+03   3.22028e+03  -8.38659e+01  -3.24766e-03
   2  p1          -2.01146e-02   1.35835e-02   1.70636e-04  -1.97114e+01
   3  p2           2.68624e-01   6.14223e-03   4.25507e-04   2.98382e+01
   4  p3           4.60378e+03   3.21814e+03   8.36633e+01  -3.46115e-03
   5  p4          -6.29609e-03   6.57219e-03  -1.29644e-04   2.74100e+01
   6  p5           2.79556e-01   5.50444e-03  -2.51479e-04  -4.54536e+01
 FCN=38.0467 FROM MIGRAD    STATUS=CONVERGED     478 CALLS         479 TOTAL
                     EDM=9.44972e-08    STRATEGY= 1      ERROR MATRIX ACCURATE 
  EXT PARAMETER                                   STEP         FIRST   
  NO.   NAME      VALUE            ERROR          SIZE      DERIVATIVE 
   1  p0          -3.07729e+01   2.90089e+01   6.23854e-02   1.14032e-05
   2  p1          -9.91564e-02   5.40601e-02   1.62362e-04  -2.89807e-04
   3  p2           8.00000e-02   3.58094e-02   1.21115e-03** at limit **
   4  p3           1.29974e+03   1.57055e+01   2.77851e-02   7.85968e-06
   5  p4          -1.76736e-03   2.27501e-03   6.66873e-06  -1.78887e-01
   6  p5           3.10761e-01   1.79866e-03   9.89428e-06  -4.62174e-03
 FCN=71.3713 FROM MIGRAD    STATUS=CONVERGED     761 CALLS         762 TOTAL
                     EDM=2.01222e-07    STRATEGY= 1      ERROR MATRIX ACCURATE 
  EXT PARAMETER                                   STEP         FIRST   
  NO.   NAME      VALUE            ERROR          SIZE      DERIVATIVE 
   1  p0           1.86257e+03   1.68014e+02   5.46536e-02   1.51895e-05
   2  p1           8.57756e-02   8.03118e-03   1.13912e-05  -1.06709e-01
   3  p2           3.51236e-01   9.78891e-03   1.77648e-05  -3.15248e-02
   4  p3           9.70969e+02   1.73767e+02   3.82341e-02   8.54466e-06
   5  p4          -7.00206e-02   1.77010e-02   1.70028e-05  -4.56953e-02
   6  p5           4.91900e-01   1.04404e-02   2.05019e-05  -7.58923e-02
 FCN=97.6734 FROM MIGRAD    STATUS=CONVERGED     478 CALLS         479 TOTAL
                     EDM=1.11999e-07    STRATEGY= 1  ERROR MATRIX UNCERTAINTY   2.3 per cent
  EXT PARAMETER                                   STEP         FIRST   
  NO.   NAME      VALUE            ERROR          SIZE      DERIVATIVE 
   1  p0           2.73926e+03   3.61056e+01  -5.14910e-02   5.47718e-06
   2  p1          -1.30917e-02   1.95880e-03   1.09789e-07  -1.32159e-01
   3  p2           2.10943e-01   2.97269e-03   1.24573e-05   9.61814e-03
   4  p3           1.04637e+03   3.37654e+01  -2.43808e-02  -3.13132e-05
   5  p4          -2.85309e-03   3.32657e-03  -4.98458e-07  -1.48619e-01
   6  p5           5.20319e-01   5.40985e-03   1.14757e-05  -8.47673e-02
 FCN=52.1605 FROM MIGRAD    STATUS=FAILED        774 CALLS         775 TOTAL
                     EDM=88.8591    STRATEGY= 1      ERR MATRIX NOT POS-DEF
  EXT PARAMETER                APPROXIMATE        STEP         FIRST   
  NO.   NAME      VALUE            ERROR          SIZE      DERIVATIVE 
   1  p0          -9.24575e+01   7.34903e+01   4.67029e-02  -5.97640e-02
   2  p1          -3.25905e-01   1.38742e-01   7.78499e-05   3.71080e+00
   3  p2           1.10048e-01   1.60256e-01   3.50078e-04   6.97185e-01
   4  p3           8.71881e+02   1.12091e+02   3.03727e-02  -1.99805e-01
   5  p4          -2.29884e-01   3.64164e-03   8.06819e-06  -3.73772e+02
   6  p5           2.28238e-01   5.64339e-03   1.34712e-05  -1.79641e+02
 FCN=26.4543 FROM MIGRAD    STATUS=CONVERGED     732 CALLS         733 TOTAL
                     EDM=1.66508e-06    STRATEGY= 1      ERROR MATRIX ACCURATE 
  EXT PARAMETER                                   STEP         FIRST   
  NO.   NAME      VALUE            ERROR          SIZE      DERIVATIVE 
   1  p0           1.40966e+02   3.58928e+02   1.95276e-02  -1.52253e-04
   2  p1           9.38151e-03   4.57624e-02   2.16584e-05  -4.82218e-02
   3  p2           2.16951e-01   8.99512e-02   3.39928e-05  -5.93727e-02
   4  p3           1.14150e+03   3.37146e+02   3.54193e-02  -8.07719e-05
   5  p4           2.98220e-02   2.40104e-03   4.59262e-06   6.10966e-02
   6  p5           1.39490e-01   1.61131e-02   1.28811e-05  -1.67913e-01
 FCN=37.8427 FROM MIGRAD    STATUS=CONVERGED     358 CALLS         359 TOTAL
                     EDM=3.88609e-07    STRATEGY= 1  ERROR MATRIX UNCERTAINTY   1.6 per cent
  EXT PARAMETER                                   STEP         FIRST   
  NO.   NAME      VALUE            ERROR          SIZE      DERIVATIVE 
   1  p0          -5.42766e+01   2.17909e+01  -2.57285e-03   5.54721e-05
   2  p1          -6.14736e-02   4.25666e-02  -9.02030e-05  -4.67399e-04
   3  p2           9.88853e-02   3.13618e-02  -5.87467e-04  -1.09152e-05
   4  p3           6.67417e+02   1.67279e+01   2.78649e-02   2.78286e-06
   5  p4           2.20203e-02   3.24525e-03  -2.35978e-06   9.88078e-03
   6  p5           2.94039e-01   2.83889e-03  -4.38642e-06   2.93494e-03
 FCN=54.4692 FROM MIGRAD    STATUS=CONVERGED     616 CALLS         617 TOTAL
                     EDM=8.81758e-07    STRATEGY= 1  ERROR MATRIX UNCERTAINTY   3.1 per cent
  EXT PARAMETER                                   STEP         FIRST   
  NO.   NAME      VALUE            ERROR          SIZE      DERIVATIVE 
   1  p0           6.49876e+01   4.36436e+01   1.27195e-01   9.87783e-05
   2  p1           2.42736e-03   4.59779e-02  -1.39679e-04  -2.49964e-03
   3  p2           1.83155e-01   5.08929e-02   4.07359e-04   9.85059e-03
   4  p3           5.71178e+02   4.24357e+01  -1.07617e-01   7.91983e-05
   5  p4          -2.60193e-03   4.40499e-03   1.69258e-05  -2.04524e-01
   6  p5           3.10855e-01   5.03566e-03   2.76853e-05  -1.78411e-01
 FCN=76.7841 FROM MIGRAD    STATUS=CONVERGED     710 CALLS         711 TOTAL
                     EDM=1.71675e-08    STRATEGY= 1  ERROR MATRIX UNCERTAINTY   1.7 per cent
  EXT PARAMETER                                   STEP         FIRST   
  NO.   NAME      VALUE            ERROR          SIZE      DERIVATIVE 
   1  p0           1.13908e+03   4.99116e+01   1.55354e-03  -1.73790e-03
   2  p1           6.99962e-02   8.24209e-03   5.60160e-06   7.43626e-01
   3  p2           3.68718e-01   6.10443e-03  -6.26220e-07  -8.09086e-01
   4  p3           4.63130e+02   5.01627e+01   1.56036e-02  -5.64016e-04
   5  p4          -9.46047e-02   6.55648e-03  -3.16663e-06  -9.58868e+00
   6  p5           5.15497e-01   9.14809e-03  -5.83127e-06   4.07093e+00
 FCN=97.1626 FROM MIGRAD    STATUS=CONVERGED     446 CALLS         447 TOTAL
                     EDM=1.47511e-07    STRATEGY= 1  ERROR MATRIX UNCERTAINTY   1.7 per cent
  EXT PARAMETER                                   STEP         FIRST   
  NO.   NAME      VALUE            ERROR          SIZE      DERIVATIVE 
   1  p0           1.64247e+03   2.89223e+01   1.25907e-01   1.37286e-05
   2  p1          -2.46433e-02   2.52202e-03  -2.52335e-06   1.82704e-01
   3  p2           2.13649e-01   4.09018e-03   1.24031e-05   6.34384e-02
   4  p3           5.87377e+02   2.84570e+01  -4.58394e-02   8.81753e-05
   5  p4          -1.40727e-02   4.81504e-03  -8.82847e-06   9.43055e-02
   6  p5           5.20619e-01   8.05194e-03   2.58879e-05   7.29345e-02
 FCN=26.9344 FROM MIGRAD    STATUS=CONVERGED     522 CALLS         523 TOTAL
                     EDM=2.62801e-07    STRATEGY= 1      ERROR MATRIX ACCURATE 
  EXT PARAMETER                                   STEP         FIRST   
  NO.   NAME      VALUE            ERROR          SIZE      DERIVATIVE 
   1  p0          -1.65570e+02   8.26908e+01   2.36854e-02   1.28987e-05
   2  p1          -2.52309e-01   2.39360e-02   2.45869e-05  -4.02017e-02
   3  p2           1.30759e-01   3.11368e-02   8.80413e-05  -3.12390e-03
   4  p3           6.07398e+02   8.75493e+01   1.75758e-02   2.92855e-05
   5  p4          -1.89670e-01   5.48083e-03   6.56873e-06  -1.31274e-02
   6  p5           2.14930e-01   5.46026e-03   1.20129e-05   3.97118e-02
 FCN=16.3849 FROM MIGRAD    STATUS=CONVERGED     579 CALLS         580 TOTAL
                     EDM=5.31372e-08    STRATEGY= 1  ERROR MATRIX UNCERTAINTY   2.4 per cent
  EXT PARAMETER                                   STEP         FIRST   
  NO.   NAME      VALUE            ERROR          SIZE      DERIVATIVE 
   1  p0           5.61652e+02   1.41195e+02  -2.18257e-02  -1.01068e-05
   2  p1           4.92075e-02   4.45238e-03  -2.09199e-08  -1.21226e-02
   3  p2           1.14666e-01   1.11684e-02  -5.82463e-07  -3.71590e-03
   4  p3           2.49816e+02   1.48035e+02   2.31643e-02   2.92356e-06
   5  p4           4.79954e-02   7.43496e-03  -3.08948e-06  -8.19213e-04
   6  p5           1.78618e-01   1.74340e-02  -4.76044e-06   3.12326e-02
 FCN=27.4045 FROM MIGRAD    STATUS=CONVERGED     581 CALLS         582 TOTAL
                     EDM=1.53077e-07    STRATEGY= 1      ERROR MATRIX ACCURATE 
  EXT PARAMETER                                   STEP         FIRST   
  NO.   NAME      VALUE            ERROR          SIZE      DERIVATIVE 
   1  p0          -1.43544e+01   1.53178e+01   2.74827e-02  -2.88430e-05
   2  p1           1.34549e-01   5.97051e-02   1.52539e-04  -8.34121e-04
   3  p2           8.00000e-02   4.23818e-02   1.12735e-03** at limit **
   4  p3           3.70866e+02   8.63951e+00   1.29256e-02  -4.25944e-05
   5  p4           5.33365e-03   4.34861e-03   1.04075e-05   3.14092e-02
   6  p5           2.96788e-01   3.33157e-03   1.59146e-05  -4.97810e-02
 FCN=58.5287 FROM MIGRAD    STATUS=CONVERGED     249 CALLS         250 TOTAL
                     EDM=1.08973e-07    STRATEGY= 1  ERROR MATRIX UNCERTAINTY   1.9 per cent
  EXT PARAMETER                                   STEP         FIRST   
  NO.   NAME      VALUE            ERROR          SIZE      DERIVATIVE 
   1  p0          -3.24580e+01   1.63004e+01  -2.36175e-02  -9.84298e-06
   2  p1          -4.07690e-02   4.30439e-02   1.57412e-05   5.67704e-02
   3  p2           9.41200e-02   5.66979e-04   2.84295e-06  -4.98745e-01
   4  p3           3.69409e+02   9.66238e+00   2.24939e-02  -3.52809e-05
   5  p4          -3.66357e-02   4.24093e-03   1.23046e-05  -1.22648e-03
   6  p5           3.01511e-01   3.48252e-03   2.14608e-05   2.21529e-02
y_E_mean_data:
[ 67.75579266  67.2552646   63.12848366  58.56502167  56.77410485
  51.80741539  48.12854073  42.2545638   38.48958     36.41294262
  31.67682197  28.30765319  23.20325129  18.80067503   9.10893877
  11.9630081   22.29957861  32.38881054  22.41708585]
ey_E_mean_data:
[  3.69797694e+00   2.77172780e+00   2.38643012e+00   2.44593509e+00
   2.62134594e+00   2.90155480e+00   2.92130166e+00   3.03686884e+00
   3.32093356e+00   3.76747873e+00   4.00181738e+00   3.37334305e+00
   3.41323656e+00   3.39474870e+00   5.98923236e+04   4.25206058e+00
   6.20558968e+00   8.04118525e+00   6.15851301e+00]
y_E_mean_MC:
[-212.19085494 -210.89445771 -226.16913509 -230.97005897 -237.23345567
 -234.07485329 -237.90384305 -238.91694248 -243.60116926 -241.21843192
 -242.77177293 -248.40017153 -248.44401318 -253.28497951 -251.89777534
 -248.47432876 -236.60611444 -218.49353534 -166.19701012]
ey_E_mean_MC:
[  2.53722366   2.20750532   6.67532517   3.14633029   2.49521217
   4.14757841   2.98712537   3.38347533   2.91924216  18.64885771
   4.89824263   2.69522849  18.4145139   16.85281737  14.10958414
  18.61541105  26.05891828  16.95461447  11.7144505 ]
y_E_mean_MC_corr:
[ 43.64708562  46.32670195  41.45986106  53.57428035  55.03945943
  50.61531671  43.26603652  38.72774532  36.67918778  36.78732553
  30.21073845  25.70798605  18.17623784  11.91260393  14.65636124
   9.10691366  28.19178966  29.41141401   0.13095409]
ey_E_mean_MC_corr:
[  3.03924733e+01   1.15712008e+01   1.17285492e+01   7.14267526e+00
   4.19419006e+07   6.53750804e+00   2.17730473e+01   3.45155019e+00
   1.97144984e+00   2.36561951e+01   1.08971608e+01   2.71961980e+01
   1.62469101e+01   2.52816743e+01   2.76414664e+01   3.58069897e+01
   4.09530229e+01   5.16500616e+00   5.12277393e+00]
y_E_mean_diff:
[ 279.9466476   278.14972231  289.29761875  289.53508063  294.00756053
  285.88226868  286.03238378  281.17150628  282.09074926  277.63137454
  274.44859489  276.70782472  271.64726448  272.08565454  261.00671411
  260.43733686  258.90569305  250.88234587  188.61409597]
ey_E_mean_diff:
[  4.48470037e+00   3.54338182e+00   7.08907715e+00   3.98522180e+00
   3.61905213e+00   5.06176124e+00   4.17814808e+00   4.54647970e+00
   4.42160316e+00   1.90256088e+01   6.32513424e+00   4.31783510e+00
   1.87281741e+01   1.71913284e+01   5.98923253e+04   1.90948566e+01
   2.67876196e+01   1.87648504e+01   1.32346376e+01]
y_E_sigma_dt_data:
[ 325.55043668  325.85714274  318.15610301  317.30433104  318.31808874
  317.62965567  319.52842704  318.44572682  317.42263783  317.00882889
  317.65879186  317.22220837  318.05296897  316.24844361  312.73300549
  307.84757294  308.83506216  296.45668259  294.50943827]
ey_E_sigma_dt_data:
[ 5.02979529  2.13190567  1.18163819  1.14780319  1.25676971  1.28652743
  1.37660747  1.46098931  1.50809734  1.56456026  1.56257692  1.35762067
  1.38083807  1.40011545  1.3773789   1.47418626  2.06817384  2.61970588
  3.68448548]
y_E_sigma_dt_MC:
[ 190.49693773  184.21512932  180.53418865  176.66186735  175.67986597
  175.21611103  171.90779299  171.10454433  171.96864569  168.89151856
  166.53406034  165.913102    163.43791517  160.55496467  155.06337086
  151.87259952  150.16434534  148.00393905  134.35389743]
ey_E_sigma_dt_MC:
[ 17.0571878    5.1877153    3.15664468   1.85337736   2.7817672
   2.67995905   3.20565575   3.80449889   3.33237028   3.14199683
   3.94180717   3.08860935   2.97065502   2.73573818   2.48804196
   2.40916015   5.66695827  17.4198415    9.41069463]
y_E_sigma_dt_MC_corr:
[ 317.01489398  328.85442392  324.41238871  325.61471454  322.20672639
  325.68138234  318.57899625  318.6812151   316.37643657  317.80893878
  317.66902494  317.20520365  312.98859664  316.32902526  313.80232347
  307.17365563  316.35653606  297.80964114  321.48842774]
ey_E_sigma_dt_MC_corr:
[  4.11199888   7.54083705   1.03751808   1.00467449   2.1000973
   1.10264345   1.12976215   1.18464815   1.64165037  14.94546773
  26.20322404  12.52907384   1.130702     4.79394324   1.19109037
   1.44196973   2.03668615   6.88991566   3.81837951]
y_E_sigma_dt_diff:
[ 263.99621879  268.789255    261.97464116  263.57659821  265.44865852
  264.93001452  269.34388131  268.57199377  266.80314073  268.27272048
  270.50603466  270.37524307  272.84746463  272.46133929  271.5829224
  267.77759742  269.86990386  256.86844625  262.07792634]
ey_E_sigma_dt_diff:
[ 13.78280595   4.39554091   2.60603746   1.85806764   2.3792236
   2.34960942   2.61784694   2.97920988   2.7986884    2.70752576
   3.04238027   2.47574547   2.39943662   2.28908751   2.12924428
   2.17698759   3.94269564  10.48255327   6.35750082]
y_E_sigma_time_data:
[ 404.8302333   403.73431241  402.34779409  400.06087831  400.13313141
  399.86731146  401.97541558  405.20020237  402.8849923   403.90819828
  404.98167704  404.87879685  408.248499    409.29396994  399.64706667
  406.15039833  403.78969944  399.43732587  411.14569103]
ey_E_sigma_time_data:
[   3.91706785    2.96319534    2.5141265     2.43465001    2.63153151
    2.89977479    3.13861322    3.25511828    3.4546822     3.87536227
    4.09545089    3.28832379    3.54988104    3.4973635   485.20938723
    4.16230409    5.71259462    7.36224642    5.08204501]
y_E_sigma_time_MC:
[ 223.40432174  220.60566102  270.16894752  264.13272504  263.2786044
  259.83592269  260.19787988  260.07479657  257.28747228  253.1746112
  252.6416235   250.0746154   250.39157837  247.67128834  246.51330129
  245.21789797  241.67252188  242.25807821  246.47183931]
ey_E_sigma_time_MC:
[  1.50745947   1.23078551   8.62342987   4.6027351    4.2947022
   7.17505721   5.35843232   5.88776253   4.54065598  27.21518311
   8.37477732   4.23329862  25.66643988  24.50412856  18.75813713
  16.04969553  24.25891733  20.03083618  13.87417338]
y_E_sigma_time_MC_corr:
[ 317.01489398  328.85442392  324.41238871  325.61471454  322.20672639
  325.68138234  318.57899625  318.6812151   316.37643657  317.80893878
  317.66902494  317.20520365  312.98859664  316.32902526  313.80232347
  307.17365563  316.35653606  297.80964114  321.48842774]
ey_E_sigma_time_MC_corr:
[  4.11199888   7.54083705   1.03751808   1.00467449   2.1000973
   1.10264345   1.12976215   1.18464815   1.64165037  14.94546773
  26.20322404  12.52907384   1.130702     4.79394324   1.19109037
   1.44196973   2.03668615   6.88991566   3.81837951]
y_E_sigma_time_diff:
[ 337.60631928  338.13390445  298.14843149  300.47064735  301.31528225
  303.93940195  306.40055163  310.72222996  310.03140749  314.71328043
  316.51598509  318.41722138  322.44518049  325.85347438  314.56155229
  323.7689432   323.48185968  317.58652496  329.07812397]
ey_E_sigma_time_diff:
[   4.80178857    3.62805444    8.51893537    5.18448798    5.12772972
    7.22350414    6.13687853    6.50420629    5.86118086   22.45140535
    8.49377554    5.34192931   20.43149714   19.13589515  616.62855388
   13.22975677   19.4761336    17.86649845   12.17773452]
 FCN=41.9167 FROM MIGRAD    STATUS=CONVERGED      51 CALLS          52 TOTAL
                     EDM=5.31362e-07    STRATEGY= 1      ERROR MATRIX ACCURATE 
  EXT PARAMETER                                   STEP         FIRST   
  NO.   NAME      VALUE            ERROR          SIZE      DERIVATIVE 
   1  p0           4.37854e+07   3.57914e+06   2.08785e+01   1.44087e-10
   2  p1           9.18002e+04   6.73942e+02   9.89172e-01   2.16826e-06
 FCN=4.04927 FROM MIGRAD    STATUS=CONVERGED      50 CALLS          51 TOTAL
                     EDM=6.58544e-08    STRATEGY= 1      ERROR MATRIX ACCURATE 
  EXT PARAMETER                                   STEP         FIRST   
  NO.   NAME      VALUE            ERROR          SIZE      DERIVATIVE 
   1  p0           3.81537e+07   5.16982e+06   1.81931e+01   2.60569e-11
   2  p1           2.01662e+04   8.85268e+02   3.62003e-01   5.47163e-07
 FCN=3.88168 FROM MIGRAD    STATUS=CONVERGED      85 CALLS          86 TOTAL
                     EDM=3.02114e-09    STRATEGY= 1  ERROR MATRIX UNCERTAINTY   1.9 per cent
  EXT PARAMETER                                   STEP         FIRST   
  NO.   NAME      VALUE            ERROR          SIZE      DERIVATIVE 
   1  p0          -1.65015e+07   1.18354e+07  -2.48928e+03  -8.46453e-12
   2  p1           1.67222e+05   2.31938e+03   8.19191e+00  -8.15173e-08
 FCN=0.702937 FROM MIGRAD    STATUS=CONVERGED      73 CALLS          74 TOTAL
                     EDM=1.33636e-08    STRATEGY= 1      ERROR MATRIX ACCURATE 
  EXT PARAMETER                                   STEP         FIRST   
  NO.   NAME      VALUE            ERROR          SIZE      DERIVATIVE 
   1  p0           3.77369e+07   1.71517e+07   1.79944e+01   9.47649e-12
   2  p1           5.69777e+04   3.73764e+03   7.16667e-01  -2.66148e-10
