 FCN=82.3558 FROM MIGRAD    STATUS=CONVERGED     646 CALLS         647 TOTAL
                     EDM=5.10326e-07    STRATEGY= 1  ERROR MATRIX UNCERTAINTY   1.6 per cent
  EXT PARAMETER                                   STEP         FIRST   
  NO.   NAME      VALUE            ERROR          SIZE      DERIVATIVE 
   1  p0           6.24318e+03   2.63386e+02  -2.21757e-01  -2.62761e-05
   2  p1           8.97868e-02   3.76849e-03   1.48807e-05   1.72475e-02
   3  p2           3.54882e-01   4.99640e-03   8.91688e-06  -9.63807e-04
   4  p3           2.85613e+03   2.73630e+02   1.66354e-01  -3.37888e-05
   5  p4          -4.90742e-02   8.40877e-03   8.74969e-06   2.46320e-02
   6  p5           5.16451e-01   6.99727e-03   8.76148e-06  -7.58471e-02
 FCN=175.837 FROM MIGRAD    STATUS=CONVERGED     562 CALLS         563 TOTAL
                     EDM=5.93115e-08    STRATEGY= 1  ERROR MATRIX UNCERTAINTY   2.0 per cent
  EXT PARAMETER                                   STEP         FIRST   
  NO.   NAME      VALUE            ERROR          SIZE      DERIVATIVE 
   1  p0           8.21834e+03   6.70115e+01   7.47010e-02  -4.79460e-06
   2  p1           1.17276e-03   1.20741e-03  -2.19042e-06   5.21334e-02
   3  p2           2.32600e-01   1.93729e-03  -1.92342e-06  -1.76851e-01
   4  p3           3.22236e+03   6.68036e+01  -7.23841e-02  -1.88975e-05
   5  p4          -2.68387e-03   2.18269e-03  -2.93666e-07   1.60544e-02
   6  p5           5.48839e-01   3.52224e-03   1.29035e-05  -1.34586e-02
 FCN=60.5518 FROM MIGRAD    STATUS=CONVERGED     957 CALLS         958 TOTAL
                     EDM=8.40861e-07    STRATEGY= 1      ERROR MATRIX ACCURATE 
  EXT PARAMETER                                   STEP         FIRST   
  NO.   NAME      VALUE            ERROR          SIZE      DERIVATIVE 
   1  p0          -2.39413e+03   1.77198e+03   6.99880e-02   1.88592e-05
   2  p1          -2.81078e-01   7.25010e-03   6.62086e-06   3.52120e-02
   3  p2           1.83797e-01   1.77738e-02   1.59090e-05   9.05351e-02
   4  p3           4.87783e+03   1.78065e+03   6.09161e-02   1.04679e-05
   5  p4          -2.60591e-01   5.32451e-03   3.08310e-06  -1.20834e-01
   6  p5           2.24288e-01   6.62246e-03   5.67790e-06  -3.90532e-01
 FCN=34.0774 FROM MIGRAD    STATUS=CONVERGED     638 CALLS         639 TOTAL
                     EDM=1.82317e-07    STRATEGY= 1  ERROR MATRIX UNCERTAINTY   2.4 per cent
  EXT PARAMETER                                   STEP         FIRST   
  NO.   NAME      VALUE            ERROR          SIZE      DERIVATIVE 
   1  p0           3.09209e+03   1.77282e+02   5.73327e-01   3.21650e-05
   2  p1           3.91575e-03   1.64115e-03  -3.21120e-06   1.63090e-02
   3  p2           1.62872e-01   3.84810e-03   2.77786e-05   1.74245e-01
   4  p3           5.87936e+02   1.86530e+02  -4.74198e-01   5.73469e-05
   5  p4           5.33726e-03   5.35664e-03  -9.19560e-06   2.47041e-02
   6  p5           2.55907e-01   1.37636e-02   5.47693e-05   7.74056e-02
 FCN=38.6257 FROM MIGRAD    STATUS=CALL LIMIT   1790 CALLS        1791 TOTAL
                     EDM=0.000341417    STRATEGY= 1  ERROR MATRIX UNCERTAINTY  10.4 per cent
  EXT PARAMETER                APPROXIMATE        STEP         FIRST   
  NO.   NAME      VALUE            ERROR          SIZE      DERIVATIVE 
   1  p0          -6.50495e+03   6.94248e+03  -9.80906e+01  -1.58860e-03
   2  p1           6.35767e-03   8.87930e-03  -1.85833e-04  -1.41461e+01
   3  p2           3.11430e-01   7.83731e-03   4.49627e-04   3.32150e+01
   4  p3           8.37151e+03   6.94223e+03   9.80965e+01  -1.69239e-03
   5  p4           1.44034e-02   9.02308e-03  -2.27709e-04   1.57975e+01
   6  p5           3.20168e-01   4.63892e-03   8.66140e-05  -4.44457e+01
 FCN=43.1052 FROM MIGRAD    STATUS=CONVERGED     219 CALLS         220 TOTAL
                     EDM=1.40394e-07    STRATEGY= 1  ERROR MATRIX UNCERTAINTY   7.0 per cent
  EXT PARAMETER                                   STEP         FIRST   
  NO.   NAME      VALUE            ERROR          SIZE      DERIVATIVE 
   1  p0           1.71773e+01   3.06871e+01  -5.57500e-01   6.38380e-06
   2  p1           6.38756e-03   4.64164e-04   1.18008e-07   7.88744e-01
   3  p2           9.76628e-02   6.03654e-05  -1.56568e-06  -5.27549e-01
   4  p3           1.65036e+03   1.58811e+01   3.06273e-01   1.46292e-05
   5  p4           3.92913e-03   2.18870e-03  -3.22615e-07  -2.48400e-01
   6  p5           3.95570e-01   1.80432e-03  -7.45975e-05   2.60168e-02
 FCN=112.485 FROM MIGRAD    STATUS=CONVERGED     852 CALLS         853 TOTAL
                     EDM=4.63232e-09    STRATEGY= 1      ERROR MATRIX ACCURATE 
  EXT PARAMETER                                   STEP         FIRST   
  NO.   NAME      VALUE            ERROR          SIZE      DERIVATIVE 
   1  p0           1.06586e+04   3.83712e+02   1.63680e-01   2.40085e-06
   2  p1           9.35275e-02   3.02722e-03   6.00115e-06  -1.55049e-03
   3  p2           3.51135e-01   4.13394e-03   9.41839e-06   4.61124e-03
   4  p3           5.38753e+03   3.98313e+02   1.11137e-01   2.47219e-06
   5  p4          -4.26389e-02   6.34593e-03   9.06660e-06  -8.41945e-03
   6  p5           5.06896e-01   5.06892e-03   1.09835e-05  -2.87873e-03
 FCN=253.74 FROM MIGRAD    STATUS=CONVERGED     499 CALLS         500 TOTAL
                     EDM=8.70973e-09    STRATEGY= 1  ERROR MATRIX UNCERTAINTY   1.2 per cent
  EXT PARAMETER                                   STEP         FIRST   
  NO.   NAME      VALUE            ERROR          SIZE      DERIVATIVE 
   1  p0           1.47624e+04   8.67178e+01   3.35230e-02   1.99839e-06
   2  p1           8.44580e-04   8.89513e-04  -2.49704e-08   9.99710e-02
   3  p2           2.26938e-01   1.37942e-03   3.53772e-06   4.79373e-02
   4  p3           5.70714e+03   8.41860e+01  -8.57594e-02   6.29233e-06
   5  p4          -2.82881e-03   1.62777e-03   1.61876e-06   6.35048e-02
   6  p5           5.44389e-01   2.53019e-03   7.74155e-06   5.25246e-02
 FCN=76.799 FROM MIGRAD    STATUS=CONVERGED     652 CALLS         653 TOTAL
                     EDM=1.33312e-08    STRATEGY= 1  ERROR MATRIX UNCERTAINTY   2.2 per cent
  EXT PARAMETER                                   STEP         FIRST   
  NO.   NAME      VALUE            ERROR          SIZE      DERIVATIVE 
   1  p0          -1.92181e+03   4.02989e+02   6.61601e-02   1.53924e-06
   2  p1          -2.87344e-01   4.76979e-03   6.59407e-07  -5.92996e-03
   3  p2           1.54305e-01   1.10598e-02  -1.23953e-05  -7.40364e-03
   4  p3           6.20915e+03   4.14994e+02  -6.28447e-02   2.26062e-06
   5  p4          -2.54363e-01   2.05887e-03  -1.52347e-07   1.20177e-01
   6  p5           2.30730e-01   2.27581e-03   9.44602e-07  -3.18265e-02
 FCN=23.3165 FROM MIGRAD    STATUS=CONVERGED     588 CALLS         589 TOTAL
                     EDM=1.29324e-07    STRATEGY= 1      ERROR MATRIX ACCURATE 
  EXT PARAMETER                                   STEP         FIRST   
  NO.   NAME      VALUE            ERROR          SIZE      DERIVATIVE 
   1  p0           5.32313e+03   2.53728e+02   7.46245e-02   5.33576e-06
   2  p1           4.38340e-03   1.27224e-03   2.32683e-06   1.96965e-02
   3  p2           1.50874e-01   3.03589e-03   6.19562e-06   1.35097e-02
   4  p3           1.40178e+03   2.67440e+02   4.38559e-02  -2.96826e-06
   5  p4          -2.75583e-03   3.24250e-03   5.72846e-06  -2.28748e-02
   6  p5           2.37830e-01   7.59795e-03   8.72234e-06  -9.99646e-02
 FCN=62.4649 FROM MIGRAD    STATUS=CONVERGED     283 CALLS         284 TOTAL
                     EDM=4.2426e-07    STRATEGY= 1  ERROR MATRIX UNCERTAINTY   0.9 per cent
  EXT PARAMETER                                   STEP         FIRST   
  NO.   NAME      VALUE            ERROR          SIZE      DERIVATIVE 
   1  p0          -1.43858e+02   4.65660e+01   1.37036e-01   6.74038e-06
   2  p1           3.77690e-02   2.76904e-02   1.97854e-05  -8.85943e-01
   3  p2           9.58608e-02   8.93994e-04   5.36687e-06   3.30163e+00
   4  p3           3.39631e+03   2.60464e+01  -6.01781e-02   1.72872e-05
   5  p4           4.15194e-02   1.43956e-03   4.22040e-07  -1.01716e-01
   6  p5           3.38681e-01   1.17558e-03   5.16611e-06  -1.37923e-01
 FCN=62.8388 FROM MIGRAD    STATUS=CONVERGED     646 CALLS         647 TOTAL
                     EDM=2.24281e-09    STRATEGY= 1      ERROR MATRIX ACCURATE 
  EXT PARAMETER                                   STEP         FIRST   
  NO.   NAME      VALUE            ERROR          SIZE      DERIVATIVE 
   1  p0           8.21978e+01   4.09157e+01   1.23085e-01  -2.19726e-08
   2  p1          -1.20382e-01   3.72842e-02   1.43778e-04   5.18608e-05
   3  p2           8.00000e-02   3.32209e-02   1.49037e-03** at limit **
   4  p3           2.92544e+03   1.94361e+01   4.80972e-02  -2.81157e-06
   5  p4           8.38784e-04   1.67353e-03   6.33870e-06  -3.87258e-03
   6  p5           3.86174e-01   1.27100e-03   8.53592e-06  -1.12147e-02
 FCN=78.6103 FROM MIGRAD    STATUS=CONVERGED     769 CALLS         770 TOTAL
                     EDM=7.33675e-09    STRATEGY= 1  ERROR MATRIX UNCERTAINTY   1.3 per cent
  EXT PARAMETER                                   STEP         FIRST   
  NO.   NAME      VALUE            ERROR          SIZE      DERIVATIVE 
   1  p0           1.18075e+04   3.90553e+02  -4.07896e-02   3.04617e-06
   2  p1           8.55726e-02   3.02654e-03   1.62915e-06  -3.73006e-02
   3  p2           3.51261e-01   3.74269e-03  -1.80890e-06  -2.15579e-02
   4  p3           5.49406e+03   4.05008e+02   5.66487e-02   2.14624e-06
   5  p4          -6.38556e-02   6.77923e-03   5.23966e-07  -5.05774e-03
   6  p5           5.03106e-01   4.94352e-03  -1.36713e-06  -1.97003e-02
 FCN=324.12 FROM MIGRAD    STATUS=CONVERGED     492 CALLS         493 TOTAL
                     EDM=1.72212e-09    STRATEGY= 1  ERROR MATRIX UNCERTAINTY   1.4 per cent
  EXT PARAMETER                                   STEP         FIRST   
  NO.   NAME      VALUE            ERROR          SIZE      DERIVATIVE 
   1  p0           1.58099e+04   9.03119e+01  -9.37773e-02   9.18366e-07
   2  p1          -5.21108e-04   8.49016e-04   7.47405e-07  -1.44979e-02
   3  p2           2.20689e-01   1.33598e-03  -3.14380e-06   2.04005e-02
   4  p3           6.36967e+03   8.78691e+01   1.42688e-01   3.36426e-06
   5  p4          -4.33744e-03   1.50534e-03  -1.04797e-07   8.92612e-03
   6  p5           5.33939e-01   2.30927e-03  -6.71717e-06   3.64163e-02
 FCN=73.2311 FROM MIGRAD    STATUS=CONVERGED     697 CALLS         698 TOTAL
                     EDM=1.97833e-07    STRATEGY= 1      ERROR MATRIX ACCURATE 
  EXT PARAMETER                                   STEP         FIRST   
  NO.   NAME      VALUE            ERROR          SIZE      DERIVATIVE 
   1  p0          -2.15132e+03   6.11506e+02   1.13689e-01   1.26285e-05
   2  p1          -2.84298e-01   5.09722e-03   1.09530e-05   2.03838e-02
   3  p2           1.62965e-01   1.26074e-02   3.04406e-05  -6.28548e-02
   4  p3           6.84355e+03   6.24610e+02   8.99693e-02   2.09852e-05
   5  p4          -2.56174e-01   2.44553e-03   3.21140e-06   2.12761e-01
   6  p5           2.28771e-01   2.62292e-03   5.71658e-06   2.84035e-01
 FCN=26.9927 FROM MIGRAD    STATUS=CONVERGED     882 CALLS         883 TOTAL
                     EDM=2.8988e-08    STRATEGY= 1      ERROR MATRIX ACCURATE 
  EXT PARAMETER                                   STEP         FIRST   
  NO.   NAME      VALUE            ERROR          SIZE      DERIVATIVE 
   1  p0           5.99390e+03   3.00124e+02   8.38014e-02  -1.87248e-07
   2  p1           4.15010e-03   1.17997e-03   2.28156e-06   8.70143e-02
   3  p2           1.49545e-01   3.00057e-03   6.07545e-06   5.63814e-02
   4  p3           1.36421e+03   3.15665e+02   4.91541e-02   1.47534e-06
   5  p4           6.34966e-04   3.28747e-03   6.41609e-06   2.18274e-02
   6  p5           2.33628e-01   9.06796e-03   9.91978e-06  -1.66826e-03
 FCN=42.8264 FROM MIGRAD    STATUS=CONVERGED     843 CALLS         844 TOTAL
                     EDM=5.51948e-06    STRATEGY= 1      ERROR MATRIX ACCURATE 
  EXT PARAMETER                                   STEP         FIRST   
  NO.   NAME      VALUE            ERROR          SIZE      DERIVATIVE 
   1  p0          -3.66845e+02   3.33160e+02   5.78311e-02  -1.41077e-05
   2  p1          -8.58432e-02   5.98601e-02   4.62758e-05   4.39438e-02
   3  p2           2.47171e-01   5.62930e-02   8.91240e-05   1.53154e-02
   4  p3           3.93330e+03   3.39803e+02   4.78995e-02  -4.60532e-05
   5  p4           2.79864e-02   5.91287e-03   4.09616e-06  -1.09255e+00
   6  p5           3.32143e-01   3.05802e-03   5.81821e-06   1.86191e-01
 FCN=64.9458 FROM MIGRAD    STATUS=CONVERGED     334 CALLS         335 TOTAL
                     EDM=3.11532e-07    STRATEGY= 1  ERROR MATRIX UNCERTAINTY   2.2 per cent
  EXT PARAMETER                                   STEP         FIRST   
  NO.   NAME      VALUE            ERROR          SIZE      DERIVATIVE 
   1  p0           7.87083e+01   4.37984e+01  -2.75072e-02  -1.09386e-05
   2  p1           4.12967e-02   6.56773e-02   2.73504e-05   2.66455e-01
   3  p2           9.88374e-02   8.14847e-04   2.70032e-06  -2.81775e+00
   4  p3           3.19916e+03   2.34661e+01   1.33350e-02  -1.97184e-05
   5  p4          -8.37231e-04   1.59444e-03  -1.38384e-06  -1.87965e-01
   6  p5           3.77438e-01   1.30370e-03  -2.33082e-06  -8.50263e-03
 FCN=90.5106 FROM MIGRAD    STATUS=CONVERGED     682 CALLS         683 TOTAL
                     EDM=1.96062e-08    STRATEGY= 1      ERROR MATRIX ACCURATE 
  EXT PARAMETER                                   STEP         FIRST   
  NO.   NAME      VALUE            ERROR          SIZE      DERIVATIVE 
   1  p0           6.74456e+03   3.06551e+02   1.20768e-01   2.98660e-06
   2  p1           8.93065e-02   3.90779e-03   6.85302e-06   1.04302e-03
   3  p2           3.42370e-01   5.22096e-03   1.09251e-05   7.44144e-02
   4  p3           3.78896e+03   3.18920e+02   8.24001e-02   7.07661e-06
   5  p4          -5.13383e-02   7.43185e-03   9.41327e-06   1.81451e-02
   6  p5           4.95324e-01   5.58951e-03   1.14097e-05   5.22810e-02
 FCN=200.687 FROM MIGRAD    STATUS=CONVERGED     538 CALLS         539 TOTAL
                     EDM=8.66888e-08    STRATEGY= 1  ERROR MATRIX UNCERTAINTY   1.2 per cent
  EXT PARAMETER                                   STEP         FIRST   
  NO.   NAME      VALUE            ERROR          SIZE      DERIVATIVE 
   1  p0           9.58889e+03   7.08210e+01   8.58057e-02   7.54768e-06
   2  p1           1.39746e-03   1.10082e-03  -2.24114e-06  -3.56868e-01
   3  p2           2.19482e-01   1.69824e-03   1.20791e-05  -9.06944e-03
   4  p3           3.87222e+03   6.67503e+01  -1.02818e-01   8.22361e-06
   5  p4          -2.38424e-03   1.92097e-03   1.97483e-06  -4.40526e-02
   6  p5           5.34596e-01   2.91387e-03   1.33325e-05   3.22805e-02
 FCN=54.1438 FROM HESSE     STATUS=OK             40 CALLS        1195 TOTAL
                     EDM=4.39202e-07    STRATEGY= 1      ERROR MATRIX ACCURATE 
  EXT PARAMETER                                   STEP         FIRST   
  NO.   NAME      VALUE            ERROR          SIZE      DERIVATIVE 
   1  p0          -4.85620e+03   6.90646e+03   1.37014e-02  -2.58668e-05
   2  p1          -2.82330e-01   1.07663e-02   6.48106e-07  -4.06118e-01
   3  p2           1.91640e-01   1.94801e-02   1.46473e-06   2.22604e-01
   4  p3           7.69530e+03   6.91520e+03   1.25997e-02  -2.86046e-05
   5  p4          -2.66745e-01   8.11480e-03   3.95329e-07   4.67254e-01
   6  p5           2.16268e-01   1.02248e-02   7.57924e-07  -3.84138e-01
 FCN=14.0463 FROM MIGRAD    STATUS=CONVERGED     738 CALLS         739 TOTAL
                     EDM=2.33141e-07    STRATEGY= 1      ERROR MATRIX ACCURATE 
  EXT PARAMETER                                   STEP         FIRST   
  NO.   NAME      VALUE            ERROR          SIZE      DERIVATIVE 
   1  p0           3.54124e+03   2.53563e+02   4.82570e-02   1.68613e-05
   2  p1           6.81973e-03   1.58185e-03   2.20604e-06   1.19334e-01
   3  p2           1.47850e-01   3.95945e-03   5.94368e-06   1.07441e-01
   4  p3           9.28946e+02   2.64998e+02   2.94134e-02   2.77522e-05
   5  p4           5.66973e-03   3.97798e-03   5.54645e-06   1.49552e-01
   6  p5           2.26095e-01   1.02645e-02   8.70376e-06   4.26796e-02
 FCN=41.9264 FROM MIGRAD    STATUS=CALL LIMIT   1792 CALLS        1793 TOTAL
                     EDM=0.000362197    STRATEGY= 1  ERROR MATRIX UNCERTAINTY  45.5 per cent
  EXT PARAMETER                APPROXIMATE        STEP         FIRST   
  NO.   NAME      VALUE            ERROR          SIZE      DERIVATIVE 
   1  p0          -5.33476e+03   4.39035e+03  -3.93783e+01  -1.08663e-03
   2  p1           1.46765e-02   8.65545e-03   4.15720e-05  -2.28018e+01
   3  p2           2.96155e-01   6.69835e-03   1.24544e-04   2.69099e+01
   4  p3           7.49538e+03   4.39113e+03   3.93990e+01  -1.23995e-03
   5  p4           2.12226e-02   5.46011e-03  -7.27741e-06   3.22740e+01
   6  p5           3.08692e-01   5.19067e-03  -8.79832e-05  -4.25514e+01
 FCN=52.3111 FROM MIGRAD    STATUS=CONVERGED     643 CALLS         644 TOTAL
                     EDM=4.52069e-08    STRATEGY= 1      ERROR MATRIX ACCURATE 
  EXT PARAMETER                                   STEP         FIRST   
  NO.   NAME      VALUE            ERROR          SIZE      DERIVATIVE 
   1  p0           4.43972e+01   3.42588e+01   9.25622e-02  -8.92429e-06
   2  p1           7.87070e-02   4.79564e-02   1.69878e-04   2.27056e-03
   3  p2           8.00000e-02   3.00397e-02   1.29993e-03** at limit **
   4  p3           1.93566e+03   1.64194e+01   3.61611e-02  -3.45706e-06
   5  p4           3.83497e-08   2.00606e-03   7.03414e-06   3.57714e-04
   6  p5           3.77136e-01   1.57539e-03   9.57456e-06   2.06595e-03
 FCN=82.1613 FROM MIGRAD    STATUS=CONVERGED     760 CALLS         761 TOTAL
                     EDM=5.04837e-09    STRATEGY= 1  ERROR MATRIX UNCERTAINTY   2.1 per cent
  EXT PARAMETER                                   STEP         FIRST   
  NO.   NAME      VALUE            ERROR          SIZE      DERIVATIVE 
   1  p0           3.98060e+03   2.22134e+02   5.08076e-02  -1.03279e-06
   2  p1           9.47466e-02   4.90265e-03  -1.24580e-06  -1.93340e-02
   3  p2           3.38805e-01   6.52157e-03   7.08267e-06   4.37631e-03
   4  p3           2.31901e+03   2.30902e+02  -6.34586e-02   2.54284e-07
   5  p4          -5.28983e-02   9.39920e-03  -1.78900e-06   1.65295e-03
   6  p5           4.92376e-01   6.55889e-03   4.42842e-06   3.86649e-03
 FCN=150.673 FROM MIGRAD    STATUS=CONVERGED     481 CALLS         482 TOTAL
                     EDM=1.58288e-08    STRATEGY= 1  ERROR MATRIX UNCERTAINTY   1.2 per cent
  EXT PARAMETER                                   STEP         FIRST   
  NO.   NAME      VALUE            ERROR          SIZE      DERIVATIVE 
   1  p0           5.72342e+03   5.63087e+01  -2.68323e-02   4.42718e-06
   2  p1           9.37716e-04   1.40745e-03  -4.66488e-07  -2.90394e-02
   3  p2           2.18615e-01   2.24053e-03  -9.61067e-06   1.46783e-02
   4  p3           2.32199e+03   5.39108e+01   4.66842e-02   1.94900e-06
   5  p4           1.65790e-03   2.50696e-03  -3.20787e-06  -4.96340e-02
   6  p5           5.30869e-01   3.86212e-03  -6.19460e-06   8.41153e-04
 FCN=30.9537 FROM MIGRAD    STATUS=CALL LIMIT   1793 CALLS        1794 TOTAL
                     EDM=0.000971248    STRATEGY= 1  ERROR MATRIX UNCERTAINTY  20.0 per cent
  EXT PARAMETER                APPROXIMATE        STEP         FIRST   
  NO.   NAME      VALUE            ERROR          SIZE      DERIVATIVE 
   1  p0          -8.79666e+03   8.21168e+03  -7.10332e+01   6.19288e-04
   2  p1          -2.64692e-01   3.44413e-03  -6.63751e-05  -1.50988e+01
   3  p2           1.95301e-01   5.79820e-03   2.03655e-04   4.39106e+00
   4  p3           1.04854e+04   8.21332e+03   7.10881e+01   5.99021e-04
   5  p4          -2.60679e-01   4.52596e-03  -7.84057e-05   1.04014e+01
   6  p5           2.04869e-01   3.60758e-03  -3.38317e-05  -6.84263e+00
 FCN=13.8314 FROM MIGRAD    STATUS=CONVERGED     749 CALLS         750 TOTAL
                     EDM=6.44493e-08    STRATEGY= 1  ERROR MATRIX UNCERTAINTY   2.4 per cent
  EXT PARAMETER                                   STEP         FIRST   
  NO.   NAME      VALUE            ERROR          SIZE      DERIVATIVE 
   1  p0           2.08329e+03   1.66309e+02  -1.89418e-01   1.23046e-05
   2  p1           1.08237e-02   2.07057e-03  -2.57470e-06   4.80005e-02
   3  p2           1.45210e-01   4.90852e-03   3.19677e-06  -6.96867e-03
   4  p3           5.54479e+02   1.75569e+02   1.23508e-01   1.57067e-05
   5  p4           6.04498e-03   4.88943e-03   8.91971e-06  -1.25778e-02
   6  p5           2.30023e-01   1.25648e-02  -6.00932e-05   1.79389e-02
 FCN=41.8226 FROM MIGRAD    STATUS=CONVERGED     413 CALLS         414 TOTAL
                     EDM=7.92243e-07    STRATEGY= 1  ERROR MATRIX UNCERTAINTY   3.2 per cent
  EXT PARAMETER                                   STEP         FIRST   
  NO.   NAME      VALUE            ERROR          SIZE      DERIVATIVE 
   1  p0          -7.06656e+01   2.96091e+01   3.86600e-02   4.42455e-06
   2  p1          -6.16718e-03   2.97237e-02   1.01446e-04   2.30502e-02
   3  p2           8.00000e-02   2.21593e-02  -5.55001e-04** at limit **
   4  p3           1.33515e+03   1.55367e+01  -2.09378e-02  -5.04489e-05
   5  p4           4.13533e-02   2.25779e-03  -4.29312e-06   3.71666e-01
   6  p5           3.26322e-01   1.80115e-03   1.86451e-06   4.85951e-02
 FCN=73.9298 FROM MIGRAD    STATUS=CONVERGED     923 CALLS         924 TOTAL
                     EDM=5.71441e-07    STRATEGY= 1      ERROR MATRIX ACCURATE 
  EXT PARAMETER                                   STEP         FIRST   
  NO.   NAME      VALUE            ERROR          SIZE      DERIVATIVE 
   1  p0           2.93996e+02   4.96898e+02   3.28392e-02   5.04648e-05
   2  p1           1.94400e-01   1.64035e-01   3.75965e-05  -1.18093e-02
   3  p2           3.35385e-01   4.27991e-02   5.13587e-05  -3.09884e-02
   4  p3           8.93926e+02   4.63458e+02   3.30539e-02   4.70279e-05
   5  p4          -5.32105e-02   9.16124e-02   1.38576e-05   1.18156e-02
   6  p5           3.69912e-01   1.32782e-02   1.90662e-05   6.94530e-02
 FCN=73.2267 FROM MIGRAD    STATUS=CONVERGED     681 CALLS         682 TOTAL
                     EDM=3.66645e-08    STRATEGY= 1  ERROR MATRIX UNCERTAINTY   2.7 per cent
  EXT PARAMETER                                   STEP         FIRST   
  NO.   NAME      VALUE            ERROR          SIZE      DERIVATIVE 
   1  p0           2.90104e+03   1.86180e+02  -7.52918e-02   1.05401e-05
   2  p1           8.54218e-02   6.29789e-03  -8.01054e-07  -1.98679e-02
   3  p2           3.56038e-01   7.40280e-03  -1.29357e-05   4.93345e-02
   4  p3           1.11484e+03   1.93793e+02   8.77485e-02   1.39609e-05
   5  p4          -8.71313e-02   1.88717e-02   1.04271e-05   2.38128e-03
   6  p5           4.99915e-01   1.02480e-02   4.33025e-06   8.23901e-03
 FCN=132.365 FROM MIGRAD    STATUS=CONVERGED     498 CALLS         499 TOTAL
                     EDM=1.16985e-07    STRATEGY= 1  ERROR MATRIX UNCERTAINTY   1.0 per cent
  EXT PARAMETER                                   STEP         FIRST   
  NO.   NAME      VALUE            ERROR          SIZE      DERIVATIVE 
   1  p0           3.70531e+03   4.32331e+01   1.90859e-01   5.67110e-06
   2  p1           2.66984e-04   1.72490e-03   6.41585e-06   2.17982e-01
   3  p2           2.24770e-01   2.77544e-03   5.34426e-06   7.90919e-02
   4  p3           1.39234e+03   4.24081e+01  -1.76908e-01   2.62834e-05
   5  p4           4.20824e-03   3.29652e-03  -1.89308e-05   1.44625e-01
   6  p5           5.41484e-01   5.16258e-03   4.27740e-05  -2.92671e-03
 FCN=31.2036 FROM MIGRAD    STATUS=CALL LIMIT   1786 CALLS        1787 TOTAL
                     EDM=0.00118133    STRATEGY= 1  ERROR MATRIX UNCERTAINTY  26.2 per cent
  EXT PARAMETER                APPROXIMATE        STEP         FIRST   
  NO.   NAME      VALUE            ERROR          SIZE      DERIVATIVE 
   1  p0          -7.92502e+03   7.24568e+03  -1.73499e+02   1.78962e-04
   2  p1          -2.74108e-01   4.64614e-03   1.48102e-05   1.22161e+02
   3  p2           1.96872e-01   4.88514e-03   4.95793e-04   6.33236e+00
   4  p3           8.97623e+03   7.24719e+03   1.73695e+02   7.81794e-05
   5  p4          -2.68987e-01   5.00783e-03  -9.06331e-05  -1.36369e+02
   6  p5           2.03739e-01   3.12717e-03  -4.05686e-06  -4.08885e+00
 FCN=28.0087 FROM MIGRAD    STATUS=CONVERGED     592 CALLS         593 TOTAL
                     EDM=1.15944e-08    STRATEGY= 1  ERROR MATRIX UNCERTAINTY   2.2 per cent
  EXT PARAMETER                                   STEP         FIRST   
  NO.   NAME      VALUE            ERROR          SIZE      DERIVATIVE 
   1  p0           1.10207e+03   1.03902e+02   1.09475e-01   7.27676e-06
   2  p1           1.64008e-02   3.11954e-03  -4.26289e-06  -4.15685e-02
   3  p2           1.28992e-01   5.76723e-03   1.93792e-05   3.47847e-03
   4  p3           5.95091e+02   1.08468e+02  -9.73857e-02   6.82813e-06
   5  p4           7.81298e-03   4.09697e-03   7.38241e-06  -4.31699e-02
   6  p5           2.12097e-01   7.08239e-03   1.50847e-05  -3.77296e-03
 FCN=49.3901 FROM MIGRAD    STATUS=CALL LIMIT   1794 CALLS        1795 TOTAL
                     EDM=0.00174706    STRATEGY= 1  ERROR MATRIX UNCERTAINTY   9.5 per cent
  EXT PARAMETER                APPROXIMATE        STEP         FIRST   
  NO.   NAME      VALUE            ERROR          SIZE      DERIVATIVE 
   1  p0          -3.79419e+03   3.64849e+03  -7.06713e+01  -3.78965e-03
   2  p1           1.04061e-02   1.23889e-02   1.59875e-04  -3.63826e+00
   3  p2           2.90551e-01   6.44097e-03   2.26515e-04   4.30797e+01
   4  p3           4.60176e+03   3.64749e+03   7.07210e+01  -4.02147e-03
   5  p4           1.62951e-02   8.89415e-03   3.75444e-05   1.76350e+00
   6  p5           2.97865e-01   6.62139e-03  -1.28337e-04  -5.57978e+01
 FCN=40.0064 FROM MIGRAD    STATUS=CONVERGED     294 CALLS         295 TOTAL
                     EDM=1.95448e-07    STRATEGY= 1  ERROR MATRIX UNCERTAINTY   1.5 per cent
  EXT PARAMETER                                   STEP         FIRST   
  NO.   NAME      VALUE            ERROR          SIZE      DERIVATIVE 
   1  p0           1.67322e+01   2.08379e+01   5.67326e-02   5.97398e-06
   2  p1           1.60415e-02   1.00516e-01  -6.25766e-05   2.39572e-01
   3  p2           9.65165e-02   3.25085e-03   1.66857e-05   8.86961e-01
   4  p3           7.07575e+02   1.08359e+01  -3.52774e-02  -1.28337e-05
   5  p4           5.97307e-03   3.31894e-03  -7.31552e-06   4.25740e-02
   6  p5           3.77129e-01   2.70260e-03   1.05116e-05  -2.71167e-02
 FCN=54.1369 FROM MIGRAD    STATUS=CONVERGED     879 CALLS         880 TOTAL
                     EDM=6.44961e-07    STRATEGY= 1      ERROR MATRIX ACCURATE 
  EXT PARAMETER                                   STEP         FIRST   
  NO.   NAME      VALUE            ERROR          SIZE      DERIVATIVE 
   1  p0           1.80024e+03   1.62434e+02   4.62708e-02  -1.55186e-06
   2  p1           8.82162e-02   7.90252e-03   9.95586e-06   2.09191e-01
   3  p2           3.50459e-01   1.00603e-02   1.55529e-05  -3.32245e-02
   4  p3           8.55083e+02   1.68575e+02   3.17134e-02  -1.06994e-05
   5  p4          -6.00981e-02   1.81817e-02   1.59953e-05  -2.55192e-02
   6  p5           4.97925e-01   1.24110e-02   1.92841e-05   2.43356e-02
 FCN=86.5071 FROM MIGRAD    STATUS=CONVERGED     440 CALLS         441 TOTAL
                     EDM=9.92718e-08    STRATEGY= 1  ERROR MATRIX UNCERTAINTY   1.7 per cent
  EXT PARAMETER                                   STEP         FIRST   
  NO.   NAME      VALUE            ERROR          SIZE      DERIVATIVE 
   1  p0           2.41043e+03   3.44821e+01  -1.64026e-01  -1.02917e-05
   2  p1           4.10227e-03   2.16823e-03  -4.60804e-06   4.68806e-02
   3  p2           2.15944e-01   3.27246e-03  -3.93646e-05  -5.60290e-02
   4  p3           9.99521e+02   3.24003e+01   2.29373e-01  -3.13046e-05
   5  p4          -1.01836e-03   3.78439e-03   1.08048e-05  -1.04184e-01
   6  p5           5.34255e-01   5.54886e-03  -7.73186e-05   1.06128e-03
 FCN=35.4498 FROM MIGRAD    STATUS=CONVERGED     604 CALLS         605 TOTAL
                     EDM=4.05461e-08    STRATEGY= 1      ERROR MATRIX ACCURATE 
  EXT PARAMETER                                   STEP         FIRST   
  NO.   NAME      VALUE            ERROR          SIZE      DERIVATIVE 
   1  p0          -2.13467e+02   6.18696e+01   3.62180e-02   8.20299e-06
   2  p1          -2.77754e-01   1.28723e-02   2.78731e-05   4.49859e-03
   3  p2           1.21508e-01   2.09290e-02   1.12843e-04  -2.86562e-03
   4  p3           8.97059e+02   6.44168e+01   2.43618e-02   1.30452e-05
   5  p4          -2.42502e-01   3.02545e-03   6.48217e-06   5.49306e-02
   6  p5           2.26448e-01   3.75109e-03   1.15203e-05  -7.82416e-03
 FCN=35.945 FROM MIGRAD    STATUS=CONVERGED     669 CALLS         670 TOTAL
                     EDM=8.18722e-07    STRATEGY= 1      ERROR MATRIX ACCURATE 
  EXT PARAMETER                                   STEP         FIRST   
  NO.   NAME      VALUE            ERROR          SIZE      DERIVATIVE 
   1  p0           6.64214e+02   1.91359e+02   4.02082e-02  -6.29785e-05
   2  p1           2.52586e-02   4.83144e-03   9.26979e-06  -3.66627e-03
   3  p2           1.33779e-01   1.43215e-02   2.91587e-05   1.89242e-03
   4  p3           4.28512e+02   2.00481e+02   2.61613e-02  -6.63202e-05
   5  p4           9.76701e-03   6.93543e-03   1.07227e-05  -7.48198e-02
   6  p5           2.05729e-01   1.53328e-02   1.86708e-05  -2.95591e-02
 FCN=23.4567 FROM MIGRAD    STATUS=CONVERGED     393 CALLS         394 TOTAL
                     EDM=9.94666e-08    STRATEGY= 1  ERROR MATRIX UNCERTAINTY   2.0 per cent
  EXT PARAMETER                                   STEP         FIRST   
  NO.   NAME      VALUE            ERROR          SIZE      DERIVATIVE 
   1  p0          -2.67142e+01   1.95202e+01  -2.02877e-03  -4.14517e-05
   2  p1           6.05899e-02   5.69864e-02  -1.04696e-04   2.21535e-03
   3  p2           8.00000e-02   5.73183e-01  -2.18590e-03** at limit **
   4  p3           5.61256e+02   1.03366e+01  -1.26770e-03  -6.59389e-05
   5  p4           4.81443e-02   3.41570e-03  -1.10086e-06   1.83362e-03
   6  p5           3.19963e-01   2.78285e-03   5.70975e-07  -9.26856e-03
 FCN=38.8436 FROM MIGRAD    STATUS=CONVERGED     382 CALLS         383 TOTAL
                     EDM=2.26062e-08    STRATEGY= 1  ERROR MATRIX UNCERTAINTY   2.9 per cent
  EXT PARAMETER                                   STEP         FIRST   
  NO.   NAME      VALUE            ERROR          SIZE      DERIVATIVE 
   1  p0           4.71001e+01   1.73701e+01   5.96435e-02   1.41724e-05
   2  p1           3.32843e-02   2.62224e-02   2.07090e-05  -1.82387e-03
   3  p2           8.00000e-02   1.49146e-02  -3.81618e-04** at limit **
   4  p3           4.61272e+02   8.19076e+00  -2.99051e-02   1.38875e-05
   5  p4           1.56002e-02   4.09404e-03  -1.24037e-06  -3.83057e-02
   6  p5           3.75842e-01   3.26342e-03   1.65314e-05   7.47361e-03
 FCN=50.7493 FROM MIGRAD    STATUS=CONVERGED     652 CALLS         653 TOTAL
                     EDM=1.05133e-09    STRATEGY= 1  ERROR MATRIX UNCERTAINTY   2.3 per cent
  EXT PARAMETER                                   STEP         FIRST   
  NO.   NAME      VALUE            ERROR          SIZE      DERIVATIVE 
   1  p0           1.13489e+03   1.17690e+02   3.26482e-02   2.03894e-06
   2  p1           1.01789e-01   9.75832e-03  -3.19232e-06   7.55829e-03
   3  p2           3.42291e-01   1.12851e-02   3.86817e-06   2.71069e-03
   4  p3           7.20637e+02   1.21546e+02  -2.37192e-02   1.79534e-06
   5  p4          -5.60647e-02   1.74526e-02  -1.67577e-06   7.85685e-03
   6  p5           4.78272e-01   9.49860e-03   4.07043e-06   5.16119e-03
 FCN=88.9502 FROM MIGRAD    STATUS=CONVERGED     445 CALLS         446 TOTAL
                     EDM=9.41969e-07    STRATEGY= 1  ERROR MATRIX UNCERTAINTY   3.6 per cent
  EXT PARAMETER                                   STEP         FIRST   
  NO.   NAME      VALUE            ERROR          SIZE      DERIVATIVE 
   1  p0           1.66011e+03   3.06539e+01  -6.46584e-02  -4.20548e-05
   2  p1           9.78119e-03   2.67386e-03   5.74152e-06   2.50798e-01
   3  p2           2.18093e-01   4.39166e-03  -9.48705e-06  -1.56008e-01
   4  p3           7.07238e+02   3.00871e+01   2.48952e-02  -7.30237e-05
   5  p4           2.56501e-03   4.53073e-03  -2.28766e-05   1.27174e-01
   6  p5           5.20503e-01   6.75724e-03  -8.10103e-06   1.12378e-01
 FCN=24.7706 FROM MIGRAD    STATUS=CONVERGED     739 CALLS         740 TOTAL
                     EDM=7.72113e-08    STRATEGY= 1      ERROR MATRIX ACCURATE 
  EXT PARAMETER                                   STEP         FIRST   
  NO.   NAME      VALUE            ERROR          SIZE      DERIVATIVE 
   1  p0          -5.30045e+02   7.18648e+02   2.09313e-02  -1.95125e-05
   2  p1          -2.53877e-01   1.11238e-02   8.38010e-06   4.25126e-02
   3  p2           1.69060e-01   3.07047e-02   2.18766e-05  -3.15199e-03
   4  p3           1.00319e+03   7.21715e+02   1.80573e-02  -1.97356e-05
   5  p4          -2.42575e-01   6.30820e-03   4.22179e-06  -4.99354e-02
   6  p5           2.09419e-01   1.37369e-02   8.19338e-06   4.65791e-03
 FCN=12.9927 FROM MIGRAD    STATUS=CONVERGED     585 CALLS         586 TOTAL
                     EDM=3.70422e-07    STRATEGY= 1  ERROR MATRIX UNCERTAINTY   2.7 per cent
  EXT PARAMETER                                   STEP         FIRST   
  NO.   NAME      VALUE            ERROR          SIZE      DERIVATIVE 
   1  p0           4.72611e+02   9.43790e+01   7.82234e-02   1.98217e-05
   2  p1           1.31993e-02   5.84338e-03   3.31440e-06  -6.50108e-02
   3  p2           1.29134e-01   9.98441e-03   5.49691e-06  -1.62222e-02
   4  p3           3.02037e+02   9.83969e+01  -6.04884e-02   1.83590e-05
   5  p4           3.37576e-02   6.14241e-03  -7.47312e-06   1.24685e-01
   6  p5           1.97216e-01   1.01052e-02   2.35302e-05   3.38280e-02
 FCN=37.2061 FROM MIGRAD    STATUS=CONVERGED     456 CALLS         457 TOTAL
                     EDM=1.23632e-06    STRATEGY= 1      ERROR MATRIX ACCURATE 
  EXT PARAMETER                                   STEP         FIRST   
  NO.   NAME      VALUE            ERROR          SIZE      DERIVATIVE 
   1  p0          -3.24133e+01   1.48790e+01   3.20731e-02   2.31086e-05
   2  p1          -9.38869e-02   3.15129e-02   9.29738e-05   2.53717e-02
   3  p2           8.00000e-02   1.88870e-02   8.69391e-04** at limit **
   4  p3           3.92104e+02   8.14920e+00   1.49167e-02   1.22784e-04
   5  p4           4.44986e-02   4.28743e-03   1.20648e-05   8.98801e-02
   6  p5           3.13311e-01   3.10591e-03   1.75246e-05  -5.90378e-02
 FCN=53.1741 FROM MIGRAD    STATUS=CONVERGED     603 CALLS         604 TOTAL
                     EDM=4.28343e-07    STRATEGY= 1      ERROR MATRIX ACCURATE 
  EXT PARAMETER                                   STEP         FIRST   
  NO.   NAME      VALUE            ERROR          SIZE      DERIVATIVE 
   1  p0          -6.57254e+01   1.13835e+02   2.05045e-02  -2.27441e-05
   2  p1           2.81761e-02   4.55465e-02   9.67295e-05   2.15513e-02
   3  p2           2.44915e-01   1.21654e-01   1.99215e-04   3.17365e-03
   4  p3           3.79985e+02   1.16477e+02   1.55054e-02  -4.28318e-05
   5  p4           1.55016e-02   8.46505e-03   1.51747e-05  -1.97472e-01
   6  p5           3.58025e-01   1.60489e-02   2.13497e-05  -5.70923e-02
 FCN=59.1451 FROM MIGRAD    STATUS=CONVERGED     744 CALLS         745 TOTAL
                     EDM=6.33001e-09    STRATEGY= 1      ERROR MATRIX ACCURATE 
  EXT PARAMETER                                   STEP         FIRST   
  NO.   NAME      VALUE            ERROR          SIZE      DERIVATIVE 
   1  p0           7.50163e+02   1.13099e+02   3.46971e-02   8.92179e-06
   2  p1           9.14770e-02   1.17862e-02   1.75822e-05   7.79709e-03
   3  p2           3.38462e-01   1.54224e-02   2.81498e-05   9.47174e-03
   4  p3           5.49621e+02   1.16602e+02   2.48383e-02   1.05990e-05
   5  p4          -3.13213e-02   1.70836e-02   1.90997e-05   6.61870e-03
   6  p5           4.74276e-01   1.23258e-02   2.31212e-05   5.22158e-03
 FCN=47.4867 FROM MIGRAD    STATUS=CONVERGED     451 CALLS         452 TOTAL
                     EDM=4.419e-07    STRATEGY= 1  ERROR MATRIX UNCERTAINTY   1.4 per cent
  EXT PARAMETER                                   STEP         FIRST   
  NO.   NAME      VALUE            ERROR          SIZE      DERIVATIVE 
   1  p0           1.23220e+03   2.39506e+01  -2.64902e-02   5.24858e-05
   2  p1           5.90453e-03   2.97865e-03   9.14497e-06   2.13825e-01
   3  p2           2.23989e-01   4.46030e-03   7.68848e-06   9.77246e-02
   4  p3           4.36799e+02   2.24481e+01   1.78063e-02   5.30943e-05
   5  p4           1.00757e-02   5.87842e-03   2.96803e-05   1.13579e-01
   6  p5           5.44719e-01   8.88036e-03   5.29924e-06  -6.89129e-03
 FCN=26.5675 FROM MIGRAD    STATUS=CALL LIMIT   1790 CALLS        1791 TOTAL
                     EDM=0.000165776    STRATEGY= 1  ERROR MATRIX UNCERTAINTY  16.4 per cent
  EXT PARAMETER                APPROXIMATE        STEP         FIRST   
  NO.   NAME      VALUE            ERROR          SIZE      DERIVATIVE 
   1  p0          -1.47702e+03   2.80033e+03  -2.35008e+01   4.46318e-05
   2  p1          -2.67390e-01   9.60738e-03   3.19242e-05   7.51322e+00
   3  p2           1.92803e-01   1.18127e-02   3.13699e-04   6.36651e+00
   4  p3           1.79274e+03   2.80197e+03   2.35080e+01  -1.43393e-04
   5  p4          -2.62622e-01   7.32656e-03  -3.90108e-05  -8.92867e+00
   6  p5           2.03261e-01   9.12470e-03  -2.09043e-04  -8.77171e+00
 FCN=13.3221 FROM MIGRAD    STATUS=CONVERGED     690 CALLS         691 TOTAL
                     EDM=6.32935e-07    STRATEGY= 1  ERROR MATRIX UNCERTAINTY   2.3 per cent
  EXT PARAMETER                                   STEP         FIRST   
  NO.   NAME      VALUE            ERROR          SIZE      DERIVATIVE 
   1  p0           2.98375e+02   8.97406e+01  -5.65508e-03   5.23763e-06
   2  p1           1.76692e-02   6.92360e-03  -1.01867e-05   6.11011e-02
   3  p2           1.33282e-01   1.53360e-02   2.72071e-05   4.46890e-02
   4  p3           1.93613e+02   9.31221e+01   7.16379e-03   4.39098e-05
   5  p4           1.50774e-02   8.32488e-03  -5.23836e-06   6.94946e-02
   6  p5           2.06672e-01   1.63541e-02  -2.32148e-05  -5.69733e-03
 FCN=38.0628 FROM MIGRAD    STATUS=CONVERGED     373 CALLS         374 TOTAL
                     EDM=1.97557e-09    STRATEGY= 1  ERROR MATRIX UNCERTAINTY   1.5 per cent
  EXT PARAMETER                                   STEP         FIRST   
  NO.   NAME      VALUE            ERROR          SIZE      DERIVATIVE 
   1  p0          -3.31332e+01   1.28750e+01   7.00703e-04  -2.20702e-06
   2  p1           1.39582e-02   2.70009e-02   1.82078e-05  -2.57803e-03
   3  p2           8.00000e-02   1.93828e-02  -1.54865e-04** at limit **
   4  p3           2.58738e+02   6.94635e+00  -1.23377e-03  -9.52571e-07
   5  p4           4.29464e-02   5.19283e-03   8.47484e-07   1.21397e-02
   6  p5           3.17157e-01   3.95521e-03   4.29813e-06   9.34904e-04
 FCN=49.5114 FROM MIGRAD    STATUS=CONVERGED     220 CALLS         221 TOTAL
                     EDM=5.64595e-07    STRATEGY= 1  ERROR MATRIX UNCERTAINTY   3.1 per cent
  EXT PARAMETER                                   STEP         FIRST   
  NO.   NAME      VALUE            ERROR          SIZE      DERIVATIVE 
   1  p0          -1.34922e+01   1.09910e+01   8.82855e-03   3.25139e-05
   2  p1          -4.43006e-02   5.31003e-03   1.70291e-06  -1.70936e-01
   3  p2           9.78861e-02   1.86428e-04  -1.01351e-06   9.93272e-01
   4  p3           2.13828e+02   5.97617e+00  -5.11462e-03   1.49278e-05
   5  p4           2.09346e-02   6.11732e-03   1.04294e-05   3.82655e-02
   6  p5           3.76693e-01   5.02860e-03  -6.01059e-06  -1.14350e-01
 FCN=44.1738 FROM MIGRAD    STATUS=CONVERGED    1058 CALLS        1059 TOTAL
                     EDM=2.78743e-08    STRATEGY= 1      ERROR MATRIX ACCURATE 
  EXT PARAMETER                                   STEP         FIRST   
  NO.   NAME      VALUE            ERROR          SIZE      DERIVATIVE 
   1  p0           8.11827e+02   4.26677e+01   2.27388e-02   1.32856e-05
   2  p1           6.64144e-02   9.14251e-03   1.12228e-05   2.71036e-02
   3  p2           3.81682e-01   8.83588e-03   1.60422e-05  -1.09206e-03
   4  p3           8.38899e+01   4.45627e+01   1.19328e-02  -9.64561e-06
   5  p4          -2.26985e-01   1.07974e-01   6.60459e-05   6.56549e-03
   6  p5           5.62807e-01   4.03638e-02   8.55667e-05   2.79615e-05
 FCN=75.8629 FROM MIGRAD    STATUS=CONVERGED     447 CALLS         448 TOTAL
                     EDM=5.69465e-08    STRATEGY= 1  ERROR MATRIX UNCERTAINTY   2.4 per cent
  EXT PARAMETER                                   STEP         FIRST   
  NO.   NAME      VALUE            ERROR          SIZE      DERIVATIVE 
   1  p0           7.79158e+02   2.13221e+01   1.34597e-03  -8.25011e-06
   2  p1           8.31648e-03   4.00055e-03   1.76224e-06  -4.93671e-02
   3  p2           2.04468e-01   6.34192e-03  -2.46438e-05  -3.45802e-02
   4  p3           3.81026e+02   2.07046e+01   1.64141e-02  -3.52222e-05
   5  p4          -2.00717e-03   6.01078e-03  -6.18544e-06   1.71193e-02
   6  p5           5.13644e-01   8.96199e-03  -1.95438e-05   3.67884e-03
 FCN=30.7211 FROM MIGRAD    STATUS=CALL LIMIT   1788 CALLS        1789 TOTAL
                     EDM=0.000147594    STRATEGY= 1  ERROR MATRIX UNCERTAINTY  22.2 per cent
  EXT PARAMETER                APPROXIMATE        STEP         FIRST   
  NO.   NAME      VALUE            ERROR          SIZE      DERIVATIVE 
   1  p0          -1.05331e+03   1.56691e+03   1.52831e+00  -1.10321e-03
   2  p1          -2.60196e-01   1.09969e-02  -3.36881e-05   4.25628e+00
   3  p2           1.92266e-01   8.15044e-03  -2.93306e-05   4.19569e-01
   4  p3           1.28239e+03   1.56453e+03  -1.53969e+00  -1.15203e-03
   5  p4          -2.55049e-01   1.02630e-02  -1.73155e-05  -5.64039e+00
   6  p5           2.01115e-01   7.90858e-03   2.99583e-05  -9.95913e-01
 FCN=17.7578 FROM MIGRAD    STATUS=CONVERGED     869 CALLS         870 TOTAL
                     EDM=9.77426e-08    STRATEGY= 1  ERROR MATRIX UNCERTAINTY   2.1 per cent
  EXT PARAMETER                                   STEP         FIRST   
  NO.   NAME      VALUE            ERROR          SIZE      DERIVATIVE 
   1  p0           3.32169e+02   1.47808e+01   2.52954e-02   1.03787e-05
   2  p1           1.49234e-02   4.53716e-03   1.00458e-05   7.97565e-02
   3  p2           1.51019e-01   5.10491e-03   6.94279e-05   1.88600e-02
   4  p3           1.95915e+01   1.43349e+01  -4.57847e-02   5.42566e-05
   5  p4           1.21781e-01   6.09145e-02   1.11272e-04   1.30613e-02
   6  p5           2.84239e-01   5.15646e-02   3.67418e-04  -3.45965e-03
 FCN=28.2988 FROM MIGRAD    STATUS=CONVERGED     425 CALLS         426 TOTAL
                     EDM=1.4275e-07    STRATEGY= 1      ERROR MATRIX ACCURATE 
  EXT PARAMETER                                   STEP         FIRST   
  NO.   NAME      VALUE            ERROR          SIZE      DERIVATIVE 
   1  p0           2.14068e+01   1.13750e+01   2.13647e-02  -3.06611e-05
   2  p1           1.01228e-01   3.47898e-02   9.03317e-05   3.04093e-03
   3  p2           8.00000e-02   2.31940e-02   8.42473e-04** at limit **
   4  p3           1.72705e+02   5.80251e+00   8.92440e-03  -1.04899e-04
   5  p4           4.79355e-02   6.26272e-03   1.60258e-05   8.66834e-03
   6  p5           3.11767e-01   4.87177e-03   2.31014e-05   1.05438e-02
 FCN=38.0752 FROM MIGRAD    STATUS=CONVERGED     667 CALLS         668 TOTAL
                     EDM=7.91893e-07    STRATEGY= 1      ERROR MATRIX ACCURATE 
  EXT PARAMETER                                   STEP         FIRST   
  NO.   NAME      VALUE            ERROR          SIZE      DERIVATIVE 
   1  p0          -1.70621e+01   8.75870e+00   2.02088e-02   4.70102e-05
   2  p1           1.97182e-01   3.94614e-02   1.18190e-04   1.45183e-02
   3  p2           8.00000e-02   3.57998e-02   1.21210e-03** at limit **
   4  p3           1.58115e+02   4.58977e+00   8.93943e-03  -7.58881e-06
   5  p4           3.03434e-02   7.10203e-03   2.05278e-05   9.65271e-02
   6  p5           3.58405e-01   5.20058e-03   2.85699e-05   1.75007e-02
 FCN=50.576 FROM MIGRAD    STATUS=CONVERGED     873 CALLS         874 TOTAL
                     EDM=1.21423e-06    STRATEGY= 1      ERROR MATRIX ACCURATE 
  EXT PARAMETER                                   STEP         FIRST   
  NO.   NAME      VALUE            ERROR          SIZE      DERIVATIVE 
   1  p0           5.58435e+02   5.65221e+01   2.13642e-02   7.97967e-05
   2  p1           8.59666e-02   1.32133e-02   1.48848e-05   1.81356e-01
   3  p2           3.67458e-01   1.25348e-02   2.17170e-05   1.52562e-01
   4  p3           1.05521e+02   5.74942e+01   1.34957e-02   8.03710e-05
   5  p4          -1.65728e-01   9.85930e-02   5.38588e-05   2.54843e-02
   6  p5           5.00398e-01   2.56385e-02   6.56044e-05   3.42027e-02
 FCN=76.3772 FROM MIGRAD    STATUS=CONVERGED     463 CALLS         464 TOTAL
                     EDM=2.39698e-09    STRATEGY= 1  ERROR MATRIX UNCERTAINTY   2.7 per cent
  EXT PARAMETER                                   STEP         FIRST   
  NO.   NAME      VALUE            ERROR          SIZE      DERIVATIVE 
   1  p0           6.11226e+02   1.74113e+01  -4.08808e-03   5.80008e-06
   2  p1           7.73675e-03   4.22895e-03  -1.25514e-06   1.39445e-02
   3  p2           2.11117e-01   6.57798e-03  -7.95038e-06   1.72043e-03
   4  p3           2.45582e+02   1.66399e+01   1.09893e-02   8.48786e-06
   5  p4          -1.57480e-03   7.50329e-03   6.32224e-06  -2.17472e-03
   6  p5           5.21985e-01   1.12445e-02  -1.57539e-05   1.61456e-03
 FCN=41.4113 FROM MIGRAD    STATUS=CONVERGED     178 CALLS         179 TOTAL
                     EDM=1.83359e-08    STRATEGY= 1  ERROR MATRIX UNCERTAINTY   2.0 per cent
  EXT PARAMETER                                   STEP         FIRST   
  NO.   NAME      VALUE            ERROR          SIZE      DERIVATIVE 
   1  p0          -2.98452e+02   6.09433e+00  -1.06185e-02   0.00000e+00
   2  p1           1.58559e+00   7.55240e-04   3.18428e-07   0.00000e+00
   3  p2           8.38834e-02   1.52747e-04  -2.14926e-06  -1.97795e-08
   4  p3           1.70668e+02   4.60330e+00   3.20019e-04  -2.69533e-05
   5  p4          -2.21790e-01   5.24191e-03  -5.34143e-06  -4.51974e-02
   6  p5           2.31594e-01   3.58376e-03   3.59667e-05  -6.37910e-03
 FCN=20.985 FROM MIGRAD    STATUS=CONVERGED     931 CALLS         932 TOTAL
                     EDM=2.28254e-07    STRATEGY= 1      ERROR MATRIX ACCURATE 
  EXT PARAMETER                                   STEP         FIRST   
  NO.   NAME      VALUE            ERROR          SIZE      DERIVATIVE 
   1  p0           2.33222e+02   2.25217e+01   1.37338e-02   3.39994e-05
   2  p1           2.35527e-02   6.38275e-03   9.20465e-06   7.82665e-02
   3  p2           1.47198e-01   8.26808e-03   2.41234e-05   2.56172e-03
   4  p3           2.17741e+01   2.39171e+01   6.34178e-03   3.79320e-05
   5  p4           7.86473e-02   4.18791e-02   5.36358e-05   7.88015e-03
   6  p5           2.51545e-01   5.80939e-02   8.44114e-05  -5.75975e-03
 FCN=32.2999 FROM MIGRAD    STATUS=CONVERGED     471 CALLS         472 TOTAL
                     EDM=5.41781e-09    STRATEGY= 1  ERROR MATRIX UNCERTAINTY   2.0 per cent
  EXT PARAMETER                                   STEP         FIRST   
  NO.   NAME      VALUE            ERROR          SIZE      DERIVATIVE 
   1  p0          -1.65322e+01   9.45806e+00  -3.22577e-03  -4.28255e-06
   2  p1           2.36319e-02   4.21855e-02   1.33270e-05   2.32853e-03
   3  p2           8.00000e-02   8.55704e-02  -6.77253e-04** at limit **
   4  p3           1.35785e+02   5.32206e+00   2.91891e-03   9.53435e-06
   5  p4           6.83953e-02   6.88945e-03  -4.29040e-06  -2.20424e-03
   6  p5           3.01458e-01   5.61516e-03  -8.01784e-06   9.99601e-03
 FCN=32.8778 FROM MIGRAD    STATUS=CONVERGED     522 CALLS         523 TOTAL
                     EDM=4.79184e-07    STRATEGY= 1      ERROR MATRIX ACCURATE 
  EXT PARAMETER                                   STEP         FIRST   
  NO.   NAME      VALUE            ERROR          SIZE      DERIVATIVE 
   1  p0          -1.37391e+01   7.77602e+00   1.63550e-02   2.74269e-05
   2  p1          -6.63353e-02   3.85485e-02   1.08268e-04  -1.32578e-02
   3  p2           8.00000e-02   2.30944e-02   9.04695e-04** at limit **
   4  p3           1.12065e+02   4.01462e+00   6.95339e-03   9.88697e-05
   5  p4           3.25207e-02   8.29673e-03   2.29812e-05  -3.59001e-02
   6  p5           3.63102e-01   6.52977e-03   3.21250e-05  -4.88886e-03
 FCN=58.0887 FROM MIGRAD    STATUS=CONVERGED     758 CALLS         759 TOTAL
                     EDM=2.89623e-08    STRATEGY= 1  ERROR MATRIX UNCERTAINTY   2.7 per cent
  EXT PARAMETER                                   STEP         FIRST   
  NO.   NAME      VALUE            ERROR          SIZE      DERIVATIVE 
   1  p0           5.60756e+02   6.70861e+01  -9.10367e-02  -1.77331e-05
   2  p1           9.40889e-02   1.25543e-02   9.86534e-06   1.03560e-02
   3  p2           3.54599e-01   1.45750e-02  -4.39995e-05   8.83506e-03
   4  p3           2.06150e+02   6.96754e+01   9.28788e-02  -2.23831e-05
   5  p4          -9.19255e-02   4.15095e-02   5.41209e-05   5.90913e-03
   6  p5           4.99962e-01   1.94056e-02  -4.72410e-05  -8.98697e-03
 FCN=58.9486 FROM MIGRAD    STATUS=CONVERGED     492 CALLS         493 TOTAL
                     EDM=2.76374e-07    STRATEGY= 1  ERROR MATRIX UNCERTAINTY   0.9 per cent
  EXT PARAMETER                                   STEP         FIRST   
  NO.   NAME      VALUE            ERROR          SIZE      DERIVATIVE 
   1  p0           7.41728e+02   1.77176e+01   7.90346e-03  -3.23169e-05
   2  p1           5.83437e-03   3.84107e-03   6.31143e-06  -1.50407e-01
   3  p2           2.23946e-01   5.47314e-03   7.21788e-05   4.68590e-02
   4  p3           2.45155e+02   1.60826e+01  -3.17394e-02   7.37850e-05
   5  p4           5.64252e-03   7.77604e-03   1.80683e-05  -3.75488e-02
   6  p5           5.53300e-01   1.16975e-02   3.29670e-05   2.57059e-02
 FCN=34.9919 FROM MIGRAD    STATUS=CALL LIMIT   1794 CALLS        1795 TOTAL
                     EDM=0.000105633    STRATEGY= 1  ERROR MATRIX UNCERTAINTY  30.7 per cent
  EXT PARAMETER                APPROXIMATE        STEP         FIRST   
  NO.   NAME      VALUE            ERROR          SIZE      DERIVATIVE 
   1  p0          -1.77708e+03   4.08351e+03  -3.30006e+01  -1.76502e-03
   2  p1          -2.36895e-01   8.71680e-03   6.83689e-06  -3.00007e+00
   3  p2           1.81880e-01   9.36849e-03   2.71921e-04   8.09558e+00
   4  p3           1.94664e+03   4.08243e+03   3.29674e+01  -1.86515e-03
   5  p4          -2.35359e-01   7.75373e-03  -2.05788e-05   3.30956e+00
   6  p5           1.87967e-01   7.74185e-03  -1.19780e-04  -9.26253e+00
 FCN=10.9508 FROM MIGRAD    STATUS=CONVERGED     842 CALLS         843 TOTAL
                     EDM=4.99975e-07    STRATEGY= 1      ERROR MATRIX ACCURATE 
  EXT PARAMETER                                   STEP         FIRST   
  NO.   NAME      VALUE            ERROR          SIZE      DERIVATIVE 
   1  p0           2.42237e+02   4.07018e+01   1.14503e-02   8.58996e-05
   2  p1           2.61849e-02   5.26050e-03   6.95672e-06  -4.21608e-02
   3  p2           1.34540e-01   1.11023e-02   2.08005e-05  -1.56748e-02
   4  p3           4.71881e+01   4.30976e+01   6.12669e-03  -1.27491e-05
   5  p4           2.93384e-02   1.74564e-02   2.25266e-05  -1.45958e-02
   6  p5           2.25471e-01   4.10630e-02   3.73650e-05  -2.56284e-02
 FCN=49.7734 FROM MIGRAD    STATUS=CONVERGED     456 CALLS         457 TOTAL
                     EDM=1.39352e-06    STRATEGY= 1      ERROR MATRIX ACCURATE 
  EXT PARAMETER                                   STEP         FIRST   
  NO.   NAME      VALUE            ERROR          SIZE      DERIVATIVE 
   1  p0          -6.16482e+00   9.41084e+00   2.30182e-02   2.00272e-05
   2  p1           1.70476e-02   6.10051e-02   2.10639e-04  -1.33267e-02
   3  p2           8.00000e-02   2.97416e-02   1.25244e-03** at limit **
   4  p3           1.37662e+02   5.09991e+00   1.02678e-02   2.22492e-04
   5  p4           8.62225e-02   6.96808e-03   2.35966e-05   3.79618e-02
   6  p5           3.12066e-01   5.53455e-03   3.46157e-05   1.10707e-01
 FCN=42.4587 FROM MIGRAD    STATUS=CONVERGED     385 CALLS         386 TOTAL
                     EDM=6.6339e-08    STRATEGY= 1  ERROR MATRIX UNCERTAINTY   1.0 per cent
  EXT PARAMETER                                   STEP         FIRST   
  NO.   NAME      VALUE            ERROR          SIZE      DERIVATIVE 
   1  p0           2.10878e+01   9.41035e+00   4.97133e-03  -8.69338e-06
   2  p1           1.66617e-02   2.76003e-02  -5.61095e-05  -8.02314e-03
   3  p2           8.00000e-02   1.17418e-02  -1.28939e-04** at limit **
   4  p3           1.13571e+02   4.41796e+00  -4.13432e-03   4.96027e-05
   5  p4           5.91622e-02   8.46801e-03   2.90104e-06  -7.55592e-03
   6  p5           3.61446e-01   6.73344e-03   4.37511e-06   1.07782e-03
 FCN=72.1556 FROM MIGRAD    STATUS=CONVERGED     744 CALLS         745 TOTAL
                     EDM=1.96004e-07    STRATEGY= 1  ERROR MATRIX UNCERTAINTY   1.4 per cent
  EXT PARAMETER                                   STEP         FIRST   
  NO.   NAME      VALUE            ERROR          SIZE      DERIVATIVE 
   1  p0           3.00739e+02   7.16148e+01   2.81878e-02  -1.53689e-05
   2  p1           1.10710e-01   1.77448e-02   3.11072e-05   3.16581e-02
   3  p2           3.19239e-01   2.51588e-02   1.10461e-04  -3.52303e-02
   4  p3           3.09962e+02   7.36825e+01  -5.77508e-02  -5.55430e-05
   5  p4          -1.09774e-02   2.00082e-02  -3.25020e-06  -2.23683e-02
   6  p5           4.56064e-01   1.37183e-02  -2.91230e-06  -2.43989e-02
 FCN=66.417 FROM MIGRAD    STATUS=CONVERGED     467 CALLS         468 TOTAL
                     EDM=6.21791e-07    STRATEGY= 1  ERROR MATRIX UNCERTAINTY   3.5 per cent
  EXT PARAMETER                                   STEP         FIRST   
  NO.   NAME      VALUE            ERROR          SIZE      DERIVATIVE 
   1  p0           5.68251e+02   1.64586e+01  -8.19679e-02   6.73702e-05
   2  p1           4.76966e-03   4.41877e-03  -9.57387e-06  -1.30996e-01
   3  p2           2.07466e-01   6.15955e-03   5.19834e-06   5.92802e-02
   4  p3           2.34576e+02   1.49745e+01   3.96786e-02   3.41712e-05
   5  p4           1.84988e-02   7.32837e-03  -5.73300e-06  -1.43864e-01
   6  p5           5.07574e-01   1.01721e-02  -2.17639e-05  -8.16252e-02
 FCN=22.6332 FROM HESSE     STATUS=NOT POSDEF     40 CALLS        1839 TOTAL
                     EDM=4.86489e-07    STRATEGY= 1      ERR MATRIX NOT POS-DEF
  EXT PARAMETER                APPROXIMATE        STEP         FIRST   
  NO.   NAME      VALUE            ERROR          SIZE      DERIVATIVE 
   1  p0          -4.19363e+02   4.92661e+01   1.93607e-03  -1.35719e-04
   2  p1          -2.61362e-01   1.47817e-02   1.03732e-06   2.18724e-02
   3  p2           1.90621e-01   9.20133e-03   2.31075e-06   1.85852e-01
   4  p3           5.53686e+02   4.92524e+01   1.84663e-03  -1.58287e-04
   5  p4          -2.50084e-01   1.10213e-02   7.71052e-07  -3.65249e-02
   6  p5           2.04421e-01   6.39084e-03   1.56216e-06  -2.83295e-01
 FCN=21.8934 FROM MIGRAD    STATUS=CONVERGED     252 CALLS         253 TOTAL
                     EDM=5.601e-07    STRATEGY= 1  ERROR MATRIX UNCERTAINTY   1.5 per cent
  EXT PARAMETER                                   STEP         FIRST   
  NO.   NAME      VALUE            ERROR          SIZE      DERIVATIVE 
   1  p0           1.06194e+02   1.80526e+01  -2.97932e-02   2.70694e-05
   2  p1           1.06991e-02   9.49392e-03  -3.59866e-05  -9.07643e-03
   3  p2           8.00470e-02   2.12288e-05   3.04619e-06  -4.17915e-01
   4  p3           1.40942e+02   1.21307e+01   1.18893e-02  -2.97941e-05
   5  p4           2.52171e-02   5.93004e-03  -8.15123e-06   7.04564e-03
   6  p5           1.75528e-01   5.53824e-03  -4.54319e-05  -4.73653e-02
 FCN=29.8627 FROM MIGRAD    STATUS=CONVERGED     440 CALLS         441 TOTAL
                     EDM=6.37265e-07    STRATEGY= 1  ERROR MATRIX UNCERTAINTY   5.0 per cent
  EXT PARAMETER                                   STEP         FIRST   
  NO.   NAME      VALUE            ERROR          SIZE      DERIVATIVE 
   1  p0          -1.47063e+01   1.00839e+01  -2.66938e-02  -1.47078e-04
   2  p1           3.88451e-02   5.92619e-02   2.98131e-05  -1.58713e-03
   3  p2           1.18223e-01   5.24754e-02   8.01143e-04   3.17231e-03
   4  p3           1.14155e+02   8.25006e+00   2.54173e-02  -4.21235e-04
   5  p4           5.55880e-02   7.91951e-03   4.40743e-06   1.30427e-01
   6  p5           3.05682e-01   8.26401e-03  -5.65478e-05  -6.56719e-02
 FCN=65.0776 FROM MIGRAD    STATUS=CONVERGED     271 CALLS         272 TOTAL
                     EDM=1.63099e-07    STRATEGY= 1  ERROR MATRIX UNCERTAINTY   1.1 per cent
  EXT PARAMETER                                   STEP         FIRST   
  NO.   NAME      VALUE            ERROR          SIZE      DERIVATIVE 
   1  p0          -1.18303e+01   7.63258e+00   4.78200e-03  -5.79244e-05
   2  p1           8.50046e-02   5.82817e-02   1.78933e-04   5.19667e-02
   3  p2           9.47280e-02   1.36151e-03   3.57518e-05  -2.52501e-01
   4  p3           9.86390e+01   4.24903e+00  -1.78808e-03   1.21411e-05
   5  p4           2.37331e-02   8.78069e-03   1.59710e-06   4.21516e-03
   6  p5           3.40075e-01   6.75472e-03   1.61395e-05   3.33693e-03
 FCN=47.8612 FROM MIGRAD    STATUS=CONVERGED     688 CALLS         689 TOTAL
                     EDM=4.14994e-07    STRATEGY= 1  ERROR MATRIX UNCERTAINTY   5.8 per cent
  EXT PARAMETER                                   STEP         FIRST   
  NO.   NAME      VALUE            ERROR          SIZE      DERIVATIVE 
   1  p0           2.67488e+02   4.92397e+01   3.68870e-02   3.94454e-05
   2  p1           1.05636e-01   1.57708e-02  -1.18385e-05  -1.03943e-01
   3  p2           3.05088e-01   2.44710e-02   4.83770e-05   6.98170e-03
   4  p3           2.24743e+02   5.18640e+01  -3.76817e-02   5.86984e-05
   5  p4          -2.58254e-02   2.11760e-02  -1.52158e-05  -6.06898e-02
   6  p5           4.74301e-01   1.68294e-02   3.20217e-05  -5.88349e-02
 FCN=68.64 FROM MIGRAD    STATUS=CONVERGED     465 CALLS         466 TOTAL
                     EDM=4.73673e-07    STRATEGY= 1  ERROR MATRIX UNCERTAINTY   1.9 per cent
  EXT PARAMETER                                   STEP         FIRST   
  NO.   NAME      VALUE            ERROR          SIZE      DERIVATIVE 
   1  p0           4.69902e+02   1.46438e+01  -8.17230e-02   1.14018e-04
   2  p1           8.18339e-03   4.65170e-03  -5.51308e-06  -8.76641e-02
   3  p2           2.18385e-01   7.78908e-03  -3.78938e-07   1.18029e-01
   4  p3           1.55723e+02   1.41727e+01   5.96818e-02   2.76946e-04
   5  p4           2.13126e-02   9.71084e-03  -4.84356e-06  -2.37329e-02
   6  p5           5.44242e-01   1.60713e-02  -1.59009e-04   1.26468e-02
 FCN=25.9461 FROM MIGRAD    STATUS=CONVERGED     622 CALLS         623 TOTAL
                     EDM=6.53116e-09    STRATEGY= 1      ERROR MATRIX ACCURATE 
  EXT PARAMETER                                   STEP         FIRST   
  NO.   NAME      VALUE            ERROR          SIZE      DERIVATIVE 
   1  p0          -2.77868e+01   2.61322e+01   1.13107e-02  -4.89325e-07
   2  p1          -3.07572e-01   5.67018e-02   6.67902e-05   2.15321e-03
   3  p2           1.24288e-01   6.03289e-02   2.48614e-04   4.58053e-04
   4  p3           1.28657e+02   2.72826e+01   8.04963e-03  -1.76579e-05
   5  p4          -2.28709e-01   1.10987e-02   1.45862e-05  -5.95458e-03
   6  p5           2.22081e-01   1.07835e-02   2.68386e-05  -5.08303e-03
 FCN=19.1683 FROM MIGRAD    STATUS=CONVERGED     506 CALLS         507 TOTAL
                     EDM=1.75328e-07    STRATEGY= 1      ERROR MATRIX ACCURATE 
  EXT PARAMETER                                   STEP         FIRST   
  NO.   NAME      VALUE            ERROR          SIZE      DERIVATIVE 
   1  p0          -1.50939e+01   2.33044e+01   1.59055e-02   4.89895e-05
   2  p1           3.04775e-02   5.27575e-02   9.91067e-05  -9.79205e-03
   3  p2           8.00000e-02   5.54964e-02   1.08749e-03** at limit **
   4  p3           1.74309e+02   1.85797e+01   1.02704e-02   7.53876e-05
   5  p4           2.96774e-02   4.87223e-03   9.10646e-06   3.90676e-02
   6  p5           1.51218e-01   5.55450e-03   2.25873e-05   1.30246e-02
 FCN=21.4664 FROM MIGRAD    STATUS=CONVERGED     396 CALLS         397 TOTAL
                     EDM=1.96557e-08    STRATEGY= 1  ERROR MATRIX UNCERTAINTY   1.8 per cent
  EXT PARAMETER                                   STEP         FIRST   
  NO.   NAME      VALUE            ERROR          SIZE      DERIVATIVE 
   1  p0          -6.78814e+00   7.95059e+00   6.68892e-03  -1.85780e-05
   2  p1           1.42938e-01   6.77876e-02  -5.35194e-05   4.01468e-04
   3  p2           8.00000e-02   6.89578e-02  -2.12389e-04** at limit **
   4  p3           8.43705e+01   4.47934e+00   1.89502e-03  -6.46774e-05
   5  p4           4.93704e-02   9.32496e-03  -1.18088e-05  -1.97938e-02
   6  p5           3.05901e-01   7.93534e-03  -6.48066e-07  -2.37093e-03
 FCN=26.2085 FROM MIGRAD    STATUS=CONVERGED     398 CALLS         399 TOTAL
                     EDM=5.04837e-09    STRATEGY= 1  ERROR MATRIX UNCERTAINTY   2.5 per cent
  EXT PARAMETER                                   STEP         FIRST   
  NO.   NAME      VALUE            ERROR          SIZE      DERIVATIVE 
   1  p0          -1.47662e+01   6.11854e+00  -3.31654e-03  -2.20032e-05
   2  p1          -1.28176e-01   3.24403e-02   3.77881e-05   1.10115e-03
   3  p2           8.00000e-02   3.00149e-02  -3.10374e-04** at limit **
   4  p3           7.46365e+01   3.35509e+00   1.62468e-03  -3.56054e-05
   5  p4          -4.38905e-04   1.04491e-02  -6.99373e-06   3.04747e-03
   6  p5           3.52984e-01   8.43946e-03  -6.45726e-06   2.62459e-03
 FCN=75.9757 FROM MIGRAD    STATUS=CONVERGED    1040 CALLS        1041 TOTAL
                     EDM=1.12078e-06    STRATEGY= 1      ERROR MATRIX ACCURATE 
  EXT PARAMETER                                   STEP         FIRST   
  NO.   NAME      VALUE            ERROR          SIZE      DERIVATIVE 
   1  p0           3.65722e+02   5.05114e+01   2.10717e-02   2.11162e-04
   2  p1           6.62018e-02   1.41143e-02   2.24942e-05   1.71713e-02
   3  p2           3.66331e-01   1.86184e-02   3.34380e-05   2.69468e-02
   4  p3           5.94586e+01   5.31558e+01   1.24726e-02   1.28715e-04
   5  p4          -1.01655e-01   9.13455e-02   8.93996e-05   1.19469e-02
   6  p5           5.41568e-01   6.89262e-02   1.05926e-04  -2.03139e-02
 FCN=65.8702 FROM MIGRAD    STATUS=CONVERGED     464 CALLS         465 TOTAL
                     EDM=7.4835e-09    STRATEGY= 1  ERROR MATRIX UNCERTAINTY   1.0 per cent
  EXT PARAMETER                                   STEP         FIRST   
  NO.   NAME      VALUE            ERROR          SIZE      DERIVATIVE 
   1  p0           4.00240e+02   1.46078e+01   6.65214e-04  -1.07157e-05
   2  p1           6.63455e-03   5.29766e-03   8.46527e-06   1.14797e-02
   3  p2           2.11800e-01   8.32898e-03  -4.29892e-05   3.14348e-03
   4  p3           1.61689e+02   1.43190e+01   1.41681e-02   9.15601e-06
   5  p4           4.40953e-03   9.34054e-03   3.48111e-07  -3.61784e-03
   6  p5           5.00166e-01   1.31218e-02  -1.77447e-05   4.84722e-03
 FCN=10.3925 FROM MIGRAD    STATUS=CONVERGED     502 CALLS         503 TOTAL
                     EDM=1.94111e-06    STRATEGY= 1      ERROR MATRIX ACCURATE 
  EXT PARAMETER                                   STEP         FIRST   
  NO.   NAME      VALUE            ERROR          SIZE      DERIVATIVE 
   1  p0          -1.34395e+01   2.38870e+01   6.32952e-03  -2.10521e-04
   2  p1          -3.28739e-01   1.05248e-01   8.65666e-05   4.77741e-03
   3  p2           1.46275e-01   1.20864e-01   2.68067e-04   1.80563e-03
   4  p3           1.10150e+02   2.44263e+01   4.85850e-03  -2.65194e-04
   5  p4          -2.22125e-01   1.92706e-02   1.06442e-05  -5.93353e-02
   6  p5           2.33595e-01   9.12031e-03   1.89124e-05   5.65268e-02
 FCN=10.232 FROM MIGRAD    STATUS=CONVERGED    1223 CALLS        1224 TOTAL
                     EDM=1.77066e-07    STRATEGY= 1  ERROR MATRIX UNCERTAINTY   2.6 per cent
  EXT PARAMETER                                   STEP         FIRST   
  NO.   NAME      VALUE            ERROR          SIZE      DERIVATIVE 
   1  p0           1.47938e+02   2.32950e+01   3.04006e-04  -2.10778e-05
   2  p1           2.76939e-02   6.06054e-03   1.73358e-06  -5.16293e-02
   3  p2           1.46773e-01   1.51482e-02  -2.06315e-05  -1.75778e-02
   4  p3           7.30649e+00   2.61971e+01   5.10981e-03  -8.82808e-05
   5  p4           3.92154e-02   7.19421e-02  -7.81438e-05  -2.47819e-03
   6  p5           2.77738e-01   2.41285e-01  -2.11260e-04   1.06857e-05
 FCN=22.2041 FROM MIGRAD    STATUS=CONVERGED     389 CALLS         390 TOTAL
                     EDM=8.81813e-08    STRATEGY= 1  ERROR MATRIX UNCERTAINTY   4.3 per cent
  EXT PARAMETER                                   STEP         FIRST   
  NO.   NAME      VALUE            ERROR          SIZE      DERIVATIVE 
   1  p0           9.61463e+00   7.38052e+00   1.53149e-02   1.79389e-05
   2  p1           1.10418e-02   5.10999e-02  -1.51711e-05  -2.33972e-03
   3  p2           8.00000e-02   6.04209e-02  -1.07605e-03** at limit **
   4  p3           7.18777e+01   3.86157e+00  -8.66889e-03   1.13227e-05
   5  p4           7.39453e-02   9.89873e-03   3.03029e-06  -4.76336e-02
   6  p5           3.17587e-01   8.60270e-03   3.80764e-05   9.97778e-03
 FCN=58.9953 FROM MIGRAD    STATUS=CALL LIMIT   1792 CALLS        1793 TOTAL
                     EDM=2.98366e-05    STRATEGY= 1      ERR MATRIX NOT POS-DEF
  EXT PARAMETER                APPROXIMATE        STEP         FIRST   
  NO.   NAME      VALUE            ERROR          SIZE      DERIVATIVE 
   1  p0          -3.74617e+02   6.59388e+02   1.00779e+00  -2.81185e-03
   2  p1           1.31221e-02   2.22769e-02   1.32769e-05   2.35903e-01
   3  p2           2.71741e-01   1.53323e-02  -8.35072e-05   1.42332e+00
   4  p3           4.38089e+02   6.57780e+02  -1.01269e+00  -2.95527e-03
   5  p4           1.47027e-02   1.76744e-02   1.47531e-05  -2.91043e-01
   6  p5           2.84312e-01   1.60096e-02   2.26945e-05  -1.77308e+00
 FCN=53.7973 FROM MIGRAD    STATUS=CONVERGED     626 CALLS         627 TOTAL
                     EDM=2.15287e-06    STRATEGY= 1      ERROR MATRIX ACCURATE 
  EXT PARAMETER                                   STEP         FIRST   
  NO.   NAME      VALUE            ERROR          SIZE      DERIVATIVE 
   1  p0           2.12852e+02   5.51189e+01   2.09537e-02   5.33851e-05
   2  p1           1.01867e-01   1.46462e-02   3.45419e-05  -7.79078e-02
   3  p2           3.00031e-01   3.17912e-02   6.13548e-05   4.15411e-02
   4  p3           2.28725e+02   5.77688e+01   1.41126e-02   2.84349e-04
   5  p4           1.38562e-02   1.91609e-02   2.56466e-05  -1.60309e-01
   6  p5           4.61407e-01   1.74044e-02   3.11943e-05   1.79564e-01
 FCN=57.1659 FROM MIGRAD    STATUS=CONVERGED     523 CALLS         524 TOTAL
                     EDM=2.35633e-08    STRATEGY= 1      ERROR MATRIX ACCURATE 
  EXT PARAMETER                                   STEP         FIRST   
  NO.   NAME      VALUE            ERROR          SIZE      DERIVATIVE 
   1  p0           4.33750e+02   1.38968e+01   3.03262e-02   8.25648e-07
   2  p1           2.59042e-03   4.87379e-03   1.68030e-05  -5.66358e-03
   3  p2           2.04534e-01   6.64746e-03   3.76710e-05  -5.74150e-03
   4  p3           1.61163e+02   1.22367e+01   1.22462e-02  -1.00514e-05
   5  p4           2.79038e-02   9.14478e-03   3.13369e-05  -1.59755e-03
   6  p5           4.97899e-01   1.15160e-02   3.95704e-05   6.54306e-03
 FCN=23.2967 FROM MIGRAD    STATUS=CONVERGED     493 CALLS         494 TOTAL
                     EDM=1.98948e-06    STRATEGY= 1      ERROR MATRIX ACCURATE 
  EXT PARAMETER                                   STEP         FIRST   
  NO.   NAME      VALUE            ERROR          SIZE      DERIVATIVE 
   1  p0           1.80764e+01   1.42644e+01   1.00513e-02  -1.42594e-04
   2  p1          -9.62054e-02   6.57724e-02   9.38446e-05  -1.40370e-02
   3  p2           1.37171e-01   5.49960e-02   2.85240e-04  -1.86146e-03
   4  p3           9.24604e+01   1.32811e+01   7.21731e-03   1.94797e-05
   5  p4          -2.16251e-01   1.73235e-02   1.76957e-05  -4.21303e-02
   6  p5           2.28518e-01   8.03890e-03   3.05839e-05   4.56755e-02
 FCN=23.9407 FROM MIGRAD    STATUS=CONVERGED     863 CALLS         864 TOTAL
                     EDM=1.12527e-06    STRATEGY= 1      ERROR MATRIX ACCURATE 
  EXT PARAMETER                                   STEP         FIRST   
  NO.   NAME      VALUE            ERROR          SIZE      DERIVATIVE 
   1  p0           1.64661e+02   9.70873e+00   1.25119e-02   2.61281e-05
   2  p1           3.35612e-02   4.96298e-03   1.05475e-05   2.55390e-02
   3  p2           1.32626e-01   7.59268e-03   3.09131e-05   1.68660e-02
   4  p3           5.77985e+00   9.78114e+00   3.21746e-03  -6.49910e-04
   5  p4          -1.00315e-03   6.53739e-02   1.35153e-04   4.55793e-03
   6  p5           3.11076e-01   1.98955e-01   2.31494e-04  -1.32849e-02
 FCN=31.0063 FROM MIGRAD    STATUS=CALL LIMIT   1783 CALLS        1784 TOTAL
                     EDM=0.000224858    STRATEGY= 1  ERROR MATRIX UNCERTAINTY  21.7 per cent
  EXT PARAMETER                APPROXIMATE        STEP         FIRST   
  NO.   NAME      VALUE            ERROR          SIZE      DERIVATIVE 
   1  p0          -3.84872e+02   1.34944e+03  -5.95555e+00  -2.41469e-03
   2  p1           3.28347e-02   3.01928e-02   8.63149e-05  -9.81214e-01
   3  p2           2.62508e-01   2.13280e-02   1.83945e-04   3.51790e+00
   4  p3           4.58430e+02   1.34924e+03   5.95302e+00  -2.63976e-03
   5  p4           3.90226e-02   2.13535e-02  -1.41310e-05   1.17587e+00
   6  p5           2.71526e-01   2.05071e-02  -1.73603e-04  -4.50035e+00
 FCN=60.7362 FROM MIGRAD    STATUS=CONVERGED     515 CALLS         516 TOTAL
                     EDM=7.77923e-08    STRATEGY= 1  ERROR MATRIX UNCERTAINTY   1.6 per cent
  EXT PARAMETER                                   STEP         FIRST   
  NO.   NAME      VALUE            ERROR          SIZE      DERIVATIVE 
   1  p0           1.06921e+01   7.20270e+00   5.17592e-03  -4.68827e-05
   2  p1           2.18167e-03   3.40985e-02   2.57434e-06  -1.62664e-03
   3  p2           8.00000e-02   1.35974e-02  -4.81353e-04** at limit **
   4  p3           6.49761e+01   3.42684e+00  -1.08982e-03  -1.01199e-04
   5  p4           2.98071e-02   1.05113e-02   3.19069e-06  -2.17837e-02
   6  p5           3.38343e-01   8.59679e-03   1.15050e-05  -1.85107e-02
 FCN=26.5671 FROM MIGRAD    STATUS=CONVERGED    1237 CALLS        1238 TOTAL
                     EDM=4.90292e-08    STRATEGY= 1  ERROR MATRIX UNCERTAINTY   3.6 per cent
  EXT PARAMETER                                   STEP         FIRST   
  NO.   NAME      VALUE            ERROR          SIZE      DERIVATIVE 
   1  p0           2.71872e+02   3.84613e+01  -5.52017e-02   4.08223e-05
   2  p1           9.56932e-02   1.47478e-02   5.92989e-07  -8.24054e-03
   3  p2           3.40691e-01   1.79015e-02  -4.49496e-05   3.34251e-02
   4  p3           1.06933e+02   3.98276e+01   5.42950e-02   1.10671e-04
   5  p4          -3.39175e-02   3.22945e-02   6.15763e-05  -9.82081e-03
   6  p5           5.10997e-01   2.97943e-02  -7.44472e-05   2.20918e-02
 FCN=75.2623 FROM MIGRAD    STATUS=CONVERGED     451 CALLS         452 TOTAL
                     EDM=2.44898e-07    STRATEGY= 1  ERROR MATRIX UNCERTAINTY   2.5 per cent
  EXT PARAMETER                                   STEP         FIRST   
  NO.   NAME      VALUE            ERROR          SIZE      DERIVATIVE 
   1  p0           3.39634e+02   1.40132e+01  -3.94426e-03   6.63448e-06
   2  p1           4.67900e-04   5.93882e-03   5.90506e-06   6.94667e-02
   3  p2           1.85175e-01   8.69370e-03   1.18526e-05   3.81417e-02
   4  p3           1.77665e+02   1.30892e+01   4.15689e-04   1.19689e-04
   5  p4           2.74832e-02   8.10855e-03  -1.37556e-05   6.95623e-02
   6  p5           4.67562e-01   1.05655e-02   1.78969e-06   4.02670e-02
 FCN=35.8462 FROM MIGRAD    STATUS=CONVERGED     369 CALLS         370 TOTAL
                     EDM=4.53344e-08    STRATEGY= 1  ERROR MATRIX UNCERTAINTY   0.5 per cent
  EXT PARAMETER                                   STEP         FIRST   
  NO.   NAME      VALUE            ERROR          SIZE      DERIVATIVE 
   1  p0          -2.51846e+01   8.76505e+00  -1.34385e-05  -2.92249e-05
   2  p1          -2.97488e-01   2.37321e-02  -1.39398e-05  -4.30001e-03
   3  p2           8.00000e-02   3.15727e-02  -9.15114e-04** at limit **
   4  p3           9.97773e+01   5.86724e+00   1.65638e-04  -1.10564e-04
   5  p4          -2.17007e-01   7.53778e-03  -2.84831e-06   2.76397e-02
   6  p5           2.25038e-01   5.79956e-03   3.36749e-06  -2.57880e-02
 FCN=17.0747 FROM MIGRAD    STATUS=CONVERGED     275 CALLS         276 TOTAL
                     EDM=1.56178e-07    STRATEGY= 1  ERROR MATRIX UNCERTAINTY   0.6 per cent
  EXT PARAMETER                                   STEP         FIRST   
  NO.   NAME      VALUE            ERROR          SIZE      DERIVATIVE 
   1  p0          -1.03563e+01   2.46146e+01  -1.42178e-02   1.15063e-05
   2  p1           4.38907e-02   9.58412e-02  -1.84619e-03   4.56991e-03
   3  p2           8.00069e-02   1.15061e-05   3.14532e-05  -1.21624e-02
   4  p3           1.50145e+02   1.97058e+01   4.88026e-03  -5.94532e-05
   5  p4           4.25157e-02   5.87776e-03  -1.07618e-04  -4.84794e-02
   6  p5           1.43690e-01   5.89878e-03   7.44849e-05  -5.88945e-02
 FCN=42.4868 FROM MIGRAD    STATUS=CONVERGED     471 CALLS         472 TOTAL
                     EDM=4.69883e-08    STRATEGY= 1  ERROR MATRIX UNCERTAINTY   2.6 per cent
  EXT PARAMETER                                   STEP         FIRST   
  NO.   NAME      VALUE            ERROR          SIZE      DERIVATIVE 
   1  p0          -5.01494e+00   6.03808e+00  -2.65186e-03  -4.75027e-03
   2  p1           2.32422e-01   6.84593e-02  -4.19164e-05  -8.40415e-01
   3  p2           8.12678e-02   3.16430e-02   3.68709e-04  -3.91339e-01
   4  p3           6.84606e+01   3.41453e+00   6.35667e-04  -4.48443e-02
   5  p4           7.02415e-02   1.04924e-02   2.16740e-06   2.98257e+00
   6  p5           3.02510e-01   6.57420e-03  -9.83235e-06  -1.20519e+01
 FCN=21.2562 FROM MIGRAD    STATUS=CONVERGED     561 CALLS         562 TOTAL
                     EDM=1.45412e-06    STRATEGY= 1      ERROR MATRIX ACCURATE 
  EXT PARAMETER                                   STEP         FIRST   
  NO.   NAME      VALUE            ERROR          SIZE      DERIVATIVE 
   1  p0          -4.49539e+00   5.76889e+00   9.74811e-03  -2.65544e-04
   2  p1           1.92693e-01   1.04348e-01   2.34068e-04  -5.51135e-03
   3  p2           8.00001e-02   7.06809e-01   3.77182e-03** at limit **
   4  p3           6.15312e+01   3.07915e+00   4.32775e-03  -5.51052e-04
   5  p4           3.76707e-02   1.16523e-02   2.50747e-05  -7.62893e-02
   6  p5           3.44213e-01   9.14726e-03   3.72611e-05  -3.60136e-02
 FCN=43.5565 FROM MIGRAD    STATUS=CONVERGED    1169 CALLS        1170 TOTAL
                     EDM=7.21077e-09    STRATEGY= 1  ERROR MATRIX UNCERTAINTY   4.2 per cent
  EXT PARAMETER                                   STEP         FIRST   
  NO.   NAME      VALUE            ERROR          SIZE      DERIVATIVE 
   1  p0           2.69475e+02   1.53198e+01  -1.76697e-02   4.83315e-06
   2  p1           7.49136e-02   1.29360e-02   2.13674e-05   1.05750e-02
   3  p2           3.87688e-01   1.24825e-02  -4.36080e-05  -4.65450e-03
   4  p3           1.53761e+01   1.61931e+01   2.15331e-02  -2.04204e-05
   5  p4          -2.50259e-01   2.46654e-01   2.25335e-04   8.06433e-05
   6  p5           6.22190e-01   1.23527e-01  -3.15248e-04  -2.17554e-04
 FCN=47.4067 FROM MIGRAD    STATUS=CONVERGED     448 CALLS         449 TOTAL
                     EDM=1.08243e-07    STRATEGY= 1  ERROR MATRIX UNCERTAINTY   1.9 per cent
  EXT PARAMETER                                   STEP         FIRST   
  NO.   NAME      VALUE            ERROR          SIZE      DERIVATIVE 
   1  p0           2.77479e+02   1.27959e+01  -1.28826e-02   6.73927e-05
   2  p1          -3.80413e-04   6.37475e-03   3.26542e-06  -1.22793e-02
   3  p2           2.02857e-01   9.55340e-03   2.59600e-05   3.90529e-02
   4  p3           1.19652e+02   1.20731e+01   1.34289e-03   1.63107e-04
   5  p4           3.05536e-02   1.04084e-02   1.23144e-05  -1.03038e-02
   6  p5           4.79092e-01   1.42334e-02  -1.19796e-05   1.64734e-02
 FCN=31.3759 FROM MIGRAD    STATUS=CONVERGED     708 CALLS         709 TOTAL
                     EDM=9.65851e-07    STRATEGY= 1      ERROR MATRIX ACCURATE 
  EXT PARAMETER                                   STEP         FIRST   
  NO.   NAME      VALUE            ERROR          SIZE      DERIVATIVE 
   1  p0          -7.06389e+01   1.51473e+02   9.31364e-03  -3.38989e-04
   2  p1          -2.06040e-01   2.48108e-02   2.54103e-05   2.86546e-02
   3  p2           1.52072e-01   4.51083e-02   7.46154e-05   2.35320e-02
   4  p3           1.36489e+02   1.51371e+02   7.88092e-03  -4.01265e-04
   5  p4          -1.91784e-01   1.36430e-02   1.26603e-05  -2.02168e-02
   6  p5           1.94584e-01   2.51881e-02   2.60542e-05  -5.00633e-02
 FCN=13.8927 FROM MIGRAD    STATUS=CONVERGED     272 CALLS         273 TOTAL
                     EDM=5.8102e-07    STRATEGY= 1  ERROR MATRIX UNCERTAINTY   1.8 per cent
  EXT PARAMETER                                   STEP         FIRST   
  NO.   NAME      VALUE            ERROR          SIZE      DERIVATIVE 
   1  p0           5.10028e+01   1.88519e+01  -9.33869e-02   2.91212e-05
   2  p1           5.00037e-02   1.78201e-02  -2.21833e-04  -4.30561e-03
   3  p2           8.00015e-02   7.00230e-06  -3.99715e-05   2.30419e-01
   4  p3           7.96297e+01   1.46673e+01   2.21325e-01   8.48953e-05
   5  p4           6.22122e-02   8.51536e-03   1.34661e-04  -3.51327e-02
   6  p5           1.51740e-01   9.81994e-03  -7.48813e-04   7.55023e-03
 FCN=33.8845 FROM MIGRAD    STATUS=CONVERGED     413 CALLS         414 TOTAL
                     EDM=5.63522e-07    STRATEGY= 1  ERROR MATRIX UNCERTAINTY   3.5 per cent
  EXT PARAMETER                                   STEP         FIRST   
  NO.   NAME      VALUE            ERROR          SIZE      DERIVATIVE 
   1  p0           1.28018e+01   6.47725e+00   3.31109e-03   1.60465e-04
   2  p1           6.41025e-02   3.99000e-02  -2.20520e-05  -5.75546e-03
   3  p2           8.01308e-02   8.15346e-01  -3.78074e-03   9.33311e-04
   4  p3           5.12033e+01   3.91197e+00   5.85949e-03   4.45946e-04
   5  p4           1.06495e-01   1.13131e-02   4.83640e-06   8.93894e-03
   6  p5           2.88607e-01   9.89535e-03  -3.88762e-05   1.82194e-02
 FCN=36.765 FROM MIGRAD    STATUS=CONVERGED     380 CALLS         381 TOTAL
                     EDM=1.6034e-09    STRATEGY= 1  ERROR MATRIX UNCERTAINTY   2.4 per cent
  EXT PARAMETER                                   STEP         FIRST   
  NO.   NAME      VALUE            ERROR          SIZE      DERIVATIVE 
   1  p0           1.97835e+01   5.07480e+00  -1.86457e-03  -1.26403e-05
   2  p1          -8.59156e-02   2.80857e-02  -3.64586e-06  -1.45261e-03
   3  p2           1.15723e-01   3.25736e-02   5.71201e-05  -2.18106e-04
   4  p3           3.93291e+01   3.60220e+00  -1.20340e-03  -1.81631e-05
   5  p4           7.98054e-02   1.75701e-02   8.64739e-06   1.12647e-04
   6  p5           3.44929e-01   1.25673e-02   1.28470e-05   1.36169e-03
 FCN=42.5639 FROM MIGRAD    STATUS=CONVERGED     511 CALLS         512 TOTAL
                     EDM=3.9981e-07    STRATEGY= 1      ERROR MATRIX ACCURATE 
  EXT PARAMETER                                   STEP         FIRST   
  NO.   NAME      VALUE            ERROR          SIZE      DERIVATIVE 
   1  p0           2.31401e+01   9.28641e+00   1.79292e-02  -7.83199e-06
   2  p1           1.38044e-01   5.19310e-02   1.53365e-04  -5.75109e-03
   3  p2           1.47515e-01   6.37534e-02   4.94508e-04   2.04200e-03
   4  p3           1.57061e+02   7.71742e+00   8.92334e-03   1.81967e-04
   5  p4          -7.77586e-03   9.08758e-03   2.41029e-05  -8.81612e-03
   6  p5           4.28735e-01   7.53541e-03   3.18042e-05   7.55625e-02
 FCN=33.6001 FROM MIGRAD    STATUS=CONVERGED     486 CALLS         487 TOTAL
                     EDM=1.89721e-08    STRATEGY= 1  ERROR MATRIX UNCERTAINTY   2.4 per cent
  EXT PARAMETER                                   STEP         FIRST   
  NO.   NAME      VALUE            ERROR          SIZE      DERIVATIVE 
   1  p0           1.58857e+02   1.24740e+01  -7.33302e-03   7.83164e-06
   2  p1          -3.10897e-02   9.62877e-03   6.91447e-06   3.51991e-03
   3  p2           2.19887e-01   1.63543e-02  -4.14244e-05   8.55582e-03
   4  p3           7.49957e+01   1.32144e+01   1.17728e-02   8.34214e-05
   5  p4          -6.77343e-02   1.38247e-02  -8.76609e-06   2.01958e-03
   6  p5           4.79348e-01   2.33025e-02  -4.18229e-05   1.38317e-02
 FCN=17.9381 FROM HESSE     STATUS=NOT POSDEF     40 CALLS         487 TOTAL
                     EDM=6.6283e-06    STRATEGY= 1      ERR MATRIX NOT POS-DEF
  EXT PARAMETER                APPROXIMATE        STEP         FIRST   
  NO.   NAME      VALUE            ERROR          SIZE      DERIVATIVE 
   1  p0          -6.71806e+01   2.05838e+03   7.27072e-02  -6.59928e-07
   2  p1           7.54919e-01   8.90547e-01   5.89321e-06  -8.39240e-05
   3  p2           8.72778e-02   8.87326e-01   2.25874e-05  -6.99926e-04
   4  p3           4.15748e+01   2.41129e+00   8.11506e-04   5.96437e-05
   5  p4          -1.22455e-01   1.09802e-02   4.59645e-06   1.57758e-03
   6  p5           2.29228e-01   8.80080e-03   8.40501e-06  -6.77073e-03
 FCN=5.6282 FROM MIGRAD    STATUS=CONVERGED    1359 CALLS        1360 TOTAL
                     EDM=2.67417e-07    STRATEGY= 1      ERROR MATRIX ACCURATE 
  EXT PARAMETER                                   STEP         FIRST   
  NO.   NAME      VALUE            ERROR          SIZE      DERIVATIVE 
   1  p0           5.41643e+00   1.17312e+01   1.67255e-03   2.97482e-04
   2  p1           1.36374e-01   1.63185e-01   7.33577e-05   7.55275e-03
   3  p2           2.54281e-01   2.17737e-01   1.50025e-04  -2.84450e-03
   4  p3           7.40977e+01   1.12020e+01   4.78998e-03   4.09595e-06
   5  p4           6.46685e-02   8.61577e-03   7.89066e-06   8.52156e-02
   6  p5           1.14024e-01   1.31444e-02   2.87972e-05   3.62689e-03
 FCN=25.3001 FROM MIGRAD    STATUS=CONVERGED     362 CALLS         363 TOTAL
                     EDM=4.34138e-08    STRATEGY= 1  ERROR MATRIX UNCERTAINTY   4.2 per cent
  EXT PARAMETER                                   STEP         FIRST   
  NO.   NAME      VALUE            ERROR          SIZE      DERIVATIVE 
   1  p0           1.16796e+01   5.15332e+00  -9.33581e-03  -5.13941e-06
   2  p1           1.54480e-01   2.98090e-02   9.89151e-06  -7.12160e-03
   3  p2           8.00000e-02   2.61422e-02   5.35205e-05** at limit **
   4  p3           2.78877e+01   2.60068e+00   1.21377e-05  -5.44025e-06
   5  p4           1.25331e-01   1.61841e-02   9.61702e-06   4.15996e-03
   6  p5           3.04385e-01   1.50754e-02   1.13689e-05  -5.00921e-03
 FCN=23.2564 FROM MIGRAD    STATUS=CONVERGED     354 CALLS         355 TOTAL
                     EDM=6.82832e-08    STRATEGY= 1  ERROR MATRIX UNCERTAINTY   5.0 per cent
  EXT PARAMETER                                   STEP         FIRST   
  NO.   NAME      VALUE            ERROR          SIZE      DERIVATIVE 
   1  p0          -5.94079e+00   5.51785e+00  -8.75641e-03   5.86505e-05
   2  p1           7.17972e-03   7.49248e-02   6.91574e-05  -8.70977e-04
   3  p2           1.17915e-01   8.87781e-02  -1.47836e-04  -7.32383e-04
   4  p3           3.17819e+01   4.97169e+00   9.95061e-03   1.73506e-04
   5  p4           1.96367e-02   1.57037e-02  -8.80245e-06   1.35098e-02
   6  p5           3.17075e-01   1.91931e-02  -8.66308e-05   1.31644e-02
y_pt_mean_data:
[ 46.20049204  47.80914322  38.12219284  38.71591121  40.39557124
  37.51959258  40.45514623  40.48310181  39.55102449  38.93563437
  45.96520439  44.0868951   48.94743992  45.61325349  42.72824281
  56.27966522  59.10544983  57.36097963  10.94928855]
ey_pt_mean_data:
[  3.69482869   2.92969726   2.98335272   3.6615658    4.64421466
   6.93865678   7.93635005   9.03134931   9.92251156  13.07377657
  19.21016506  14.4487734   13.39730915  12.9200899   17.62296471
  12.17966681  13.96937186  18.08398258  10.35405108]
y_pt_mean_MC:
[ -240.84345476  -239.57877346  -243.28015939  -240.08577171  -239.77847083
  -230.38308513  -231.49400391  -229.91444402  -240.31916366  -231.38374833
  3999.52837481  -219.26409285  -214.87310358  -206.98473273  -207.30871155
  -196.61919204  -189.83496575  -176.49101715  2179.46337404]
ey_pt_mean_MC:
[   12.57738711     3.66910054     4.26419776    28.68638855    33.34060279
    55.27570771     5.64979648    18.28056633    61.24348395    76.53370692
    -7.21986218   127.5541416     64.75840412    21.08007718    26.37534826
    18.04625827    12.878827      38.83317995 -2336.54731643]
y_pt_mean_MC_corr:
[  42.44244436   41.68526993   39.69487607   37.38550174   44.0089937
   43.9631618    47.52229424   56.96907169   47.20371374   53.81261531
   74.60089499   89.46555666   58.06387187   41.18361834   66.52378735
   71.39909763   57.42224508   98.01634022  133.93524552]
ey_pt_mean_MC_corr:
[  50.94342087    1.93901202    8.96857559   28.55712765    2.90561161
   77.17917186    4.57963487    5.46887415    7.15488014    6.76517808
    9.78461354    7.83538507   12.62691779   11.74799109   10.61014213
  206.56033731   12.54847793   12.0663229    14.40623076]
y_pt_mean_diff:
[  287.0439468    287.38791668   281.40235223   278.80168292   280.17404208
   267.90267771   271.94915014   270.39754583   279.87018815   270.3193827
 -3953.56317042   263.35098794   263.8205435    252.59798621   250.03695436
   252.89885726   248.94041558   233.85199678 -2168.51408549]
ey_pt_mean_diff:
[   13.1088682      4.69525556     5.20420752    28.91912779    33.66250918
    55.70950386     9.74196347    20.38981058    62.04208702    77.64233335
    20.52210641   128.36988       66.12971191    24.72444897    31.7210952
    21.77181024    19.00019829    42.83744029  2336.57025751]
y_pt_sigma_dt_data:
[ 321.67105099  315.44656574  310.6498279   310.12780308  308.73449421
  311.27513628  309.24731291  308.43680508  307.92851594  306.00729059
  300.21919649  305.76187396  295.15416706  299.49305187  294.77428728
  284.00689018  282.15954953  286.08433684  303.09522859]
ey_pt_sigma_dt_data:
[  1.70904824   1.21956025   1.16047824   1.47173761   1.9449718
   2.46132007   2.82780852   3.68232203   4.03053195   5.17716226
   5.69277875   5.03635539   5.2765228    7.08720101   7.03200332
   5.76389596   6.7636694    7.9338935   13.38911029]
y_pt_sigma_dt_MC:
[ 177.73568404  168.99989631  165.13442322  164.10995556  163.03841609
  158.13165825  161.99417088  155.67942654  162.16363615  158.43922929
  156.10814224  149.36582933  134.49994657  157.96935263  152.93644518
  138.6775265   148.40771874  123.73110428  123.57775305]
ey_pt_sigma_dt_MC:
[  3.9101926    2.87802614   2.96663214   3.79321583   4.69093954
   4.49357457  10.57997313   7.25463682  11.31038437   5.61124183
   9.04393574  11.45278251   3.15848386   8.04110712  18.36668327
   9.96615524   6.3357966    5.98594922  19.23609763]
y_pt_sigma_dt_MC_corr:
[ 392.501624    377.80617659  370.74777772  370.47359393  361.36684642
  370.64631842  348.43212959  381.6811514   395.46982156  392.08115324
  402.66040865  317.37160024  373.51064385  420.31223596  358.50397461
  301.83858393  365.03794737  268.2191843   362.86082328]
ey_pt_sigma_dt_MC_corr:
[   1.78573079    1.53383901    1.272545      1.68091586   14.56144696
    2.64123824    3.26761965   31.99880859    5.36727808    7.26206039
    8.11168614    5.96924863    7.67750447   12.86434136  142.82627304
    7.62798258   56.57585366   13.73882617   31.20554068]
y_pt_sigma_dt_diff:
[ 268.10873105  266.35609788  263.123427    263.14858299  262.17448922
  268.11674532  263.42321299  266.26524159  261.76884084  261.79662435
  256.44066344  266.79612553  262.72751418  254.44404443  251.99667494
  247.8476494   239.97741646  257.94352409  276.75848053]
ey_pt_sigma_dt_diff:
[  3.30511096   2.32822629   2.31161881   2.9333425    3.70885962
   3.89733491   7.30422404   6.01549515   8.46010078   6.93918879
   8.64451846   8.62709382   6.14434224   9.72168813  13.8532204
   8.64401602   8.86541004   9.25608549  16.99370855]
y_pt_sigma_time_data:
[ 405.59583533  403.43218461  399.47840302  397.38828881  395.33754962
  395.97976798  397.94646637  395.10193784  395.89169142  398.64528578
  388.5856907   393.67346497  388.68488128  382.34736815  390.83649316
  383.61924472  388.76662085  400.34638815  392.62243622]
ey_pt_sigma_time_data:
[  4.07133952   3.23059567   2.99804203   3.9009971    4.77608948
   6.05737718   7.90532218   7.82623713  10.31468721   8.85575854
  11.30269199  11.86526971  14.21186583  15.35841935  18.69167741
  17.779247    15.35619282  13.56117626  10.4956355 ]
y_pt_sigma_time_MC:
[ 263.31870177  264.98813374  258.94148654  258.3954502   254.71355887
  255.50846659  259.21704059  254.63038449  252.18327166  241.80135001
 -113.39860985  251.7602741   247.50279974  249.02033105  245.72985168
  213.57940894  274.00730649  240.18672066 -143.19868562]
ey_pt_sigma_time_MC:
[   21.51029299     5.95324365     6.9315322     43.33934799    37.60303687
    45.49027037     8.18191939    45.07174926    75.75196115    58.00376839
    -4.79973381   132.44019311    38.97703562    21.57215523    19.74867025
    11.22950861    13.18382833    71.18383355 -2328.07114774]
y_pt_sigma_time_MC_corr:
[ 392.501624    377.80617659  370.74777772  370.47359393  361.36684642
  370.64631842  348.43212959  381.6811514   395.46982156  392.08115324
  402.66040865  317.37160024  373.51064385  420.31223596  358.50397461
  301.83858393  365.03794737  268.2191843   362.86082328]
ey_pt_sigma_time_MC_corr:
[   1.78573079    1.53383901    1.272545      1.68091586   14.56144696
    2.64123824    3.26761965   31.99880859    5.36727808    7.26206039
    8.11168614    5.96924863    7.67750447   12.86434136  142.82627304
    7.62798258   56.57585366   13.73882617   31.20554068]
y_pt_sigma_time_diff:
[ 308.4983678   304.20193385  304.19122445  301.90932976  302.34546643
  302.51512383  301.94025231  302.10744542  305.17835577  316.93874961
  371.67135254  302.64758616  299.69701543  290.13511448  303.92433989
  318.6652805   275.78883495  320.2929436   365.57696024]
ey_pt_sigma_time_diff:
[  19.1244743     6.7267373     7.09341107   37.44659814   32.28870035
   39.23129841   12.56557719   39.34329237   64.01156069   45.63301332
   11.90745744  111.24745083   37.09253388   27.43096818   28.85696381
   22.6879656    25.30145392   56.0071996   911.98908058]
 FCN=7.17161 FROM MIGRAD    STATUS=CONVERGED      42 CALLS          43 TOTAL
                     EDM=1.04637e-07    STRATEGY= 1      ERROR MATRIX ACCURATE 
  EXT PARAMETER                                   STEP         FIRST   
  NO.   NAME      VALUE            ERROR          SIZE      DERIVATIVE 
   1  p0           6.17252e+07   1.19235e+07   2.94329e+01   3.59476e-11
   2  p1           7.92449e+04   2.45382e+03   1.21285e+00   3.38705e-07
 FCN=21.8153 FROM MIGRAD    STATUS=CONVERGED      48 CALLS          49 TOTAL
                     EDM=9.01438e-10    STRATEGY= 1      ERROR MATRIX ACCURATE 
  EXT PARAMETER                                   STEP         FIRST   
  NO.   NAME      VALUE            ERROR          SIZE      DERIVATIVE 
   1  p0           3.87202e+07   9.22922e+06   1.84632e+01  -1.03805e-11
   2  p1           1.50660e+04   1.36978e+03   1.33380e+00  -7.34729e-08
 FCN=1.8978 FROM MIGRAD    STATUS=CONVERGED      47 CALLS          48 TOTAL
                     EDM=5.79585e-07    STRATEGY= 1      ERROR MATRIX ACCURATE 
  EXT PARAMETER                                   STEP         FIRST   
  NO.   NAME      VALUE            ERROR          SIZE      DERIVATIVE 
   1  p0           1.62041e+07   2.50742e+07   7.72671e+00   9.01173e-11
   2  p1           1.52265e+05   5.15159e+03   1.87699e+00   3.74754e-07
 FCN=8.70116e+08 FROM MIGRAD    STATUS=FAILED        633 CALLS         634 TOTAL
                     EDM=1.61792e+12    STRATEGY= 1      ERR MATRIX NOT POS-DEF
  EXT PARAMETER                APPROXIMATE        STEP         FIRST   
  NO.   NAME      VALUE            ERROR          SIZE      DERIVATIVE 
   1  p0           1.72726e+02   1.00000e+00   0.00000e+00  -4.51899e+06
   2  p1          -4.16602e-04   1.00000e+00  -0.00000e+00   2.11680e+11
